{"C:\\Users\\mahla\\critical_projects\\wits_quest\\frontend\\src\\App.tsx": {"path":"C:\\Users\\mahla\\critical_projects\\wits_quest\\frontend\\src\\App.tsx","statementMap":{"0":{"start":{"line":21,"column":56},"end":{"line":26,"column":null}},"1":{"start":{"line":31,"column":45},"end":{"line":31,"column":53}},"2":{"start":{"line":32,"column":30},"end":{"line":32,"column":null}},"3":{"start":{"line":33,"column":36},"end":{"line":33,"column":null}},"4":{"start":{"line":34,"column":40},"end":{"line":34,"column":null}},"5":{"start":{"line":35,"column":46},"end":{"line":35,"column":null}},"6":{"start":{"line":36,"column":40},"end":{"line":36,"column":null}},"7":{"start":{"line":38,"column":2},"end":{"line":42,"column":null}},"8":{"start":{"line":39,"column":4},"end":{"line":41,"column":null}},"9":{"start":{"line":40,"column":6},"end":{"line":40,"column":null}},"10":{"start":{"line":44,"column":2},"end":{"line":46,"column":null}},"11":{"start":{"line":45,"column":4},"end":{"line":45,"column":null}},"12":{"start":{"line":48,"column":2},"end":{"line":64,"column":null}},"13":{"start":{"line":49,"column":4},"end":{"line":62,"column":null}},"14":{"start":{"line":66,"column":2},"end":{"line":68,"column":null}},"15":{"start":{"line":67,"column":4},"end":{"line":67,"column":null}},"16":{"start":{"line":70,"column":2},"end":{"line":146,"column":null}},"17":{"start":{"line":86,"column":31},"end":{"line":86,"column":null}},"18":{"start":{"line":97,"column":60},"end":{"line":97,"column":90}},"19":{"start":{"line":99,"column":75},"end":{"line":99,"column":100}},"20":{"start":{"line":101,"column":65},"end":{"line":101,"column":90}},"21":{"start":{"line":110,"column":31},"end":{"line":110,"column":null}},"22":{"start":{"line":117,"column":29},"end":{"line":117,"column":null}},"23":{"start":{"line":118,"column":34},"end":{"line":118,"column":null}},"24":{"start":{"line":118,"column":56},"end":{"line":118,"column":61}},"25":{"start":{"line":151,"column":2},"end":{"line":154,"column":null}}},"fnMap":{"0":{"name":"AppContent","decl":{"start":{"line":30,"column":9},"end":{"line":30,"column":22}},"loc":{"start":{"line":30,"column":22},"end":{"line":148,"column":null}},"line":30},"1":{"name":"(anonymous_1)","decl":{"start":{"line":38,"column":2},"end":{"line":38,"column":18}},"loc":{"start":{"line":38,"column":18},"end":{"line":42,"column":5}},"line":38},"2":{"name":"(anonymous_2)","decl":{"start":{"line":86,"column":12},"end":{"line":86,"column":25}},"loc":{"start":{"line":86,"column":31},"end":{"line":86,"column":null}},"line":86},"3":{"name":"(anonymous_3)","decl":{"start":{"line":97,"column":27},"end":{"line":97,"column":42}},"loc":{"start":{"line":97,"column":60},"end":{"line":97,"column":90}},"line":97},"4":{"name":"(anonymous_4)","decl":{"start":{"line":99,"column":56},"end":{"line":99,"column":69}},"loc":{"start":{"line":99,"column":75},"end":{"line":99,"column":100}},"line":99},"5":{"name":"(anonymous_5)","decl":{"start":{"line":101,"column":46},"end":{"line":101,"column":59}},"loc":{"start":{"line":101,"column":65},"end":{"line":101,"column":90}},"line":101},"6":{"name":"(anonymous_6)","decl":{"start":{"line":110,"column":12},"end":{"line":110,"column":25}},"loc":{"start":{"line":110,"column":31},"end":{"line":110,"column":null}},"line":110},"7":{"name":"(anonymous_7)","decl":{"start":{"line":117,"column":14},"end":{"line":117,"column":29}},"loc":{"start":{"line":117,"column":29},"end":{"line":117,"column":null}},"line":117},"8":{"name":"(anonymous_8)","decl":{"start":{"line":118,"column":14},"end":{"line":118,"column":34}},"loc":{"start":{"line":118,"column":34},"end":{"line":118,"column":null}},"line":118},"9":{"name":"(anonymous_9)","decl":{"start":{"line":118,"column":34},"end":{"line":118,"column":50}},"loc":{"start":{"line":118,"column":56},"end":{"line":118,"column":61}},"line":118},"10":{"name":"App","decl":{"start":{"line":150,"column":24},"end":{"line":150,"column":30}},"loc":{"start":{"line":150,"column":30},"end":{"line":156,"column":null}},"line":150}},"branchMap":{"0":{"loc":{"start":{"line":39,"column":4},"end":{"line":41,"column":null}},"type":"if","locations":[{"start":{"line":39,"column":4},"end":{"line":41,"column":null}},{"start":{},"end":{}}],"line":39},"1":{"loc":{"start":{"line":39,"column":8},"end":{"line":39,"column":51}},"type":"binary-expr","locations":[{"start":{"line":39,"column":8},"end":{"line":39,"column":20}},{"start":{"line":39,"column":20},"end":{"line":39,"column":51}}],"line":39},"2":{"loc":{"start":{"line":44,"column":2},"end":{"line":46,"column":null}},"type":"if","locations":[{"start":{"line":44,"column":2},"end":{"line":46,"column":null}},{"start":{},"end":{}}],"line":44},"3":{"loc":{"start":{"line":44,"column":6},"end":{"line":44,"column":50}},"type":"binary-expr","locations":[{"start":{"line":44,"column":6},"end":{"line":44,"column":19}},{"start":{"line":44,"column":19},"end":{"line":44,"column":50}}],"line":44},"4":{"loc":{"start":{"line":48,"column":2},"end":{"line":64,"column":null}},"type":"if","locations":[{"start":{"line":48,"column":2},"end":{"line":64,"column":null}},{"start":{},"end":{}}],"line":48},"5":{"loc":{"start":{"line":66,"column":2},"end":{"line":68,"column":null}},"type":"if","locations":[{"start":{"line":66,"column":2},"end":{"line":68,"column":null}},{"start":{},"end":{}}],"line":66},"6":{"loc":{"start":{"line":75,"column":7},"end":{"line":146,"column":null}},"type":"cond-expr","locations":[{"start":{"line":77,"column":8},"end":{"line":89,"column":null}},{"start":{"line":92,"column":8},"end":{"line":146,"column":null}}],"line":75},"7":{"loc":{"start":{"line":79,"column":13},"end":{"line":79,"column":null}},"type":"binary-expr","locations":[{"start":{"line":79,"column":13},"end":{"line":79,"column":41}},{"start":{"line":79,"column":41},"end":{"line":79,"column":null}}],"line":79},"8":{"loc":{"start":{"line":80,"column":13},"end":{"line":80,"column":null}},"type":"binary-expr","locations":[{"start":{"line":80,"column":13},"end":{"line":80,"column":42}},{"start":{"line":80,"column":42},"end":{"line":80,"column":null}}],"line":80},"9":{"loc":{"start":{"line":81,"column":13},"end":{"line":81,"column":null}},"type":"binary-expr","locations":[{"start":{"line":81,"column":13},"end":{"line":81,"column":44}},{"start":{"line":81,"column":44},"end":{"line":81,"column":null}}],"line":81},"10":{"loc":{"start":{"line":82,"column":13},"end":{"line":82,"column":null}},"type":"binary-expr","locations":[{"start":{"line":82,"column":13},"end":{"line":82,"column":43}},{"start":{"line":82,"column":43},"end":{"line":82,"column":null}}],"line":82},"11":{"loc":{"start":{"line":96,"column":13},"end":{"line":97,"column":null}},"type":"binary-expr","locations":[{"start":{"line":96,"column":13},"end":{"line":96,"column":null}},{"start":{"line":97,"column":14},"end":{"line":97,"column":null}}],"line":96},"12":{"loc":{"start":{"line":99,"column":13},"end":{"line":99,"column":null}},"type":"binary-expr","locations":[{"start":{"line":99,"column":13},"end":{"line":99,"column":40}},{"start":{"line":99,"column":40},"end":{"line":99,"column":null}}],"line":99},"13":{"loc":{"start":{"line":100,"column":13},"end":{"line":100,"column":null}},"type":"binary-expr","locations":[{"start":{"line":100,"column":13},"end":{"line":100,"column":36}},{"start":{"line":100,"column":36},"end":{"line":100,"column":null}}],"line":100},"14":{"loc":{"start":{"line":101,"column":13},"end":{"line":101,"column":null}},"type":"binary-expr","locations":[{"start":{"line":101,"column":13},"end":{"line":101,"column":37}},{"start":{"line":101,"column":37},"end":{"line":101,"column":null}}],"line":101},"15":{"loc":{"start":{"line":102,"column":13},"end":{"line":102,"column":null}},"type":"binary-expr","locations":[{"start":{"line":102,"column":13},"end":{"line":102,"column":41}},{"start":{"line":102,"column":41},"end":{"line":102,"column":null}}],"line":102},"16":{"loc":{"start":{"line":103,"column":13},"end":{"line":103,"column":null}},"type":"binary-expr","locations":[{"start":{"line":103,"column":13},"end":{"line":103,"column":36}},{"start":{"line":103,"column":36},"end":{"line":103,"column":null}}],"line":103},"17":{"loc":{"start":{"line":104,"column":13},"end":{"line":104,"column":null}},"type":"binary-expr","locations":[{"start":{"line":104,"column":13},"end":{"line":104,"column":35}},{"start":{"line":104,"column":35},"end":{"line":104,"column":null}}],"line":104},"18":{"loc":{"start":{"line":114,"column":11},"end":{"line":119,"column":null}},"type":"binary-expr","locations":[{"start":{"line":114,"column":11},"end":{"line":114,"column":null}},{"start":{"line":115,"column":12},"end":{"line":119,"column":null}}],"line":114},"19":{"loc":{"start":{"line":123,"column":11},"end":{"line":142,"column":null}},"type":"binary-expr","locations":[{"start":{"line":123,"column":11},"end":{"line":123,"column":null}},{"start":{"line":124,"column":12},"end":{"line":142,"column":null}}],"line":123},"20":{"loc":{"start":{"line":141,"column":33},"end":{"line":141,"column":60}},"type":"cond-expr","locations":[{"start":{"line":141,"column":51},"end":{"line":141,"column":57}},{"start":{"line":141,"column":57},"end":{"line":141,"column":60}}],"line":141}},"s":{"0":1,"1":0,"2":0,"3":0,"4":0,"5":0,"6":0,"7":0,"8":0,"9":0,"10":0,"11":0,"12":0,"13":0,"14":0,"15":0,"16":0,"17":0,"18":0,"19":0,"20":0,"21":0,"22":0,"23":0,"24":0,"25":0},"f":{"0":0,"1":0,"2":0,"3":0,"4":0,"5":0,"6":0,"7":0,"8":0,"9":0,"10":0},"b":{"0":[0,0],"1":[0,0],"2":[0,0],"3":[0,0],"4":[0,0],"5":[0,0],"6":[0,0],"7":[0,0],"8":[0,0],"9":[0,0],"10":[0,0],"11":[0,0],"12":[0,0],"13":[0,0],"14":[0,0],"15":[0,0],"16":[0,0],"17":[0,0],"18":[0,0],"19":[0,0],"20":[0,0]},"meta":{"lastBranch":21,"lastFunction":11,"lastStatement":26,"seen":{"s:21:56:26:Infinity":0,"f:30:9:30:22":0,"s:31:45:31:53":1,"s:32:30:32:Infinity":2,"s:33:36:33:Infinity":3,"s:34:40:34:Infinity":4,"s:35:46:35:Infinity":5,"s:36:40:36:Infinity":6,"s:38:2:42:Infinity":7,"f:38:2:38:18":1,"b:39:4:41:Infinity:undefined:undefined:undefined:undefined":0,"s:39:4:41:Infinity":8,"b:39:8:39:20:39:20:39:51":1,"s:40:6:40:Infinity":9,"b:44:2:46:Infinity:undefined:undefined:undefined:undefined":2,"s:44:2:46:Infinity":10,"b:44:6:44:19:44:19:44:50":3,"s:45:4:45:Infinity":11,"b:48:2:64:Infinity:undefined:undefined:undefined:undefined":4,"s:48:2:64:Infinity":12,"s:49:4:62:Infinity":13,"b:66:2:68:Infinity:undefined:undefined:undefined:undefined":5,"s:66:2:68:Infinity":14,"s:67:4:67:Infinity":15,"s:70:2:146:Infinity":16,"b:77:8:89:Infinity:92:8:146:Infinity":6,"b:79:13:79:41:79:41:79:Infinity":7,"b:80:13:80:42:80:42:80:Infinity":8,"b:81:13:81:44:81:44:81:Infinity":9,"b:82:13:82:43:82:43:82:Infinity":10,"f:86:12:86:25":2,"s:86:31:86:Infinity":17,"b:96:13:96:Infinity:97:14:97:Infinity":11,"f:97:27:97:42":3,"s:97:60:97:90":18,"b:99:13:99:40:99:40:99:Infinity":12,"f:99:56:99:69":4,"s:99:75:99:100":19,"b:100:13:100:36:100:36:100:Infinity":13,"b:101:13:101:37:101:37:101:Infinity":14,"f:101:46:101:59":5,"s:101:65:101:90":20,"b:102:13:102:41:102:41:102:Infinity":15,"b:103:13:103:36:103:36:103:Infinity":16,"b:104:13:104:35:104:35:104:Infinity":17,"f:110:12:110:25":6,"s:110:31:110:Infinity":21,"b:114:11:114:Infinity:115:12:119:Infinity":18,"f:117:14:117:29":7,"s:117:29:117:Infinity":22,"f:118:14:118:34":8,"s:118:34:118:Infinity":23,"f:118:34:118:50":9,"s:118:56:118:61":24,"b:123:11:123:Infinity:124:12:142:Infinity":19,"b:141:51:141:57:141:57:141:60":20,"f:150:24:150:30":10,"s:151:2:154:Infinity":25},"fnNames":{}}}
,"C:\\Users\\mahla\\critical_projects\\wits_quest\\frontend\\src\\components\\BottomNav.tsx": {"path":"C:\\Users\\mahla\\critical_projects\\wits_quest\\frontend\\src\\components\\BottomNav.tsx","statementMap":{"0":{"start":{"line":9,"column":25},"end":{"line":14,"column":null}},"1":{"start":{"line":16,"column":24},"end":{"line":21,"column":null}},"2":{"start":{"line":24,"column":16},"end":{"line":24,"column":null}},"3":{"start":{"line":26,"column":2},"end":{"line":73,"column":null}},"4":{"start":{"line":36,"column":25},"end":{"line":36,"column":null}},"5":{"start":{"line":37,"column":8},"end":{"line":70,"column":null}},"6":{"start":{"line":40,"column":27},"end":{"line":40,"column":null}}},"fnMap":{"0":{"name":"BottomNav","decl":{"start":{"line":23,"column":24},"end":{"line":23,"column":34}},"loc":{"start":{"line":23,"column":93},"end":{"line":75,"column":null}},"line":23},"1":{"name":"(anonymous_1)","decl":{"start":{"line":35,"column":13},"end":{"line":35,"column":18}},"loc":{"start":{"line":35,"column":27},"end":{"line":72,"column":7}},"line":35},"2":{"name":"(anonymous_2)","decl":{"start":{"line":40,"column":12},"end":{"line":40,"column":27}},"loc":{"start":{"line":40,"column":27},"end":{"line":40,"column":null}},"line":40}},"branchMap":{"0":{"loc":{"start":{"line":23,"column":56},"end":{"line":23,"column":93}},"type":"default-arg","locations":[{"start":{"line":23,"column":68},"end":{"line":23,"column":93}}],"line":23},"1":{"loc":{"start":{"line":24,"column":16},"end":{"line":24,"column":null}},"type":"cond-expr","locations":[{"start":{"line":24,"column":28},"end":{"line":24,"column":46}},{"start":{"line":24,"column":46},"end":{"line":24,"column":null}}],"line":24},"2":{"loc":{"start":{"line":43,"column":21},"end":{"line":43,"column":null}},"type":"cond-expr","locations":[{"start":{"line":43,"column":32},"end":{"line":43,"column":44}},{"start":{"line":43,"column":44},"end":{"line":43,"column":null}}],"line":43},"3":{"loc":{"start":{"line":50,"column":13},"end":{"line":62,"column":null}},"type":"binary-expr","locations":[{"start":{"line":50,"column":13},"end":{"line":50,"column":null}},{"start":{"line":51,"column":14},"end":{"line":62,"column":null}}],"line":50},"4":{"loc":{"start":{"line":64,"column":37},"end":{"line":64,"column":75}},"type":"cond-expr","locations":[{"start":{"line":64,"column":48},"end":{"line":64,"column":63}},{"start":{"line":64,"column":63},"end":{"line":64,"column":75}}],"line":64},"5":{"loc":{"start":{"line":67,"column":53},"end":{"line":67,"column":75}},"type":"cond-expr","locations":[{"start":{"line":67,"column":64},"end":{"line":67,"column":70}},{"start":{"line":67,"column":70},"end":{"line":67,"column":75}}],"line":67}},"s":{"0":2,"1":2,"2":3,"3":3,"4":12,"5":12,"6":1},"f":{"0":3,"1":12,"2":1},"b":{"0":[3],"1":[0,3],"2":[3,9],"3":[12,3],"4":[3,9],"5":[3,9]},"meta":{"lastBranch":6,"lastFunction":3,"lastStatement":7,"seen":{"s:9:25:14:Infinity":0,"s:16:24:21:Infinity":1,"f:23:24:23:34":0,"b:23:68:23:93":0,"s:24:16:24:Infinity":2,"b:24:28:24:46:24:46:24:Infinity":1,"s:26:2:73:Infinity":3,"f:35:13:35:18":1,"s:36:25:36:Infinity":4,"s:37:8:70:Infinity":5,"f:40:12:40:27":2,"s:40:27:40:Infinity":6,"b:43:32:43:44:43:44:43:Infinity":2,"b:50:13:50:Infinity:51:14:62:Infinity":3,"b:64:48:64:63:64:63:64:75":4,"b:67:64:67:70:67:70:67:75":5},"fnNames":{}}}
,"C:\\Users\\mahla\\critical_projects\\wits_quest\\frontend\\src\\components\\IconSet.tsx": {"path":"C:\\Users\\mahla\\critical_projects\\wits_quest\\frontend\\src\\components\\IconSet.tsx","statementMap":{"0":{"start":{"line":10,"column":2},"end":{"line":13,"column":null}},"1":{"start":{"line":18,"column":2},"end":{"line":22,"column":null}},"2":{"start":{"line":27,"column":2},"end":{"line":30,"column":null}},"3":{"start":{"line":35,"column":2},"end":{"line":38,"column":null}},"4":{"start":{"line":43,"column":2},"end":{"line":47,"column":null}},"5":{"start":{"line":52,"column":2},"end":{"line":60,"column":null}},"6":{"start":{"line":65,"column":2},"end":{"line":69,"column":null}},"7":{"start":{"line":74,"column":2},"end":{"line":78,"column":null}},"8":{"start":{"line":83,"column":2},"end":{"line":86,"column":null}},"9":{"start":{"line":91,"column":2},"end":{"line":95,"column":null}},"10":{"start":{"line":100,"column":2},"end":{"line":104,"column":null}},"11":{"start":{"line":109,"column":2},"end":{"line":116,"column":null}}},"fnMap":{"0":{"name":"IconFlame","decl":{"start":{"line":9,"column":16},"end":{"line":9,"column":26}},"loc":{"start":{"line":9,"column":87},"end":{"line":15,"column":null}},"line":9},"1":{"name":"IconSwords","decl":{"start":{"line":17,"column":16},"end":{"line":17,"column":27}},"loc":{"start":{"line":17,"column":88},"end":{"line":24,"column":null}},"line":17},"2":{"name":"IconShield","decl":{"start":{"line":26,"column":16},"end":{"line":26,"column":27}},"loc":{"start":{"line":26,"column":88},"end":{"line":32,"column":null}},"line":26},"3":{"name":"IconZap","decl":{"start":{"line":34,"column":16},"end":{"line":34,"column":24}},"loc":{"start":{"line":34,"column":85},"end":{"line":40,"column":null}},"line":34},"4":{"name":"IconBrain","decl":{"start":{"line":42,"column":16},"end":{"line":42,"column":26}},"loc":{"start":{"line":42,"column":87},"end":{"line":49,"column":null}},"line":42},"5":{"name":"IconTrophy","decl":{"start":{"line":51,"column":16},"end":{"line":51,"column":27}},"loc":{"start":{"line":51,"column":88},"end":{"line":62,"column":null}},"line":51},"6":{"name":"IconMapPin","decl":{"start":{"line":64,"column":16},"end":{"line":64,"column":27}},"loc":{"start":{"line":64,"column":88},"end":{"line":71,"column":null}},"line":64},"7":{"name":"IconCards","decl":{"start":{"line":73,"column":16},"end":{"line":73,"column":26}},"loc":{"start":{"line":73,"column":87},"end":{"line":80,"column":null}},"line":73},"8":{"name":"IconRefresh","decl":{"start":{"line":82,"column":16},"end":{"line":82,"column":28}},"loc":{"start":{"line":82,"column":89},"end":{"line":88,"column":null}},"line":82},"9":{"name":"IconSettings","decl":{"start":{"line":90,"column":16},"end":{"line":90,"column":29}},"loc":{"start":{"line":90,"column":90},"end":{"line":97,"column":null}},"line":90},"10":{"name":"IconLock","decl":{"start":{"line":99,"column":16},"end":{"line":99,"column":25}},"loc":{"start":{"line":99,"column":86},"end":{"line":106,"column":null}},"line":99},"11":{"name":"IconSparkles","decl":{"start":{"line":108,"column":16},"end":{"line":108,"column":29}},"loc":{"start":{"line":108,"column":90},"end":{"line":118,"column":null}},"line":108}},"branchMap":{"0":{"loc":{"start":{"line":9,"column":28},"end":{"line":9,"column":39}},"type":"default-arg","locations":[{"start":{"line":9,"column":35},"end":{"line":9,"column":39}}],"line":9},"1":{"loc":{"start":{"line":9,"column":39},"end":{"line":9,"column":58}},"type":"default-arg","locations":[{"start":{"line":9,"column":47},"end":{"line":9,"column":58}}],"line":9},"2":{"loc":{"start":{"line":9,"column":58},"end":{"line":9,"column":87}},"type":"default-arg","locations":[{"start":{"line":9,"column":70},"end":{"line":9,"column":87}}],"line":9},"3":{"loc":{"start":{"line":17,"column":29},"end":{"line":17,"column":40}},"type":"default-arg","locations":[{"start":{"line":17,"column":36},"end":{"line":17,"column":40}}],"line":17},"4":{"loc":{"start":{"line":17,"column":40},"end":{"line":17,"column":59}},"type":"default-arg","locations":[{"start":{"line":17,"column":48},"end":{"line":17,"column":59}}],"line":17},"5":{"loc":{"start":{"line":17,"column":59},"end":{"line":17,"column":88}},"type":"default-arg","locations":[{"start":{"line":17,"column":71},"end":{"line":17,"column":88}}],"line":17},"6":{"loc":{"start":{"line":26,"column":29},"end":{"line":26,"column":40}},"type":"default-arg","locations":[{"start":{"line":26,"column":36},"end":{"line":26,"column":40}}],"line":26},"7":{"loc":{"start":{"line":26,"column":40},"end":{"line":26,"column":59}},"type":"default-arg","locations":[{"start":{"line":26,"column":48},"end":{"line":26,"column":59}}],"line":26},"8":{"loc":{"start":{"line":26,"column":59},"end":{"line":26,"column":88}},"type":"default-arg","locations":[{"start":{"line":26,"column":71},"end":{"line":26,"column":88}}],"line":26},"9":{"loc":{"start":{"line":34,"column":26},"end":{"line":34,"column":37}},"type":"default-arg","locations":[{"start":{"line":34,"column":33},"end":{"line":34,"column":37}}],"line":34},"10":{"loc":{"start":{"line":34,"column":37},"end":{"line":34,"column":56}},"type":"default-arg","locations":[{"start":{"line":34,"column":45},"end":{"line":34,"column":56}}],"line":34},"11":{"loc":{"start":{"line":34,"column":56},"end":{"line":34,"column":85}},"type":"default-arg","locations":[{"start":{"line":34,"column":68},"end":{"line":34,"column":85}}],"line":34},"12":{"loc":{"start":{"line":42,"column":28},"end":{"line":42,"column":39}},"type":"default-arg","locations":[{"start":{"line":42,"column":35},"end":{"line":42,"column":39}}],"line":42},"13":{"loc":{"start":{"line":42,"column":39},"end":{"line":42,"column":58}},"type":"default-arg","locations":[{"start":{"line":42,"column":47},"end":{"line":42,"column":58}}],"line":42},"14":{"loc":{"start":{"line":42,"column":58},"end":{"line":42,"column":87}},"type":"default-arg","locations":[{"start":{"line":42,"column":70},"end":{"line":42,"column":87}}],"line":42},"15":{"loc":{"start":{"line":51,"column":29},"end":{"line":51,"column":40}},"type":"default-arg","locations":[{"start":{"line":51,"column":36},"end":{"line":51,"column":40}}],"line":51},"16":{"loc":{"start":{"line":51,"column":40},"end":{"line":51,"column":59}},"type":"default-arg","locations":[{"start":{"line":51,"column":48},"end":{"line":51,"column":59}}],"line":51},"17":{"loc":{"start":{"line":51,"column":59},"end":{"line":51,"column":88}},"type":"default-arg","locations":[{"start":{"line":51,"column":71},"end":{"line":51,"column":88}}],"line":51},"18":{"loc":{"start":{"line":64,"column":29},"end":{"line":64,"column":40}},"type":"default-arg","locations":[{"start":{"line":64,"column":36},"end":{"line":64,"column":40}}],"line":64},"19":{"loc":{"start":{"line":64,"column":40},"end":{"line":64,"column":59}},"type":"default-arg","locations":[{"start":{"line":64,"column":48},"end":{"line":64,"column":59}}],"line":64},"20":{"loc":{"start":{"line":64,"column":59},"end":{"line":64,"column":88}},"type":"default-arg","locations":[{"start":{"line":64,"column":71},"end":{"line":64,"column":88}}],"line":64},"21":{"loc":{"start":{"line":73,"column":28},"end":{"line":73,"column":39}},"type":"default-arg","locations":[{"start":{"line":73,"column":35},"end":{"line":73,"column":39}}],"line":73},"22":{"loc":{"start":{"line":73,"column":39},"end":{"line":73,"column":58}},"type":"default-arg","locations":[{"start":{"line":73,"column":47},"end":{"line":73,"column":58}}],"line":73},"23":{"loc":{"start":{"line":73,"column":58},"end":{"line":73,"column":87}},"type":"default-arg","locations":[{"start":{"line":73,"column":70},"end":{"line":73,"column":87}}],"line":73},"24":{"loc":{"start":{"line":82,"column":30},"end":{"line":82,"column":41}},"type":"default-arg","locations":[{"start":{"line":82,"column":37},"end":{"line":82,"column":41}}],"line":82},"25":{"loc":{"start":{"line":82,"column":41},"end":{"line":82,"column":60}},"type":"default-arg","locations":[{"start":{"line":82,"column":49},"end":{"line":82,"column":60}}],"line":82},"26":{"loc":{"start":{"line":82,"column":60},"end":{"line":82,"column":89}},"type":"default-arg","locations":[{"start":{"line":82,"column":72},"end":{"line":82,"column":89}}],"line":82},"27":{"loc":{"start":{"line":90,"column":31},"end":{"line":90,"column":42}},"type":"default-arg","locations":[{"start":{"line":90,"column":38},"end":{"line":90,"column":42}}],"line":90},"28":{"loc":{"start":{"line":90,"column":42},"end":{"line":90,"column":61}},"type":"default-arg","locations":[{"start":{"line":90,"column":50},"end":{"line":90,"column":61}}],"line":90},"29":{"loc":{"start":{"line":90,"column":61},"end":{"line":90,"column":90}},"type":"default-arg","locations":[{"start":{"line":90,"column":73},"end":{"line":90,"column":90}}],"line":90},"30":{"loc":{"start":{"line":99,"column":27},"end":{"line":99,"column":38}},"type":"default-arg","locations":[{"start":{"line":99,"column":34},"end":{"line":99,"column":38}}],"line":99},"31":{"loc":{"start":{"line":99,"column":38},"end":{"line":99,"column":57}},"type":"default-arg","locations":[{"start":{"line":99,"column":46},"end":{"line":99,"column":57}}],"line":99},"32":{"loc":{"start":{"line":99,"column":57},"end":{"line":99,"column":86}},"type":"default-arg","locations":[{"start":{"line":99,"column":69},"end":{"line":99,"column":86}}],"line":99},"33":{"loc":{"start":{"line":108,"column":31},"end":{"line":108,"column":42}},"type":"default-arg","locations":[{"start":{"line":108,"column":38},"end":{"line":108,"column":42}}],"line":108},"34":{"loc":{"start":{"line":108,"column":42},"end":{"line":108,"column":61}},"type":"default-arg","locations":[{"start":{"line":108,"column":50},"end":{"line":108,"column":61}}],"line":108},"35":{"loc":{"start":{"line":108,"column":61},"end":{"line":108,"column":90}},"type":"default-arg","locations":[{"start":{"line":108,"column":73},"end":{"line":108,"column":90}}],"line":108}},"s":{"0":0,"1":0,"2":0,"3":0,"4":0,"5":0,"6":0,"7":0,"8":0,"9":0,"10":0,"11":0},"f":{"0":0,"1":0,"2":0,"3":0,"4":0,"5":0,"6":0,"7":0,"8":0,"9":0,"10":0,"11":0},"b":{"0":[0],"1":[0],"2":[0],"3":[0],"4":[0],"5":[0],"6":[0],"7":[0],"8":[0],"9":[0],"10":[0],"11":[0],"12":[0],"13":[0],"14":[0],"15":[0],"16":[0],"17":[0],"18":[0],"19":[0],"20":[0],"21":[0],"22":[0],"23":[0],"24":[0],"25":[0],"26":[0],"27":[0],"28":[0],"29":[0],"30":[0],"31":[0],"32":[0],"33":[0],"34":[0],"35":[0]},"meta":{"lastBranch":36,"lastFunction":12,"lastStatement":12,"seen":{"f:9:16:9:26":0,"b:9:35:9:39":0,"b:9:47:9:58":1,"b:9:70:9:87":2,"s:10:2:13:Infinity":0,"f:17:16:17:27":1,"b:17:36:17:40":3,"b:17:48:17:59":4,"b:17:71:17:88":5,"s:18:2:22:Infinity":1,"f:26:16:26:27":2,"b:26:36:26:40":6,"b:26:48:26:59":7,"b:26:71:26:88":8,"s:27:2:30:Infinity":2,"f:34:16:34:24":3,"b:34:33:34:37":9,"b:34:45:34:56":10,"b:34:68:34:85":11,"s:35:2:38:Infinity":3,"f:42:16:42:26":4,"b:42:35:42:39":12,"b:42:47:42:58":13,"b:42:70:42:87":14,"s:43:2:47:Infinity":4,"f:51:16:51:27":5,"b:51:36:51:40":15,"b:51:48:51:59":16,"b:51:71:51:88":17,"s:52:2:60:Infinity":5,"f:64:16:64:27":6,"b:64:36:64:40":18,"b:64:48:64:59":19,"b:64:71:64:88":20,"s:65:2:69:Infinity":6,"f:73:16:73:26":7,"b:73:35:73:39":21,"b:73:47:73:58":22,"b:73:70:73:87":23,"s:74:2:78:Infinity":7,"f:82:16:82:28":8,"b:82:37:82:41":24,"b:82:49:82:60":25,"b:82:72:82:89":26,"s:83:2:86:Infinity":8,"f:90:16:90:29":9,"b:90:38:90:42":27,"b:90:50:90:61":28,"b:90:73:90:90":29,"s:91:2:95:Infinity":9,"f:99:16:99:25":10,"b:99:34:99:38":30,"b:99:46:99:57":31,"b:99:69:99:86":32,"s:100:2:104:Infinity":10,"f:108:16:108:29":11,"b:108:38:108:42":33,"b:108:50:108:61":34,"b:108:73:108:90":35,"s:109:2:116:Infinity":11},"fnNames":{}}}
,"C:\\Users\\mahla\\critical_projects\\wits_quest\\frontend\\src\\components\\KuduMascot.tsx": {"path":"C:\\Users\\mahla\\critical_projects\\wits_quest\\frontend\\src\\components\\KuduMascot.tsx","statementMap":{"0":{"start":{"line":11,"column":21},"end":{"line":17,"column":null}},"1":{"start":{"line":20,"column":34},"end":{"line":20,"column":null}},"2":{"start":{"line":21,"column":38},"end":{"line":21,"column":null}},"3":{"start":{"line":23,"column":25},"end":{"line":23,"column":null}},"4":{"start":{"line":25,"column":2},"end":{"line":31,"column":null}},"5":{"start":{"line":26,"column":4},"end":{"line":26,"column":null}},"6":{"start":{"line":26,"column":17},"end":{"line":26,"column":null}},"7":{"start":{"line":27,"column":15},"end":{"line":29,"column":null}},"8":{"start":{"line":28,"column":6},"end":{"line":28,"column":null}},"9":{"start":{"line":28,"column":19},"end":{"line":28,"column":54}},"10":{"start":{"line":30,"column":4},"end":{"line":30,"column":null}},"11":{"start":{"line":30,"column":17},"end":{"line":30,"column":null}},"12":{"start":{"line":33,"column":8},"end":{"line":39,"column":null}},"13":{"start":{"line":34,"column":4},"end":{"line":37,"column":null}},"14":{"start":{"line":35,"column":6},"end":{"line":35,"column":null}},"15":{"start":{"line":36,"column":6},"end":{"line":36,"column":null}},"16":{"start":{"line":38,"column":4},"end":{"line":38,"column":null}},"17":{"start":{"line":38,"column":25},"end":{"line":38,"column":27}},"18":{"start":{"line":41,"column":2},"end":{"line":191,"column":null}}},"fnMap":{"0":{"name":"KuduMascot","decl":{"start":{"line":19,"column":24},"end":{"line":19,"column":35}},"loc":{"start":{"line":19,"column":124},"end":{"line":193,"column":null}},"line":19},"1":{"name":"(anonymous_1)","decl":{"start":{"line":25,"column":2},"end":{"line":25,"column":18}},"loc":{"start":{"line":25,"column":18},"end":{"line":31,"column":5}},"line":25},"2":{"name":"(anonymous_2)","decl":{"start":{"line":27,"column":15},"end":{"line":27,"column":33}},"loc":{"start":{"line":27,"column":33},"end":{"line":29,"column":7}},"line":27},"3":{"name":"(anonymous_3)","decl":{"start":{"line":28,"column":6},"end":{"line":28,"column":19}},"loc":{"start":{"line":28,"column":19},"end":{"line":28,"column":54}},"line":28},"4":{"name":"(anonymous_4)","decl":{"start":{"line":30,"column":4},"end":{"line":30,"column":17}},"loc":{"start":{"line":30,"column":17},"end":{"line":30,"column":null}},"line":30},"5":{"name":"(anonymous_5)","decl":{"start":{"line":33,"column":8},"end":{"line":33,"column":28}},"loc":{"start":{"line":33,"column":28},"end":{"line":39,"column":null}},"line":33},"6":{"name":"(anonymous_6)","decl":{"start":{"line":38,"column":4},"end":{"line":38,"column":19}},"loc":{"start":{"line":38,"column":25},"end":{"line":38,"column":27}},"line":38}},"branchMap":{"0":{"loc":{"start":{"line":19,"column":46},"end":{"line":19,"column":61}},"type":"default-arg","locations":[{"start":{"line":19,"column":54},"end":{"line":19,"column":61}}],"line":19},"1":{"loc":{"start":{"line":19,"column":70},"end":{"line":19,"column":87}},"type":"default-arg","locations":[{"start":{"line":19,"column":80},"end":{"line":19,"column":87}}],"line":19},"2":{"loc":{"start":{"line":19,"column":87},"end":{"line":19,"column":124}},"type":"default-arg","locations":[{"start":{"line":19,"column":94},"end":{"line":19,"column":124}}],"line":19},"3":{"loc":{"start":{"line":23,"column":25},"end":{"line":23,"column":null}},"type":"binary-expr","locations":[{"start":{"line":23,"column":25},"end":{"line":23,"column":36}},{"start":{"line":23,"column":36},"end":{"line":23,"column":null}}],"line":23},"4":{"loc":{"start":{"line":26,"column":4},"end":{"line":26,"column":null}},"type":"if","locations":[{"start":{"line":26,"column":4},"end":{"line":26,"column":null}},{"start":{},"end":{}}],"line":26},"5":{"loc":{"start":{"line":34,"column":4},"end":{"line":37,"column":null}},"type":"if","locations":[{"start":{"line":34,"column":4},"end":{"line":37,"column":null}},{"start":{},"end":{}}],"line":34},"6":{"loc":{"start":{"line":46,"column":15},"end":{"line":46,"column":null}},"type":"cond-expr","locations":[{"start":{"line":46,"column":25},"end":{"line":46,"column":30}},{"start":{"line":46,"column":30},"end":{"line":46,"column":null}}],"line":46},"7":{"loc":{"start":{"line":47,"column":16},"end":{"line":47,"column":null}},"type":"cond-expr","locations":[{"start":{"line":47,"column":26},"end":{"line":47,"column":31}},{"start":{"line":47,"column":31},"end":{"line":47,"column":null}}],"line":47},"8":{"loc":{"start":{"line":49,"column":16},"end":{"line":49,"column":null}},"type":"cond-expr","locations":[{"start":{"line":49,"column":26},"end":{"line":49,"column":38}},{"start":{"line":49,"column":38},"end":{"line":49,"column":null}}],"line":49},"9":{"loc":{"start":{"line":55,"column":7},"end":{"line":96,"column":7}},"type":"binary-expr","locations":[{"start":{"line":55,"column":7},"end":{"line":55,"column":21}},{"start":{"line":55,"column":21},"end":{"line":55,"column":39}},{"start":{"line":55,"column":39},"end":{"line":55,"column":null}},{"start":{"line":56,"column":8},"end":{"line":96,"column":7}}],"line":55},"10":{"loc":{"start":{"line":103,"column":18},"end":{"line":103,"column":null}},"type":"cond-expr","locations":[{"start":{"line":103,"column":26},"end":{"line":103,"column":75}},{"start":{"line":103,"column":75},"end":{"line":103,"column":null}}],"line":103},"11":{"loc":{"start":{"line":166,"column":9},"end":{"line":180,"column":null}},"type":"cond-expr","locations":[{"start":{"line":167,"column":10},"end":{"line":171,"column":21}},{"start":{"line":171,"column":12},"end":{"line":180,"column":null}}],"line":166},"12":{"loc":{"start":{"line":166,"column":9},"end":{"line":166,"column":null}},"type":"binary-expr","locations":[{"start":{"line":166,"column":9},"end":{"line":166,"column":29}},{"start":{"line":166,"column":29},"end":{"line":166,"column":null}}],"line":166},"13":{"loc":{"start":{"line":171,"column":12},"end":{"line":180,"column":null}},"type":"cond-expr","locations":[{"start":{"line":172,"column":10},"end":{"line":177,"column":null}},{"start":{"line":177,"column":10},"end":{"line":180,"column":null}}],"line":171}},"s":{"0":1,"1":0,"2":0,"3":0,"4":0,"5":0,"6":0,"7":0,"8":0,"9":0,"10":0,"11":0,"12":0,"13":0,"14":0,"15":0,"16":0,"17":0,"18":0},"f":{"0":0,"1":0,"2":0,"3":0,"4":0,"5":0,"6":0},"b":{"0":[0],"1":[0],"2":[0],"3":[0,0],"4":[0,0],"5":[0,0],"6":[0,0],"7":[0,0],"8":[0,0],"9":[0,0,0,0],"10":[0,0],"11":[0,0],"12":[0,0],"13":[0,0]},"meta":{"lastBranch":14,"lastFunction":7,"lastStatement":19,"seen":{"s:11:21:17:Infinity":0,"f:19:24:19:35":0,"b:19:54:19:61":0,"b:19:80:19:87":1,"b:19:94:19:124":2,"s:20:34:20:Infinity":1,"s:21:38:21:Infinity":2,"s:23:25:23:Infinity":3,"b:23:25:23:36:23:36:23:Infinity":3,"s:25:2:31:Infinity":4,"f:25:2:25:18":1,"b:26:4:26:Infinity:undefined:undefined:undefined:undefined":4,"s:26:4:26:Infinity":5,"s:26:17:26:Infinity":6,"s:27:15:29:Infinity":7,"f:27:15:27:33":2,"s:28:6:28:Infinity":8,"f:28:6:28:19":3,"s:28:19:28:54":9,"s:30:4:30:Infinity":10,"f:30:4:30:17":4,"s:30:17:30:Infinity":11,"s:33:8:39:Infinity":12,"f:33:8:33:28":5,"b:34:4:37:Infinity:undefined:undefined:undefined:undefined":5,"s:34:4:37:Infinity":13,"s:35:6:35:Infinity":14,"s:36:6:36:Infinity":15,"s:38:4:38:Infinity":16,"f:38:4:38:19":6,"s:38:25:38:27":17,"s:41:2:191:Infinity":18,"b:46:25:46:30:46:30:46:Infinity":6,"b:47:26:47:31:47:31:47:Infinity":7,"b:49:26:49:38:49:38:49:Infinity":8,"b:55:7:55:21:55:21:55:39:55:39:55:Infinity:56:8:96:7":9,"b:103:26:103:75:103:75:103:Infinity":10,"b:167:10:171:21:171:12:180:Infinity":11,"b:166:9:166:29:166:29:166:Infinity":12,"b:172:10:177:Infinity:177:10:180:Infinity":13},"fnNames":{}}}
,"C:\\Users\\mahla\\critical_projects\\wits_quest\\frontend\\src\\components\\TopBar.tsx": {"path":"C:\\Users\\mahla\\critical_projects\\wits_quest\\frontend\\src\\components\\TopBar.tsx","statementMap":{"0":{"start":{"line":11,"column":40},"end":{"line":11,"column":48}},"1":{"start":{"line":13,"column":2},"end":{"line":13,"column":null}},"2":{"start":{"line":13,"column":13},"end":{"line":13,"column":null}},"3":{"start":{"line":15,"column":20},"end":{"line":15,"column":null}},"4":{"start":{"line":16,"column":20},"end":{"line":16,"column":null}},"5":{"start":{"line":18,"column":2},"end":{"line":109,"column":null}}},"fnMap":{"0":{"name":"TopBar","decl":{"start":{"line":10,"column":24},"end":{"line":10,"column":31}},"loc":{"start":{"line":10,"column":59},"end":{"line":111,"column":null}},"line":10}},"branchMap":{"0":{"loc":{"start":{"line":13,"column":2},"end":{"line":13,"column":null}},"type":"if","locations":[{"start":{"line":13,"column":2},"end":{"line":13,"column":null}},{"start":{},"end":{}}],"line":13},"1":{"loc":{"start":{"line":47,"column":9},"end":{"line":52,"column":null}},"type":"cond-expr","locations":[{"start":{"line":48,"column":10},"end":{"line":52,"column":11}},{"start":{"line":52,"column":10},"end":{"line":52,"column":null}}],"line":47},"2":{"loc":{"start":{"line":52,"column":56},"end":{"line":52,"column":108}},"type":"cond-expr","locations":[{"start":{"line":52,"column":68},"end":{"line":52,"column":94}},{"start":{"line":52,"column":94},"end":{"line":52,"column":108}}],"line":52},"3":{"loc":{"start":{"line":59,"column":15},"end":{"line":59,"column":null}},"type":"binary-expr","locations":[{"start":{"line":59,"column":15},"end":{"line":59,"column":28}},{"start":{"line":59,"column":28},"end":{"line":59,"column":null}}],"line":59},"4":{"loc":{"start":{"line":61,"column":13},"end":{"line":74,"column":null}},"type":"binary-expr","locations":[{"start":{"line":61,"column":13},"end":{"line":61,"column":null}},{"start":{"line":62,"column":14},"end":{"line":74,"column":null}}],"line":61},"5":{"loc":{"start":{"line":77,"column":11},"end":{"line":85,"column":null}},"type":"binary-expr","locations":[{"start":{"line":77,"column":11},"end":{"line":77,"column":null}},{"start":{"line":78,"column":12},"end":{"line":85,"column":null}}],"line":77},"6":{"loc":{"start":{"line":89,"column":11},"end":{"line":105,"column":null}},"type":"binary-expr","locations":[{"start":{"line":89,"column":11},"end":{"line":89,"column":null}},{"start":{"line":90,"column":12},"end":{"line":105,"column":null}}],"line":89}},"s":{"0":0,"1":0,"2":0,"3":0,"4":0,"5":0},"f":{"0":0},"b":{"0":[0,0],"1":[0,0],"2":[0,0],"3":[0,0],"4":[0,0],"5":[0,0],"6":[0,0]},"meta":{"lastBranch":7,"lastFunction":1,"lastStatement":6,"seen":{"f:10:24:10:31":0,"s:11:40:11:48":0,"b:13:2:13:Infinity:undefined:undefined:undefined:undefined":0,"s:13:2:13:Infinity":1,"s:13:13:13:Infinity":2,"s:15:20:15:Infinity":3,"s:16:20:16:Infinity":4,"s:18:2:109:Infinity":5,"b:48:10:52:11:52:10:52:Infinity":1,"b:52:68:52:94:52:94:52:108":2,"b:59:15:59:28:59:28:59:Infinity":3,"b:61:13:61:Infinity:62:14:74:Infinity":4,"b:77:11:77:Infinity:78:12:85:Infinity":5,"b:89:11:89:Infinity:90:12:105:Infinity":6},"fnNames":{}}}
,"C:\\Users\\mahla\\critical_projects\\wits_quest\\frontend\\src\\context\\AuthContext.tsx": {"path":"C:\\Users\\mahla\\critical_projects\\wits_quest\\frontend\\src\\context\\AuthContext.tsx","statementMap":{"0":{"start":{"line":25,"column":20},"end":{"line":25,"column":null}},"1":{"start":{"line":27,"column":17},"end":{"line":27,"column":null}},"2":{"start":{"line":28,"column":20},"end":{"line":28,"column":null}},"3":{"start":{"line":29,"column":18},"end":{"line":29,"column":null}},"4":{"start":{"line":33,"column":2},"end":{"line":33,"column":null}},"5":{"start":{"line":38,"column":16},"end":{"line":38,"column":null}},"6":{"start":{"line":39,"column":2},"end":{"line":39,"column":null}},"7":{"start":{"line":44,"column":2},"end":{"line":68,"column":null}},"8":{"start":{"line":71,"column":13},"end":{"line":231,"column":null}},"9":{"start":{"line":72,"column":40},"end":{"line":72,"column":null}},"10":{"start":{"line":73,"column":34},"end":{"line":73,"column":null}},"11":{"start":{"line":74,"column":32},"end":{"line":74,"column":null}},"12":{"start":{"line":77,"column":2},"end":{"line":106,"column":null}},"13":{"start":{"line":79,"column":6},"end":{"line":102,"column":null}},"14":{"start":{"line":80,"column":22},"end":{"line":80,"column":null}},"15":{"start":{"line":81,"column":8},"end":{"line":99,"column":null}},"16":{"start":{"line":83,"column":22},"end":{"line":85,"column":null}},"17":{"start":{"line":86,"column":10},"end":{"line":95,"column":null}},"18":{"start":{"line":87,"column":25},"end":{"line":87,"column":null}},"19":{"start":{"line":88,"column":25},"end":{"line":88,"column":null}},"20":{"start":{"line":89,"column":30},"end":{"line":89,"column":null}},"21":{"start":{"line":90,"column":12},"end":{"line":90,"column":null}},"22":{"start":{"line":91,"column":12},"end":{"line":91,"column":null}},"23":{"start":{"line":92,"column":12},"end":{"line":92,"column":null}},"24":{"start":{"line":93,"column":12},"end":{"line":93,"column":null}},"25":{"start":{"line":94,"column":12},"end":{"line":94,"column":null}},"26":{"start":{"line":97,"column":10},"end":{"line":97,"column":null}},"27":{"start":{"line":98,"column":10},"end":{"line":98,"column":null}},"28":{"start":{"line":103,"column":6},"end":{"line":103,"column":null}},"29":{"start":{"line":105,"column":4},"end":{"line":105,"column":null}},"30":{"start":{"line":108,"column":22},"end":{"line":126,"column":null}},"31":{"start":{"line":109,"column":4},"end":{"line":109,"column":null}},"32":{"start":{"line":109,"column":22},"end":{"line":109,"column":null}},"33":{"start":{"line":110,"column":4},"end":{"line":125,"column":null}},"34":{"start":{"line":111,"column":20},"end":{"line":111,"column":null}},"35":{"start":{"line":112,"column":6},"end":{"line":122,"column":null}},"36":{"start":{"line":113,"column":20},"end":{"line":115,"column":null}},"37":{"start":{"line":116,"column":8},"end":{"line":121,"column":null}},"38":{"start":{"line":117,"column":23},"end":{"line":117,"column":null}},"39":{"start":{"line":118,"column":23},"end":{"line":118,"column":null}},"40":{"start":{"line":119,"column":10},"end":{"line":119,"column":null}},"41":{"start":{"line":120,"column":10},"end":{"line":120,"column":null}},"42":{"start":{"line":128,"column":8},"end":{"line":131,"column":null}},"43":{"start":{"line":129,"column":22},"end":{"line":129,"column":null}},"44":{"start":{"line":130,"column":4},"end":{"line":130,"column":null}},"45":{"start":{"line":137,"column":16},"end":{"line":168,"column":null}},"46":{"start":{"line":138,"column":4},"end":{"line":167,"column":null}},"47":{"start":{"line":139,"column":18},"end":{"line":143,"column":null}},"48":{"start":{"line":145,"column":6},"end":{"line":148,"column":null}},"49":{"start":{"line":146,"column":20},"end":{"line":146,"column":null}},"50":{"start":{"line":147,"column":8},"end":{"line":147,"column":null}},"51":{"start":{"line":150,"column":19},"end":{"line":150,"column":null}},"52":{"start":{"line":151,"column":19},"end":{"line":151,"column":null}},"53":{"start":{"line":154,"column":6},"end":{"line":154,"column":null}},"54":{"start":{"line":155,"column":6},"end":{"line":155,"column":null}},"55":{"start":{"line":157,"column":6},"end":{"line":157,"column":null}},"56":{"start":{"line":158,"column":24},"end":{"line":158,"column":null}},"57":{"start":{"line":159,"column":6},"end":{"line":159,"column":null}},"58":{"start":{"line":160,"column":6},"end":{"line":160,"column":null}},"59":{"start":{"line":161,"column":6},"end":{"line":161,"column":null}},"60":{"start":{"line":163,"column":6},"end":{"line":165,"column":null}},"61":{"start":{"line":164,"column":8},"end":{"line":164,"column":null}},"62":{"start":{"line":166,"column":6},"end":{"line":166,"column":null}},"63":{"start":{"line":173,"column":19},"end":{"line":203,"column":null}},"64":{"start":{"line":174,"column":4},"end":{"line":202,"column":null}},"65":{"start":{"line":175,"column":18},"end":{"line":179,"column":null}},"66":{"start":{"line":181,"column":6},"end":{"line":184,"column":null}},"67":{"start":{"line":182,"column":20},"end":{"line":182,"column":null}},"68":{"start":{"line":183,"column":8},"end":{"line":183,"column":null}},"69":{"start":{"line":186,"column":19},"end":{"line":186,"column":null}},"70":{"start":{"line":187,"column":19},"end":{"line":187,"column":null}},"71":{"start":{"line":189,"column":6},"end":{"line":189,"column":null}},"72":{"start":{"line":190,"column":6},"end":{"line":190,"column":null}},"73":{"start":{"line":192,"column":6},"end":{"line":192,"column":null}},"74":{"start":{"line":193,"column":24},"end":{"line":193,"column":null}},"75":{"start":{"line":194,"column":6},"end":{"line":194,"column":null}},"76":{"start":{"line":195,"column":6},"end":{"line":195,"column":null}},"77":{"start":{"line":196,"column":6},"end":{"line":196,"column":null}},"78":{"start":{"line":198,"column":6},"end":{"line":200,"column":null}},"79":{"start":{"line":199,"column":8},"end":{"line":199,"column":null}},"80":{"start":{"line":201,"column":6},"end":{"line":201,"column":null}},"81":{"start":{"line":205,"column":8},"end":{"line":213,"column":null}},"82":{"start":{"line":206,"column":4},"end":{"line":208,"column":null}},"83":{"start":{"line":207,"column":6},"end":{"line":207,"column":null}},"84":{"start":{"line":209,"column":4},"end":{"line":209,"column":null}},"85":{"start":{"line":210,"column":4},"end":{"line":210,"column":null}},"86":{"start":{"line":211,"column":4},"end":{"line":211,"column":null}},"87":{"start":{"line":212,"column":4},"end":{"line":212,"column":null}},"88":{"start":{"line":215,"column":2},"end":{"line":229,"column":null}},"89":{"start":{"line":234,"column":18},"end":{"line":234,"column":null}},"90":{"start":{"line":235,"column":2},"end":{"line":237,"column":null}},"91":{"start":{"line":236,"column":4},"end":{"line":236,"column":null}},"92":{"start":{"line":238,"column":2},"end":{"line":238,"column":null}}},"fnMap":{"0":{"name":"getAuthToken","decl":{"start":{"line":32,"column":16},"end":{"line":32,"column":46}},"loc":{"start":{"line":32,"column":46},"end":{"line":34,"column":null}},"line":32},"1":{"name":"authHeaders","decl":{"start":{"line":37,"column":16},"end":{"line":37,"column":54}},"loc":{"start":{"line":37,"column":54},"end":{"line":40,"column":null}},"line":37},"2":{"name":"backendUserToMockUser","decl":{"start":{"line":43,"column":9},"end":{"line":43,"column":31}},"loc":{"start":{"line":43,"column":65},"end":{"line":69,"column":null}},"line":43},"3":{"name":"(anonymous_3)","decl":{"start":{"line":71,"column":13},"end":{"line":71,"column":70}},"loc":{"start":{"line":71,"column":87},"end":{"line":231,"column":null}},"line":71},"4":{"name":"(anonymous_4)","decl":{"start":{"line":77,"column":2},"end":{"line":77,"column":18}},"loc":{"start":{"line":77,"column":18},"end":{"line":106,"column":5}},"line":77},"5":{"name":"initAuth","decl":{"start":{"line":78,"column":19},"end":{"line":78,"column":30}},"loc":{"start":{"line":78,"column":30},"end":{"line":104,"column":null}},"line":78},"6":{"name":"(anonymous_6)","decl":{"start":{"line":108,"column":22},"end":{"line":108,"column":34}},"loc":{"start":{"line":108,"column":34},"end":{"line":126,"column":null}},"line":108},"7":{"name":"(anonymous_7)","decl":{"start":{"line":128,"column":8},"end":{"line":128,"column":29}},"loc":{"start":{"line":128,"column":51},"end":{"line":131,"column":null}},"line":128},"8":{"name":"(anonymous_8)","decl":{"start":{"line":137,"column":16},"end":{"line":137,"column":23}},"loc":{"start":{"line":137,"column":78},"end":{"line":168,"column":null}},"line":137},"9":{"name":"(anonymous_9)","decl":{"start":{"line":173,"column":19},"end":{"line":173,"column":26}},"loc":{"start":{"line":173,"column":118},"end":{"line":203,"column":null}},"line":173},"10":{"name":"(anonymous_10)","decl":{"start":{"line":205,"column":8},"end":{"line":205,"column":23}},"loc":{"start":{"line":205,"column":23},"end":{"line":213,"column":null}},"line":205},"11":{"name":"useAuth","decl":{"start":{"line":233,"column":16},"end":{"line":233,"column":43}},"loc":{"start":{"line":233,"column":43},"end":{"line":239,"column":null}},"line":233}},"branchMap":{"0":{"loc":{"start":{"line":27,"column":17},"end":{"line":27,"column":null}},"type":"binary-expr","locations":[{"start":{"line":27,"column":17},"end":{"line":27,"column":49}},{"start":{"line":27,"column":49},"end":{"line":27,"column":null}}],"line":27},"1":{"loc":{"start":{"line":39,"column":9},"end":{"line":39,"column":null}},"type":"cond-expr","locations":[{"start":{"line":39,"column":17},"end":{"line":39,"column":56}},{"start":{"line":39,"column":56},"end":{"line":39,"column":null}}],"line":39},"2":{"loc":{"start":{"line":47,"column":19},"end":{"line":47,"column":null}},"type":"binary-expr","locations":[{"start":{"line":47,"column":19},"end":{"line":47,"column":38}},{"start":{"line":47,"column":38},"end":{"line":47,"column":null}}],"line":47},"3":{"loc":{"start":{"line":49,"column":10},"end":{"line":49,"column":null}},"type":"binary-expr","locations":[{"start":{"line":49,"column":10},"end":{"line":49,"column":20}},{"start":{"line":49,"column":20},"end":{"line":49,"column":null}}],"line":49},"4":{"loc":{"start":{"line":52,"column":10},"end":{"line":52,"column":null}},"type":"binary-expr","locations":[{"start":{"line":52,"column":10},"end":{"line":52,"column":20}},{"start":{"line":52,"column":20},"end":{"line":52,"column":null}}],"line":52},"5":{"loc":{"start":{"line":53,"column":11},"end":{"line":53,"column":null}},"type":"binary-expr","locations":[{"start":{"line":53,"column":11},"end":{"line":53,"column":22}},{"start":{"line":53,"column":22},"end":{"line":53,"column":null}}],"line":53},"6":{"loc":{"start":{"line":54,"column":15},"end":{"line":54,"column":null}},"type":"binary-expr","locations":[{"start":{"line":54,"column":15},"end":{"line":54,"column":30}},{"start":{"line":54,"column":30},"end":{"line":54,"column":null}}],"line":54},"7":{"loc":{"start":{"line":55,"column":13},"end":{"line":55,"column":null}},"type":"binary-expr","locations":[{"start":{"line":55,"column":13},"end":{"line":55,"column":26}},{"start":{"line":55,"column":26},"end":{"line":55,"column":null}}],"line":55},"8":{"loc":{"start":{"line":56,"column":20},"end":{"line":56,"column":null}},"type":"binary-expr","locations":[{"start":{"line":56,"column":20},"end":{"line":56,"column":40}},{"start":{"line":56,"column":40},"end":{"line":56,"column":null}}],"line":56},"9":{"loc":{"start":{"line":57,"column":22},"end":{"line":57,"column":null}},"type":"binary-expr","locations":[{"start":{"line":57,"column":22},"end":{"line":57,"column":44}},{"start":{"line":57,"column":44},"end":{"line":57,"column":null}}],"line":57},"10":{"loc":{"start":{"line":58,"column":21},"end":{"line":58,"column":null}},"type":"binary-expr","locations":[{"start":{"line":58,"column":21},"end":{"line":58,"column":42}},{"start":{"line":58,"column":42},"end":{"line":58,"column":null}}],"line":58},"11":{"loc":{"start":{"line":59,"column":22},"end":{"line":59,"column":null}},"type":"binary-expr","locations":[{"start":{"line":59,"column":22},"end":{"line":59,"column":44}},{"start":{"line":59,"column":44},"end":{"line":59,"column":null}}],"line":59},"12":{"loc":{"start":{"line":60,"column":15},"end":{"line":60,"column":null}},"type":"binary-expr","locations":[{"start":{"line":60,"column":15},"end":{"line":60,"column":30}},{"start":{"line":60,"column":30},"end":{"line":60,"column":null}}],"line":60},"13":{"loc":{"start":{"line":61,"column":18},"end":{"line":61,"column":null}},"type":"binary-expr","locations":[{"start":{"line":61,"column":18},"end":{"line":61,"column":36}},{"start":{"line":61,"column":36},"end":{"line":61,"column":null}}],"line":61},"14":{"loc":{"start":{"line":62,"column":13},"end":{"line":62,"column":null}},"type":"binary-expr","locations":[{"start":{"line":62,"column":13},"end":{"line":62,"column":26}},{"start":{"line":62,"column":26},"end":{"line":62,"column":null}}],"line":62},"15":{"loc":{"start":{"line":63,"column":15},"end":{"line":63,"column":null}},"type":"binary-expr","locations":[{"start":{"line":63,"column":15},"end":{"line":63,"column":30}},{"start":{"line":63,"column":30},"end":{"line":63,"column":null}}],"line":63},"16":{"loc":{"start":{"line":64,"column":14},"end":{"line":64,"column":null}},"type":"binary-expr","locations":[{"start":{"line":64,"column":14},"end":{"line":64,"column":28}},{"start":{"line":64,"column":28},"end":{"line":64,"column":null}}],"line":64},"17":{"loc":{"start":{"line":65,"column":19},"end":{"line":65,"column":null}},"type":"binary-expr","locations":[{"start":{"line":65,"column":19},"end":{"line":65,"column":38}},{"start":{"line":65,"column":38},"end":{"line":65,"column":null}}],"line":65},"18":{"loc":{"start":{"line":66,"column":18},"end":{"line":66,"column":null}},"type":"binary-expr","locations":[{"start":{"line":66,"column":18},"end":{"line":66,"column":36}},{"start":{"line":66,"column":36},"end":{"line":66,"column":null}}],"line":66},"19":{"loc":{"start":{"line":67,"column":12},"end":{"line":67,"column":null}},"type":"binary-expr","locations":[{"start":{"line":67,"column":12},"end":{"line":67,"column":24}},{"start":{"line":67,"column":24},"end":{"line":67,"column":null}}],"line":67},"20":{"loc":{"start":{"line":81,"column":8},"end":{"line":99,"column":null}},"type":"if","locations":[{"start":{"line":81,"column":8},"end":{"line":99,"column":null}},{"start":{},"end":{}}],"line":81},"21":{"loc":{"start":{"line":86,"column":10},"end":{"line":95,"column":null}},"type":"if","locations":[{"start":{"line":86,"column":10},"end":{"line":95,"column":null}},{"start":{},"end":{}}],"line":86},"22":{"loc":{"start":{"line":109,"column":4},"end":{"line":109,"column":null}},"type":"if","locations":[{"start":{"line":109,"column":4},"end":{"line":109,"column":null}},{"start":{},"end":{}}],"line":109},"23":{"loc":{"start":{"line":112,"column":6},"end":{"line":122,"column":null}},"type":"if","locations":[{"start":{"line":112,"column":6},"end":{"line":122,"column":null}},{"start":{},"end":{}}],"line":112},"24":{"loc":{"start":{"line":116,"column":8},"end":{"line":121,"column":null}},"type":"if","locations":[{"start":{"line":116,"column":8},"end":{"line":121,"column":null}},{"start":{},"end":{}}],"line":116},"25":{"loc":{"start":{"line":145,"column":6},"end":{"line":148,"column":null}},"type":"if","locations":[{"start":{"line":145,"column":6},"end":{"line":148,"column":null}},{"start":{},"end":{}}],"line":145},"26":{"loc":{"start":{"line":147,"column":24},"end":{"line":147,"column":51}},"type":"binary-expr","locations":[{"start":{"line":147,"column":24},"end":{"line":147,"column":37}},{"start":{"line":147,"column":37},"end":{"line":147,"column":51}}],"line":147},"27":{"loc":{"start":{"line":163,"column":6},"end":{"line":165,"column":null}},"type":"if","locations":[{"start":{"line":163,"column":6},"end":{"line":165,"column":null}},{"start":{},"end":{}}],"line":163},"28":{"loc":{"start":{"line":163,"column":10},"end":{"line":163,"column":57}},"type":"binary-expr","locations":[{"start":{"line":163,"column":10},"end":{"line":163,"column":25}},{"start":{"line":163,"column":25},"end":{"line":163,"column":57}}],"line":163},"29":{"loc":{"start":{"line":181,"column":6},"end":{"line":184,"column":null}},"type":"if","locations":[{"start":{"line":181,"column":6},"end":{"line":184,"column":null}},{"start":{},"end":{}}],"line":181},"30":{"loc":{"start":{"line":183,"column":24},"end":{"line":183,"column":58}},"type":"binary-expr","locations":[{"start":{"line":183,"column":24},"end":{"line":183,"column":37}},{"start":{"line":183,"column":37},"end":{"line":183,"column":58}}],"line":183},"31":{"loc":{"start":{"line":198,"column":6},"end":{"line":200,"column":null}},"type":"if","locations":[{"start":{"line":198,"column":6},"end":{"line":200,"column":null}},{"start":{},"end":{}}],"line":198},"32":{"loc":{"start":{"line":198,"column":10},"end":{"line":198,"column":57}},"type":"binary-expr","locations":[{"start":{"line":198,"column":10},"end":{"line":198,"column":25}},{"start":{"line":198,"column":25},"end":{"line":198,"column":57}}],"line":198},"33":{"loc":{"start":{"line":206,"column":4},"end":{"line":208,"column":null}},"type":"if","locations":[{"start":{"line":206,"column":4},"end":{"line":208,"column":null}},{"start":{},"end":{}}],"line":206},"34":{"loc":{"start":{"line":235,"column":2},"end":{"line":237,"column":null}},"type":"if","locations":[{"start":{"line":235,"column":2},"end":{"line":237,"column":null}},{"start":{},"end":{}}],"line":235}},"s":{"0":2,"1":2,"2":2,"3":2,"4":0,"5":0,"6":0,"7":2,"8":2,"9":7,"10":7,"11":7,"12":7,"13":2,"14":2,"15":2,"16":0,"17":0,"18":0,"19":0,"20":0,"21":0,"22":0,"23":0,"24":0,"25":0,"26":0,"27":0,"28":2,"29":2,"30":7,"31":0,"32":0,"33":0,"34":0,"35":0,"36":0,"37":0,"38":0,"39":0,"40":0,"41":0,"42":7,"43":0,"44":0,"45":7,"46":1,"47":1,"48":1,"49":0,"50":0,"51":1,"52":1,"53":1,"54":1,"55":1,"56":1,"57":1,"58":1,"59":1,"60":0,"61":0,"62":0,"63":7,"64":1,"65":1,"66":1,"67":0,"68":0,"69":1,"70":1,"71":1,"72":1,"73":1,"74":1,"75":1,"76":1,"77":1,"78":0,"79":0,"80":0,"81":7,"82":1,"83":1,"84":1,"85":1,"86":1,"87":1,"88":7,"89":12,"90":12,"91":4,"92":7},"f":{"0":0,"1":0,"2":2,"3":7,"4":2,"5":2,"6":0,"7":0,"8":1,"9":1,"10":1,"11":12},"b":{"0":[2,2],"1":[0,0],"2":[2,2],"3":[2,2],"4":[2,0],"5":[2,0],"6":[2,0],"7":[2,0],"8":[2,0],"9":[2,0],"10":[2,2],"11":[2,0],"12":[2,0],"13":[2,0],"14":[2,0],"15":[2,0],"16":[2,0],"17":[2,0],"18":[2,0],"19":[2,0],"20":[0,2],"21":[0,0],"22":[0,0],"23":[0,0],"24":[0,0],"25":[0,1],"26":[0,0],"27":[0,0],"28":[0,0],"29":[0,1],"30":[0,0],"31":[0,0],"32":[0,0],"33":[1,0],"34":[4,8]},"meta":{"lastBranch":35,"lastFunction":12,"lastStatement":93,"seen":{"s:25:20:25:Infinity":0,"s:27:17:27:Infinity":1,"b:27:17:27:49:27:49:27:Infinity":0,"s:28:20:28:Infinity":2,"s:29:18:29:Infinity":3,"f:32:16:32:46":0,"s:33:2:33:Infinity":4,"f:37:16:37:54":1,"s:38:16:38:Infinity":5,"s:39:2:39:Infinity":6,"b:39:17:39:56:39:56:39:Infinity":1,"f:43:9:43:31":2,"s:44:2:68:Infinity":7,"b:47:19:47:38:47:38:47:Infinity":2,"b:49:10:49:20:49:20:49:Infinity":3,"b:52:10:52:20:52:20:52:Infinity":4,"b:53:11:53:22:53:22:53:Infinity":5,"b:54:15:54:30:54:30:54:Infinity":6,"b:55:13:55:26:55:26:55:Infinity":7,"b:56:20:56:40:56:40:56:Infinity":8,"b:57:22:57:44:57:44:57:Infinity":9,"b:58:21:58:42:58:42:58:Infinity":10,"b:59:22:59:44:59:44:59:Infinity":11,"b:60:15:60:30:60:30:60:Infinity":12,"b:61:18:61:36:61:36:61:Infinity":13,"b:62:13:62:26:62:26:62:Infinity":14,"b:63:15:63:30:63:30:63:Infinity":15,"b:64:14:64:28:64:28:64:Infinity":16,"b:65:19:65:38:65:38:65:Infinity":17,"b:66:18:66:36:66:36:66:Infinity":18,"b:67:12:67:24:67:24:67:Infinity":19,"s:71:13:231:Infinity":8,"f:71:13:71:70":3,"s:72:40:72:Infinity":9,"s:73:34:73:Infinity":10,"s:74:32:74:Infinity":11,"s:77:2:106:Infinity":12,"f:77:2:77:18":4,"f:78:19:78:30":5,"s:79:6:102:Infinity":13,"s:80:22:80:Infinity":14,"b:81:8:99:Infinity:undefined:undefined:undefined:undefined":20,"s:81:8:99:Infinity":15,"s:83:22:85:Infinity":16,"b:86:10:95:Infinity:undefined:undefined:undefined:undefined":21,"s:86:10:95:Infinity":17,"s:87:25:87:Infinity":18,"s:88:25:88:Infinity":19,"s:89:30:89:Infinity":20,"s:90:12:90:Infinity":21,"s:91:12:91:Infinity":22,"s:92:12:92:Infinity":23,"s:93:12:93:Infinity":24,"s:94:12:94:Infinity":25,"s:97:10:97:Infinity":26,"s:98:10:98:Infinity":27,"s:103:6:103:Infinity":28,"s:105:4:105:Infinity":29,"s:108:22:126:Infinity":30,"f:108:22:108:34":6,"b:109:4:109:Infinity:undefined:undefined:undefined:undefined":22,"s:109:4:109:Infinity":31,"s:109:22:109:Infinity":32,"s:110:4:125:Infinity":33,"s:111:20:111:Infinity":34,"b:112:6:122:Infinity:undefined:undefined:undefined:undefined":23,"s:112:6:122:Infinity":35,"s:113:20:115:Infinity":36,"b:116:8:121:Infinity:undefined:undefined:undefined:undefined":24,"s:116:8:121:Infinity":37,"s:117:23:117:Infinity":38,"s:118:23:118:Infinity":39,"s:119:10:119:Infinity":40,"s:120:10:120:Infinity":41,"s:128:8:131:Infinity":42,"f:128:8:128:29":7,"s:129:22:129:Infinity":43,"s:130:4:130:Infinity":44,"s:137:16:168:Infinity":45,"f:137:16:137:23":8,"s:138:4:167:Infinity":46,"s:139:18:143:Infinity":47,"b:145:6:148:Infinity:undefined:undefined:undefined:undefined":25,"s:145:6:148:Infinity":48,"s:146:20:146:Infinity":49,"s:147:8:147:Infinity":50,"b:147:24:147:37:147:37:147:51":26,"s:150:19:150:Infinity":51,"s:151:19:151:Infinity":52,"s:154:6:154:Infinity":53,"s:155:6:155:Infinity":54,"s:157:6:157:Infinity":55,"s:158:24:158:Infinity":56,"s:159:6:159:Infinity":57,"s:160:6:160:Infinity":58,"s:161:6:161:Infinity":59,"b:163:6:165:Infinity:undefined:undefined:undefined:undefined":27,"s:163:6:165:Infinity":60,"b:163:10:163:25:163:25:163:57":28,"s:164:8:164:Infinity":61,"s:166:6:166:Infinity":62,"s:173:19:203:Infinity":63,"f:173:19:173:26":9,"s:174:4:202:Infinity":64,"s:175:18:179:Infinity":65,"b:181:6:184:Infinity:undefined:undefined:undefined:undefined":29,"s:181:6:184:Infinity":66,"s:182:20:182:Infinity":67,"s:183:8:183:Infinity":68,"b:183:24:183:37:183:37:183:58":30,"s:186:19:186:Infinity":69,"s:187:19:187:Infinity":70,"s:189:6:189:Infinity":71,"s:190:6:190:Infinity":72,"s:192:6:192:Infinity":73,"s:193:24:193:Infinity":74,"s:194:6:194:Infinity":75,"s:195:6:195:Infinity":76,"s:196:6:196:Infinity":77,"b:198:6:200:Infinity:undefined:undefined:undefined:undefined":31,"s:198:6:200:Infinity":78,"b:198:10:198:25:198:25:198:57":32,"s:199:8:199:Infinity":79,"s:201:6:201:Infinity":80,"s:205:8:213:Infinity":81,"f:205:8:205:23":10,"b:206:4:208:Infinity:undefined:undefined:undefined:undefined":33,"s:206:4:208:Infinity":82,"s:207:6:207:Infinity":83,"s:209:4:209:Infinity":84,"s:210:4:210:Infinity":85,"s:211:4:211:Infinity":86,"s:212:4:212:Infinity":87,"s:215:2:229:Infinity":88,"f:233:16:233:43":11,"s:234:18:234:Infinity":89,"b:235:2:237:Infinity:undefined:undefined:undefined:undefined":34,"s:235:2:237:Infinity":90,"s:236:4:236:Infinity":91,"s:238:2:238:Infinity":92},"fnNames":{}}}
,"C:\\Users\\mahla\\critical_projects\\wits_quest\\frontend\\src\\screens\\BattleArena.tsx": {"path":"C:\\Users\\mahla\\critical_projects\\wits_quest\\frontend\\src\\screens\\BattleArena.tsx","statementMap":{"0":{"start":{"line":18,"column":28},"end":{"line":24,"column":null}},"1":{"start":{"line":26,"column":25},"end":{"line":32,"column":null}},"2":{"start":{"line":34,"column":35},"end":{"line":34,"column":null}},"3":{"start":{"line":37,"column":80},"end":{"line":42,"column":null}},"4":{"start":{"line":44,"column":46},"end":{"line":46,"column":null}},"5":{"start":{"line":51,"column":45},"end":{"line":51,"column":53}},"6":{"start":{"line":52,"column":26},"end":{"line":52,"column":null}},"7":{"start":{"line":54,"column":40},"end":{"line":54,"column":null}},"8":{"start":{"line":55,"column":38},"end":{"line":55,"column":null}},"9":{"start":{"line":56,"column":40},"end":{"line":58,"column":null}},"10":{"start":{"line":57,"column":4},"end":{"line":57,"column":null}},"11":{"start":{"line":59,"column":44},"end":{"line":59,"column":null}},"12":{"start":{"line":60,"column":38},"end":{"line":60,"column":null}},"13":{"start":{"line":61,"column":42},"end":{"line":61,"column":null}},"14":{"start":{"line":62,"column":34},"end":{"line":62,"column":null}},"15":{"start":{"line":63,"column":38},"end":{"line":63,"column":null}},"16":{"start":{"line":65,"column":2},"end":{"line":99,"column":null}},"17":{"start":{"line":66,"column":4},"end":{"line":98,"column":null}},"18":{"start":{"line":67,"column":7},"end":{"line":97,"column":null}},"19":{"start":{"line":68,"column":10},"end":{"line":96,"column":null}},"20":{"start":{"line":69,"column":33},"end":{"line":91,"column":null}},"21":{"start":{"line":70,"column":32},"end":{"line":70,"column":null}},"22":{"start":{"line":71,"column":31},"end":{"line":71,"column":null}},"23":{"start":{"line":72,"column":32},"end":{"line":72,"column":null}},"24":{"start":{"line":73,"column":30},"end":{"line":73,"column":null}},"25":{"start":{"line":74,"column":31},"end":{"line":74,"column":null}},"26":{"start":{"line":75,"column":16},"end":{"line":90,"column":null}},"27":{"start":{"line":92,"column":13},"end":{"line":92,"column":null}},"28":{"start":{"line":93,"column":13},"end":{"line":95,"column":null}},"29":{"start":{"line":94,"column":15},"end":{"line":94,"column":null}},"30":{"start":{"line":100,"column":40},"end":{"line":100,"column":null}},"31":{"start":{"line":101,"column":34},"end":{"line":101,"column":null}},"32":{"start":{"line":102,"column":36},"end":{"line":102,"column":null}},"33":{"start":{"line":104,"column":21},"end":{"line":104,"column":null}},"34":{"start":{"line":105,"column":18},"end":{"line":105,"column":null}},"35":{"start":{"line":108,"column":2},"end":{"line":121,"column":null}},"36":{"start":{"line":109,"column":4},"end":{"line":109,"column":null}},"37":{"start":{"line":109,"column":73},"end":{"line":109,"column":null}},"38":{"start":{"line":110,"column":14},"end":{"line":119,"column":null}},"39":{"start":{"line":111,"column":6},"end":{"line":118,"column":null}},"40":{"start":{"line":112,"column":8},"end":{"line":116,"column":null}},"41":{"start":{"line":113,"column":10},"end":{"line":113,"column":null}},"42":{"start":{"line":114,"column":10},"end":{"line":114,"column":null}},"43":{"start":{"line":115,"column":10},"end":{"line":115,"column":null}},"44":{"start":{"line":117,"column":8},"end":{"line":117,"column":null}},"45":{"start":{"line":120,"column":4},"end":{"line":120,"column":null}},"46":{"start":{"line":120,"column":17},"end":{"line":120,"column":null}},"47":{"start":{"line":124,"column":2},"end":{"line":148,"column":null}},"48":{"start":{"line":125,"column":4},"end":{"line":147,"column":null}},"49":{"start":{"line":126,"column":22},"end":{"line":126,"column":null}},"50":{"start":{"line":127,"column":6},"end":{"line":146,"column":null}},"51":{"start":{"line":135,"column":51},"end":{"line":143,"column":10}},"52":{"start":{"line":145,"column":8},"end":{"line":145,"column":null}},"53":{"start":{"line":145,"column":25},"end":{"line":145,"column":null}},"54":{"start":{"line":151,"column":23},"end":{"line":151,"column":null}},"55":{"start":{"line":152,"column":4},"end":{"line":152,"column":null}},"56":{"start":{"line":156,"column":4},"end":{"line":156,"column":null}},"57":{"start":{"line":156,"column":69},"end":{"line":156,"column":null}},"58":{"start":{"line":158,"column":4},"end":{"line":158,"column":null}},"59":{"start":{"line":159,"column":4},"end":{"line":159,"column":null}},"60":{"start":{"line":161,"column":21},"end":{"line":167,"column":null}},"61":{"start":{"line":169,"column":26},"end":{"line":169,"column":null}},"62":{"start":{"line":170,"column":4},"end":{"line":170,"column":null}},"63":{"start":{"line":170,"column":45},"end":{"line":170,"column":70}},"64":{"start":{"line":172,"column":4},"end":{"line":227,"column":null}},"65":{"start":{"line":173,"column":24},"end":{"line":173,"column":null}},"66":{"start":{"line":174,"column":27},"end":{"line":174,"column":null}},"67":{"start":{"line":176,"column":6},"end":{"line":176,"column":null}},"68":{"start":{"line":177,"column":6},"end":{"line":177,"column":null}},"69":{"start":{"line":178,"column":6},"end":{"line":178,"column":null}},"70":{"start":{"line":181,"column":22},"end":{"line":181,"column":null}},"71":{"start":{"line":182,"column":6},"end":{"line":203,"column":null}},"72":{"start":{"line":183,"column":8},"end":{"line":183,"column":null}},"73":{"start":{"line":184,"column":27},"end":{"line":189,"column":null}},"74":{"start":{"line":190,"column":8},"end":{"line":190,"column":null}},"75":{"start":{"line":191,"column":13},"end":{"line":203,"column":null}},"76":{"start":{"line":192,"column":8},"end":{"line":192,"column":null}},"77":{"start":{"line":193,"column":26},"end":{"line":198,"column":null}},"78":{"start":{"line":199,"column":8},"end":{"line":199,"column":null}},"79":{"start":{"line":201,"column":8},"end":{"line":201,"column":null}},"80":{"start":{"line":202,"column":8},"end":{"line":202,"column":null}},"81":{"start":{"line":205,"column":6},"end":{"line":216,"column":null}},"82":{"start":{"line":206,"column":8},"end":{"line":215,"column":null}},"83":{"start":{"line":207,"column":10},"end":{"line":207,"column":null}},"84":{"start":{"line":208,"column":10},"end":{"line":208,"column":null}},"85":{"start":{"line":209,"column":15},"end":{"line":215,"column":null}},"86":{"start":{"line":210,"column":10},"end":{"line":210,"column":null}},"87":{"start":{"line":211,"column":10},"end":{"line":211,"column":null}},"88":{"start":{"line":213,"column":10},"end":{"line":213,"column":null}},"89":{"start":{"line":214,"column":10},"end":{"line":214,"column":null}},"90":{"start":{"line":218,"column":6},"end":{"line":226,"column":null}},"91":{"start":{"line":219,"column":8},"end":{"line":225,"column":null}},"92":{"start":{"line":220,"column":10},"end":{"line":220,"column":null}},"93":{"start":{"line":221,"column":10},"end":{"line":221,"column":null}},"94":{"start":{"line":222,"column":10},"end":{"line":222,"column":null}},"95":{"start":{"line":222,"column":28},"end":{"line":222,"column":62}},"96":{"start":{"line":223,"column":10},"end":{"line":223,"column":null}},"97":{"start":{"line":223,"column":25},"end":{"line":223,"column":57}},"98":{"start":{"line":224,"column":10},"end":{"line":224,"column":null}},"99":{"start":{"line":231,"column":4},"end":{"line":231,"column":null}},"100":{"start":{"line":232,"column":4},"end":{"line":232,"column":null}},"101":{"start":{"line":233,"column":4},"end":{"line":233,"column":null}},"102":{"start":{"line":234,"column":4},"end":{"line":234,"column":null}},"103":{"start":{"line":235,"column":4},"end":{"line":235,"column":null}},"104":{"start":{"line":236,"column":4},"end":{"line":236,"column":null}},"105":{"start":{"line":237,"column":4},"end":{"line":237,"column":null}},"106":{"start":{"line":238,"column":4},"end":{"line":238,"column":null}},"107":{"start":{"line":239,"column":4},"end":{"line":239,"column":null}},"108":{"start":{"line":240,"column":4},"end":{"line":240,"column":null}},"109":{"start":{"line":243,"column":2},"end":{"line":349,"column":null}},"110":{"start":{"line":244,"column":4},"end":{"line":347,"column":null}},"111":{"start":{"line":283,"column":16},"end":{"line":307,"column":null}},"112":{"start":{"line":285,"column":33},"end":{"line":285,"column":null}},"113":{"start":{"line":298,"column":20},"end":{"line":298,"column":null}},"114":{"start":{"line":299,"column":20},"end":{"line":299,"column":null}},"115":{"start":{"line":302,"column":20},"end":{"line":302,"column":null}},"116":{"start":{"line":303,"column":20},"end":{"line":303,"column":null}},"117":{"start":{"line":329,"column":27},"end":{"line":329,"column":null}},"118":{"start":{"line":352,"column":17},"end":{"line":352,"column":null}},"119":{"start":{"line":353,"column":24},"end":{"line":353,"column":null}},"120":{"start":{"line":354,"column":21},"end":{"line":354,"column":null}},"121":{"start":{"line":355,"column":18},"end":{"line":355,"column":null}},"122":{"start":{"line":357,"column":2},"end":{"line":640,"column":null}},"123":{"start":{"line":368,"column":31},"end":{"line":368,"column":47}},"124":{"start":{"line":407,"column":26},"end":{"line":407,"column":null}},"125":{"start":{"line":408,"column":16},"end":{"line":412,"column":null}},"126":{"start":{"line":518,"column":29},"end":{"line":518,"column":null}},"127":{"start":{"line":590,"column":27},"end":{"line":590,"column":null}},"128":{"start":{"line":591,"column":31},"end":{"line":591,"column":null}},"129":{"start":{"line":592,"column":33},"end":{"line":592,"column":null}},"130":{"start":{"line":593,"column":14},"end":{"line":610,"column":null}},"131":{"start":{"line":596,"column":33},"end":{"line":596,"column":null}},"132":{"start":{"line":618,"column":14},"end":{"line":635,"column":null}},"133":{"start":{"line":620,"column":31},"end":{"line":620,"column":null}}},"fnMap":{"0":{"name":"BattleArena","decl":{"start":{"line":50,"column":24},"end":{"line":50,"column":38}},"loc":{"start":{"line":50,"column":38},"end":{"line":642,"column":null}},"line":50},"1":{"name":"(anonymous_1)","decl":{"start":{"line":56,"column":40},"end":{"line":56,"column":null}},"loc":{"start":{"line":57,"column":4},"end":{"line":57,"column":null}},"line":57},"2":{"name":"(anonymous_2)","decl":{"start":{"line":65,"column":2},"end":{"line":65,"column":18}},"loc":{"start":{"line":65,"column":18},"end":{"line":99,"column":5}},"line":65},"3":{"name":"(anonymous_3)","decl":{"start":{"line":67,"column":40},"end":{"line":67,"column":45}},"loc":{"start":{"line":67,"column":54},"end":{"line":97,"column":8}},"line":67},"4":{"name":"(anonymous_4)","decl":{"start":{"line":69,"column":39},"end":{"line":69,"column":43}},"loc":{"start":{"line":69,"column":48},"end":{"line":91,"column":14}},"line":69},"5":{"name":"(anonymous_5)","decl":{"start":{"line":108,"column":2},"end":{"line":108,"column":18}},"loc":{"start":{"line":108,"column":18},"end":{"line":121,"column":5}},"line":108},"6":{"name":"(anonymous_6)","decl":{"start":{"line":110,"column":14},"end":{"line":110,"column":32}},"loc":{"start":{"line":110,"column":32},"end":{"line":119,"column":7}},"line":110},"7":{"name":"(anonymous_7)","decl":{"start":{"line":111,"column":6},"end":{"line":111,"column":19}},"loc":{"start":{"line":111,"column":25},"end":{"line":118,"column":7}},"line":111},"8":{"name":"(anonymous_8)","decl":{"start":{"line":120,"column":4},"end":{"line":120,"column":17}},"loc":{"start":{"line":120,"column":17},"end":{"line":120,"column":null}},"line":120},"9":{"name":"(anonymous_9)","decl":{"start":{"line":124,"column":2},"end":{"line":124,"column":18}},"loc":{"start":{"line":124,"column":18},"end":{"line":148,"column":5}},"line":124},"10":{"name":"(anonymous_10)","decl":{"start":{"line":135,"column":39},"end":{"line":135,"column":44}},"loc":{"start":{"line":135,"column":51},"end":{"line":143,"column":10}},"line":135},"11":{"name":"(anonymous_11)","decl":{"start":{"line":144,"column":9},"end":{"line":144,"column":15}},"loc":{"start":{"line":144,"column":31},"end":{"line":146,"column":7}},"line":144},"12":{"name":"handleAutoPlay","decl":{"start":{"line":150,"column":11},"end":{"line":150,"column":28}},"loc":{"start":{"line":150,"column":28},"end":{"line":153,"column":null}},"line":150},"13":{"name":"executeRound","decl":{"start":{"line":155,"column":11},"end":{"line":155,"column":24}},"loc":{"start":{"line":155,"column":45},"end":{"line":228,"column":null}},"line":155},"14":{"name":"(anonymous_14)","decl":{"start":{"line":170,"column":28},"end":{"line":170,"column":39}},"loc":{"start":{"line":170,"column":45},"end":{"line":170,"column":70}},"line":170},"15":{"name":"(anonymous_15)","decl":{"start":{"line":172,"column":4},"end":{"line":172,"column":21}},"loc":{"start":{"line":172,"column":21},"end":{"line":227,"column":7}},"line":172},"16":{"name":"(anonymous_16)","decl":{"start":{"line":218,"column":6},"end":{"line":218,"column":23}},"loc":{"start":{"line":218,"column":23},"end":{"line":226,"column":9}},"line":218},"17":{"name":"(anonymous_17)","decl":{"start":{"line":222,"column":10},"end":{"line":222,"column":28}},"loc":{"start":{"line":222,"column":28},"end":{"line":222,"column":62}},"line":222},"18":{"name":"(anonymous_18)","decl":{"start":{"line":223,"column":10},"end":{"line":223,"column":25}},"loc":{"start":{"line":223,"column":25},"end":{"line":223,"column":57}},"line":223},"19":{"name":"startBattle","decl":{"start":{"line":230,"column":11},"end":{"line":230,"column":23}},"loc":{"start":{"line":230,"column":43},"end":{"line":241,"column":null}},"line":230},"20":{"name":"(anonymous_20)","decl":{"start":{"line":282,"column":62},"end":{"line":282,"column":66}},"loc":{"start":{"line":283,"column":16},"end":{"line":307,"column":null}},"line":283},"21":{"name":"(anonymous_21)","decl":{"start":{"line":285,"column":18},"end":{"line":285,"column":33}},"loc":{"start":{"line":285,"column":33},"end":{"line":285,"column":null}},"line":285},"22":{"name":"(anonymous_22)","decl":{"start":{"line":297,"column":18},"end":{"line":297,"column":33}},"loc":{"start":{"line":297,"column":39},"end":{"line":300,"column":null}},"line":297},"23":{"name":"(anonymous_23)","decl":{"start":{"line":301,"column":18},"end":{"line":301,"column":33}},"loc":{"start":{"line":301,"column":39},"end":{"line":304,"column":null}},"line":301},"24":{"name":"(anonymous_24)","decl":{"start":{"line":329,"column":12},"end":{"line":329,"column":27}},"loc":{"start":{"line":329,"column":27},"end":{"line":329,"column":null}},"line":329},"25":{"name":"(anonymous_25)","decl":{"start":{"line":368,"column":16},"end":{"line":368,"column":31}},"loc":{"start":{"line":368,"column":31},"end":{"line":368,"column":47}},"line":368},"26":{"name":"(anonymous_26)","decl":{"start":{"line":406,"column":31},"end":{"line":406,"column":36}},"loc":{"start":{"line":406,"column":42},"end":{"line":414,"column":15}},"line":406},"27":{"name":"(anonymous_27)","decl":{"start":{"line":518,"column":14},"end":{"line":518,"column":29}},"loc":{"start":{"line":518,"column":29},"end":{"line":518,"column":null}},"line":518},"28":{"name":"(anonymous_28)","decl":{"start":{"line":589,"column":23},"end":{"line":589,"column":28}},"loc":{"start":{"line":589,"column":37},"end":{"line":612,"column":13}},"line":589},"29":{"name":"(anonymous_29)","decl":{"start":{"line":596,"column":18},"end":{"line":596,"column":33}},"loc":{"start":{"line":596,"column":33},"end":{"line":596,"column":null}},"line":596},"30":{"name":"(anonymous_30)","decl":{"start":{"line":617,"column":25},"end":{"line":617,"column":30}},"loc":{"start":{"line":618,"column":14},"end":{"line":635,"column":null}},"line":618},"31":{"name":"(anonymous_31)","decl":{"start":{"line":620,"column":16},"end":{"line":620,"column":31}},"loc":{"start":{"line":620,"column":31},"end":{"line":620,"column":null}},"line":620}},"branchMap":{"0":{"loc":{"start":{"line":66,"column":4},"end":{"line":98,"column":null}},"type":"if","locations":[{"start":{"line":66,"column":4},"end":{"line":98,"column":null}},{"start":{},"end":{}}],"line":66},"1":{"loc":{"start":{"line":68,"column":10},"end":{"line":96,"column":null}},"type":"if","locations":[{"start":{"line":68,"column":10},"end":{"line":96,"column":null}},{"start":{},"end":{}}],"line":68},"2":{"loc":{"start":{"line":68,"column":14},"end":{"line":68,"column":41}},"type":"binary-expr","locations":[{"start":{"line":68,"column":14},"end":{"line":68,"column":23}},{"start":{"line":68,"column":23},"end":{"line":68,"column":41}}],"line":68},"3":{"loc":{"start":{"line":93,"column":13},"end":{"line":95,"column":null}},"type":"if","locations":[{"start":{"line":93,"column":13},"end":{"line":95,"column":null}},{"start":{},"end":{}}],"line":93},"4":{"loc":{"start":{"line":104,"column":21},"end":{"line":104,"column":null}},"type":"binary-expr","locations":[{"start":{"line":104,"column":21},"end":{"line":104,"column":51}},{"start":{"line":104,"column":51},"end":{"line":104,"column":null}}],"line":104},"5":{"loc":{"start":{"line":105,"column":18},"end":{"line":105,"column":null}},"type":"binary-expr","locations":[{"start":{"line":105,"column":18},"end":{"line":105,"column":43}},{"start":{"line":105,"column":43},"end":{"line":105,"column":null}}],"line":105},"6":{"loc":{"start":{"line":109,"column":4},"end":{"line":109,"column":null}},"type":"if","locations":[{"start":{"line":109,"column":4},"end":{"line":109,"column":null}},{"start":{},"end":{}}],"line":109},"7":{"loc":{"start":{"line":109,"column":8},"end":{"line":109,"column":73}},"type":"binary-expr","locations":[{"start":{"line":109,"column":8},"end":{"line":109,"column":25}},{"start":{"line":109,"column":25},"end":{"line":109,"column":49}},{"start":{"line":109,"column":49},"end":{"line":109,"column":73}}],"line":109},"8":{"loc":{"start":{"line":112,"column":8},"end":{"line":116,"column":null}},"type":"if","locations":[{"start":{"line":112,"column":8},"end":{"line":116,"column":null}},{"start":{},"end":{}}],"line":112},"9":{"loc":{"start":{"line":125,"column":4},"end":{"line":147,"column":null}},"type":"if","locations":[{"start":{"line":125,"column":4},"end":{"line":147,"column":null}},{"start":{},"end":{}}],"line":125},"10":{"loc":{"start":{"line":125,"column":8},"end":{"line":125,"column":86}},"type":"binary-expr","locations":[{"start":{"line":125,"column":8},"end":{"line":125,"column":34}},{"start":{"line":125,"column":34},"end":{"line":125,"column":56}},{"start":{"line":125,"column":56},"end":{"line":125,"column":71}},{"start":{"line":125,"column":71},"end":{"line":125,"column":86}}],"line":125},"11":{"loc":{"start":{"line":131,"column":17},"end":{"line":131,"column":null}},"type":"cond-expr","locations":[{"start":{"line":131,"column":51},"end":{"line":131,"column":59}},{"start":{"line":131,"column":59},"end":{"line":131,"column":null}}],"line":131},"12":{"loc":{"start":{"line":131,"column":59},"end":{"line":131,"column":null}},"type":"cond-expr","locations":[{"start":{"line":131,"column":90},"end":{"line":131,"column":99}},{"start":{"line":131,"column":99},"end":{"line":131,"column":null}}],"line":131},"13":{"loc":{"start":{"line":145,"column":8},"end":{"line":145,"column":null}},"type":"if","locations":[{"start":{"line":145,"column":8},"end":{"line":145,"column":null}},{"start":{},"end":{}}],"line":145},"14":{"loc":{"start":{"line":156,"column":4},"end":{"line":156,"column":null}},"type":"if","locations":[{"start":{"line":156,"column":4},"end":{"line":156,"column":null}},{"start":{},"end":{}}],"line":156},"15":{"loc":{"start":{"line":156,"column":8},"end":{"line":156,"column":69}},"type":"binary-expr","locations":[{"start":{"line":156,"column":8},"end":{"line":156,"column":21}},{"start":{"line":156,"column":21},"end":{"line":156,"column":45}},{"sta
[...]
},"line":203},"8":{"name":"(anonymous_8)","decl":{"start":{"line":220,"column":17},"end":{"line":220,"column":23}},"loc":{"start":{"line":220,"column":32},"end":{"line":220,"column":61}},"line":220},"9":{"name":"(anonymous_9)","decl":{"start":{"line":228,"column":16},"end":{"line":228,"column":22}},"loc":{"start":{"line":228,"column":31},"end":{"line":228,"column":66}},"line":228},"10":{"name":"getPlayerPreferredStats","decl":{"start":{"line":240,"column":9},"end":{"line":240,"column":33}},"loc":{"start":{"line":240,"column":88},"end":{"line":263,"column":null}},"line":240},"11":{"name":"getTotalStats","decl":{"start":{"line":265,"column":9},"end":{"line":265,"column":23}},"loc":{"start":{"line":265,"column":49},"end":{"line":267,"column":null}},"line":265}},"branchMap":{"0":{"loc":{"start":{"line":25,"column":2},"end":{"line":27,"column":null}},"type":"if","locations":[{"start":{"line":25,"column":2},"end":{"line":27,"column":null}},{"start":{},"end":{}}],"line":25},"1":{"loc":{"start":{"line":29,"column":2},"end":{"line":38,"column":null}},"type":"switch","locations":[{"start":{"line":30,"column":4},"end":{"line":31,"column":null}},{"start":{"line":32,"column":4},"end":{"line":33,"column":null}},{"start":{"line":34,"column":4},"end":{"line":35,"column":null}},{"start":{"line":36,"column":4},"end":{"line":37,"column":null}}],"line":29},"2":{"loc":{"start":{"line":51,"column":2},"end":{"line":53,"column":null}},"type":"if","locations":[{"start":{"line":51,"column":2},"end":{"line":53,"column":null}},{"start":{},"end":{}}],"line":51},"3":{"loc":{"start":{"line":55,"column":2},"end":{"line":64,"column":null}},"type":"switch","locations":[{"start":{"line":56,"column":4},"end":{"line":57,"column":null}},{"start":{"line":58,"column":4},"end":{"line":59,"column":null}},{"start":{"line":60,"column":4},"end":{"line":61,"column":null}},{"start":{"line":62,"column":4},"end":{"line":63,"column":null}}],"line":55},"4":{"loc":{"start":{"line":101,"column":6},"end":{"line":105,"column":null}},"type":"if","locations":[{"start":{"line":101,"column":6},"end":{"line":105,"column":null}},{"start":{},"end":{}}],"line":101},"5":{"loc":{"start":{"line":122,"column":4},"end":{"line":125,"column":null}},"type":"if","locations":[{"start":{"line":122,"column":4},"end":{"line":125,"column":null}},{"start":{},"end":{}}],"line":122},"6":{"loc":{"start":{"line":155,"column":24},"end":{"line":155,"column":null}},"type":"cond-expr","locations":[{"start":{"line":155,"column":48},"end":{"line":155,"column":61}},{"start":{"line":155,"column":61},"end":{"line":155,"column":null}}],"line":155},"7":{"loc":{"start":{"line":168,"column":8},"end":{"line":170,"column":null}},"type":"if","locations":[{"start":{"line":168,"column":8},"end":{"line":170,"column":null}},{"start":{"line":169,"column":13},"end":{"line":170,"column":null}}],"line":168},"8":{"loc":{"start":{"line":169,"column":13},"end":{"line":170,"column":null}},"type":"if","locations":[{"start":{"line":169,"column":13},"end":{"line":170,"column":null}},{"start":{"line":170,"column":13},"end":{"line":170,"column":null}}],"line":169},"9":{"loc":{"start":{"line":173,"column":20},"end":{"line":173,"column":null}},"type":"binary-expr","locations":[{"start":{"line":173,"column":20},"end":{"line":173,"column":44}},{"start":{"line":173,"column":44},"end":{"line":173,"column":null}}],"line":173},"10":{"loc":{"start":{"line":177,"column":22},"end":{"line":177,"column":null}},"type":"cond-expr","locations":[{"start":{"line":177,"column":57},"end":{"line":177,"column":64}},{"start":{"line":177,"column":64},"end":{"line":177,"column":null}}],"line":177},"11":{"loc":{"start":{"line":180,"column":6},"end":{"line":183,"column":null}},"type":"if","locations":[{"start":{"line":180,"column":6},"end":{"line":183,"column":null}},{"start":{},"end":{}}],"line":180},"12":{"loc":{"start":{"line":211,"column":4},"end":{"line":215,"column":null}},"type":"if","locations":[{"start":{"line":211,"column":4},"end":{"line":215,"column":null}},{"start":{"line":213,"column":11},"end":{"line":215,"column":null}}],"line":211},"13":{"loc":{"start":{"line":218,"column":2},"end":{"line":234,"column":null}},"type":"if","locations":[{"start":{"line":218,"column":2},"end":{"line":234,"column":null}},{"start":{"line":226,"column":9},"end":{"line":234,"column":null}}],"line":218},"14":{"loc":{"start":{"line":248,"column":2},"end":{"line":250,"column":null}},"type":"if","locations":[{"start":{"line":248,"column":2},"end":{"line":250,"column":null}},{"start":{},"end":{}}],"line":248}},"s":{"0":2,"1":5,"2":1,"3":4,"4":1,"5":1,"6":1,"7":1,"8":6,"9":1,"10":5,"11":1,"12":1,"13":2,"14":1,"15":1,"16":1,"17":1,"18":1,"19":1,"20":2,"21":2,"22":2,"23":2,"24":4,"25":16,"26":10,"27":10,"28":10,"29":2,"30":2,"31":2,"32":2,"33":4,"34":2,"35":2,"36":2,"37":1,"38":1,"39":1,"40":1,"41":1,"42":2,"43":8,"44":8,"45":8,"46":8,"47":8,"48":16,"49":16,"50":7,"51":9,"52":0,"53":9,"54":8,"55":8,"56":8,"57":8,"58":8,"59":2,"60":2,"61":1,"62":2,"63":2,"64":2,"65":2,"66":4,"67":1,"68":3,"69":2,"70":1,"71":0,"72":1,"73":1,"74":1,"75":1,"76":1,"77":1,"78":1,"79":1,"80":0,"81":1,"82":2,"83":1,"84":1,"85":2},"f":{"0":5,"1":6,"2":1,"3":1,"4":2,"5":2,"6":1,"7":2,"8":0,"9":1,"10":1,"11":2},"b":{"0":[1,4],"1":[1,1,1,1],"2":[1,5],"3":[1,1,2,1],"4":[10,6],"5":[2,2],"6":[1,0],"7":[7,9],"8":[0,9],"9":[8,0],"10":[2,6],"11":[2,6],"12":[1,3],"13":[1,1],"14":[0,1]},"meta":{"lastBranch":15,"lastFunction":12,"lastStatement":86,"seen":{"s:3:40:3:Infinity":0,"f:19:16:19:Infinity":0,"b:25:2:27:Infinity:undefined:undefined:undefined:undefined":0,"s:25:2:27:Infinity":1,"s:26:4:26:Infinity":2,"b:30:4:31:Infinity:32:4:33:Infinity:34:4:35:Infinity:36:4:37:Infinity":1,"s:29:2:38:Infinity":3,"s:31:6:31:Infinity":4,"s:33:6:33:Infinity":5,"s:35:6:35:Infinity":6,"s:37:6:37:Infinity":7,"f:44:16:44:Infinity":1,"b:51:2:53:Infinity:undefined:undefined:undefined:undefined":2,"s:51:2:53:Infinity":8,"s:52:4:52:Infinity":9,"b:56:4:57:Infinity:58:4:59:Infinity:60:4:61:Infinity:62:4:63:Infinity":3,"s:55:2:64:Infinity":10,"s:57:6:57:Infinity":11,"s:59:6:59:Infinity":12,"s:61:6:61:Infinity":13,"s:63:6:63:Infinity":14,"f:71:9:71:26":2,"s:72:21:72:Infinity":15,"s:73:21:73:Infinity":16,"s:74:2:78:Infinity":17,"f:81:9:81:31":3,"s:82:21:82:Infinity":18,"s:83:2:86:Infinity":19,"f:93:9:93:28":4,"s:95:17:95:Infinity":20,"s:96:32:96:Infinity":21,"s:97:19:97:Infinity":22,"s:99:2:107:Infinity":23,"s:100:4:106:Infinity":24,"b:101:6:105:Infinity:undefined:undefined:undefined:undefined":4,"s:101:6:105:Infinity":25,"s:102:8:102:Infinity":26,"s:103:8:103:Infinity":27,"s:104:8:104:Infinity":28,"s:109:2:113:Infinity":29,"f:116:9:116:33":5,"s:118:17:118:Infinity":30,"s:119:19:119:Infinity":31,"s:121:2:126:Infinity":32,"b:122:4:125:Infinity:undefined:undefined:undefined:undefined":5,"s:122:4:125:Infinity":33,"s:123:6:123:Infinity":34,"s:124:6:124:Infinity":35,"s:128:2:131:Infinity":36,"f:141:9:141:Infinity":6,"s:147:31:147:Infinity":37,"s:149:60:152:Infinity":38,"s:153:25:153:Infinity":39,"s:155:24:155:Infinity":40,"b:155:48:155:61:155:61:155:Infinity":6,"s:157:2:185:Infinity":41,"s:158:4:184:Infinity":42,"s:159:25:159:Infinity":43,"s:162:17:162:Infinity":44,"s:163:17:163:Infinity":45,"s:164:19:164:Infinity":46,"s:166:6:171:Infinity":47,"s:167:25:167:Infinity":48,"b:168:8:170:Infinity:169:13:170:Infinity":7,"s:168:8:170:Infinity":49,"s:168:35:168:Infinity":50,"b:169:13:170:Infinity:170:13:170:Infinity":8,"s:169:13:170:Infinity":51,"s:169:42:169:Infinity":52,"s:170:13:170:Infinity":53,"s:173:20:173:Infinity":54,"b:173:20:173:44:173:44:173:Infinity":9,"s:174:12:174:Infinity":55,"s:177:22:177:Infinity":56,"b:177:57:177:64:177:64:177:Infinity":10,"s:178:28:178:Infinity":57,"b:180:6:183:Infinity:undefined:undefined:undefined:undefined":11,"s:180:6:183:Infinity":58,"s:181:8:181:Infinity":59,"s:182:8:182:Infinity":60,"s:187:2:191:Infinity":61,"f:198:9:198:Infinity":7,"s:204:20:204:Infinity":62,"s:207:37:207:Infinity":63,"s:208:36:208:Infinity":64,"s:210:2:216:Infinity":65,"b:211:4:215:Infinity:213:11:215:Infinity":12,"s:211:4:215:Infinity":66,"s:212:6:212:Infinity":67,"s:214:6:214:Infinity":68,"b:218:2:234:Infinity:226:9:234:Infinity":13,"s:218:2:234:Infinity":69,"s:220:4:220:Infinity":70,"f:220:17:220:23":8,"s:220:32:220:61":71,"s:221:27:221:Infinity":72,"s:222:4:225:Infinity":73,"s:228:4:228:Infinity":74,"f:228:16:228:22":9,"s:228:31:228:66":75,"s:229:26:229:Infinity":76,"s:230:4:233:Infinity":77,"f:240:9:240:33":10,"s:241:48:246:Infinity":78,"b:248:2:250:Infinity:undefined:undefined:undefined:undefined":14,"s:248:2:250:Infinity":79,"s:249:4:249:Infinity":80,"s:252:2:254:Infinity":81,"s:253:4:253:Infinity":82,"s:256:16:256:Infinity":83,"s:257:2:262:Infinity":84,"f:265:9:265:23":11,"s:266:2:266:Infinity":85},"fnNames":{}}}
,"C:\\Users\\mahla\\critical_projects\\wits_quest\\frontend\\src\\utils\\battleEngine.ts": {"path":"C:\\Users\\mahla\\critical_projects\\wits_quest\\frontend\\src\\utils\\battleEngine.ts","statementMap":{"0":{"start":{"line":66,"column":2},"end":{"line":79,"column":null}},"1":{"start":{"line":91,"column":2},"end":{"line":91,"column":null}},"2":{"start":{"line":91,"column":24},"end":{"line":91,"column":null}},"3":{"start":{"line":93,"column":26},"end":{"line":93,"column":null}},"4":{"start":{"line":94,"column":23},"end":{"line":94,"column":null}},"5":{"start":{"line":96,"column":30},"end":{"line":96,"column":null}},"6":{"start":{"line":97,"column":2},"end":{"line":101,"column":null}},"7":{"start":{"line":98,"column":4},"end":{"line":98,"column":null}},"8":{"start":{"line":99,"column":9},"end":{"line":101,"column":null}},"9":{"start":{"line":100,"column":4},"end":{"line":100,"column":null}},"10":{"start":{"line":103,"column":30},"end":{"line":111,"column":null}},"11":{"start":{"line":113,"column":20},"end":{"line":113,"column":null}},"12":{"start":{"line":114,"column":21},"end":{"line":114,"column":null}},"13":{"start":{"line":114,"column":45},"end":{"line":114,"column":64}},"14":{"start":{"line":115,"column":18},"end":{"line":115,"column":null}},"15":{"start":{"line":115,"column":42},"end":{"line":115,"column":62}},"16":{"start":{"line":117,"column":21},"end":{"line":117,"column":null}},"17":{"start":{"line":118,"column":29},"end":{"line":118,"column":null}},"18":{"start":{"line":119,"column":30},"end":{"line":119,"column":null}},"19":{"start":{"line":120,"column":21},"end":{"line":120,"column":null}},"20":{"start":{"line":122,"column":49},"end":{"line":122,"column":null}},"21":{"start":{"line":123,"column":2},"end":{"line":127,"column":null}},"22":{"start":{"line":124,"column":4},"end":{"line":126,"column":null}},"23":{"start":{"line":124,"column":30},"end":{"line":124,"column":null}},"24":{"start":{"line":125,"column":9},"end":{"line":126,"column":null}},"25":{"start":{"line":125,"column":35},"end":{"line":125,"column":null}},"26":{"start":{"line":126,"column":9},"end":{"line":126,"column":null}},"27":{"start":{"line":129,"column":2},"end":{"line":137,"column":null}},"28":{"start":{"line":144,"column":2},"end":{"line":146,"column":null}},"29":{"start":{"line":145,"column":4},"end":{"line":145,"column":null}},"30":{"start":{"line":148,"column":31},"end":{"line":148,"column":null}},"31":{"start":{"line":150,"column":2},"end":{"line":170,"column":null}},"32":{"start":{"line":151,"column":19},"end":{"line":151,"column":null}},"33":{"start":{"line":152,"column":24},"end":{"line":152,"column":null}},"34":{"start":{"line":153,"column":15},"end":{"line":153,"column":null}},"35":{"start":{"line":154,"column":20},"end":{"line":154,"column":null}},"36":{"start":{"line":155,"column":22},"end":{"line":155,"column":null}},"37":{"start":{"line":157,"column":4},"end":{"line":162,"column":null}},"38":{"start":{"line":163,"column":9},"end":{"line":170,"column":null}},"39":{"start":{"line":164,"column":4},"end":{"line":169,"column":null}},"40":{"start":{"line":172,"column":2},"end":{"line":177,"column":null}}},"fnMap":{"0":{"name":"createBattleState","decl":{"start":{"line":60,"column":16},"end":{"line":60,"column":null}},"loc":{"start":{"line":65,"column":15},"end":{"line":80,"column":null}},"line":65},"1":{"name":"resolveRound","decl":{"start":{"line":85,"column":16},"end":{"line":85,"column":null}},"loc":{"start":{"line":90,"column":15},"end":{"line":138,"column":null}},"line":90},"2":{"name":"(anonymous_2)","decl":{"start":{"line":114,"column":31},"end":{"line":114,"column":39}},"loc":{"start":{"line":114,"column":45},"end":{"line":114,"column":64}},"line":114},"3":{"name":"(anonymous_3)","decl":{"start":{"line":115,"column":28},"end":{"line":115,"column":36}},"loc":{"start":{"line":115,"column":42},"end":{"line":115,"column":62}},"line":115},"4":{"name":"calculateRewards","decl":{"start":{"line":143,"column":16},"end":{"line":143,"column":33}},"loc":{"start":{"line":143,"column":67},"end":{"line":178,"column":null}},"line":143}},"branchMap":{"0":{"loc":{"start":{"line":63,"column":2},"end":{"line":63,"column":null}},"type":"default-arg","locations":[{"start":{"line":63,"column":29},"end":{"line":63,"column":null}}],"line":63},"1":{"loc":{"start":{"line":64,"column":2},"end":{"line":64,"column":null}},"type":"default-arg","locations":[{"start":{"line":64,"column":14},"end":{"line":64,"column":null}}],"line":64},"2":{"loc":{"start":{"line":91,"column":2},"end":{"line":91,"column":null}},"type":"if","locations":[{"start":{"line":91,"column":2},"end":{"line":91,"column":null}},{"start":{},"end":{}}],"line":91},"3":{"loc":{"start":{"line":97,"column":2},"end":{"line":101,"column":null}},"type":"if","locations":[{"start":{"line":97,"column":2},"end":{"line":101,"column":null}},{"start":{"line":99,"column":9},"end":{"line":101,"column":null}}],"line":97},"4":{"loc":{"start":{"line":99,"column":9},"end":{"line":101,"column":null}},"type":"if","locations":[{"start":{"line":99,"column":9},"end":{"line":101,"column":null}},{"start":{},"end":{}}],"line":99},"5":{"loc":{"start":{"line":119,"column":30},"end":{"line":119,"column":null}},"type":"binary-expr","locations":[{"start":{"line":119,"column":30},"end":{"line":119,"column":58}},{"start":{"line":119,"column":58},"end":{"line":119,"column":null}}],"line":119},"6":{"loc":{"start":{"line":120,"column":21},"end":{"line":120,"column":null}},"type":"binary-expr","locations":[{"start":{"line":120,"column":21},"end":{"line":120,"column":43}},{"start":{"line":120,"column":43},"end":{"line":120,"column":null}}],"line":120},"7":{"loc":{"start":{"line":123,"column":2},"end":{"line":127,"column":null}},"type":"if","locations":[{"start":{"line":123,"column":2},"end":{"line":127,"column":null}},{"start":{},"end":{}}],"line":123},"8":{"loc":{"start":{"line":124,"column":4},"end":{"line":126,"column":null}},"type":"if","locations":[{"start":{"line":124,"column":4},"end":{"line":126,"column":null}},{"start":{"line":125,"column":9},"end":{"line":126,"column":null}}],"line":124},"9":{"loc":{"start":{"line":125,"column":9},"end":{"line":126,"column":null}},"type":"if","locations":[{"start":{"line":125,"column":9},"end":{"line":126,"column":null}},{"start":{"line":126,"column":9},"end":{"line":126,"column":null}}],"line":125},"10":{"loc":{"start":{"line":132,"column":18},"end":{"line":132,"column":null}},"type":"cond-expr","locations":[{"start":{"line":132,"column":31},"end":{"line":132,"column":52}},{"start":{"line":132,"column":52},"end":{"line":132,"column":null}}],"line":132},"11":{"loc":{"start":{"line":144,"column":2},"end":{"line":146,"column":null}},"type":"if","locations":[{"start":{"line":144,"column":2},"end":{"line":146,"column":null}},{"start":{},"end":{}}],"line":144},"12":{"loc":{"start":{"line":144,"column":6},"end":{"line":144,"column":42}},"type":"binary-expr","locations":[{"start":{"line":144,"column":6},"end":{"line":144,"column":27}},{"start":{"line":144,"column":27},"end":{"line":144,"column":42}}],"line":144},"13":{"loc":{"start":{"line":148,"column":31},"end":{"line":148,"column":null}},"type":"cond-expr","locations":[{"start":{"line":148,"column":61},"end":{"line":148,"column":67}},{"start":{"line":148,"column":67},"end":{"line":148,"column":null}}],"line":148},"14":{"loc":{"start":{"line":148,"column":67},"end":{"line":148,"column":null}},"type":"cond-expr","locations":[{"start":{"line":148,"column":99},"end":{"line":148,"column":105}},{"start":{"line":148,"column":105},"end":{"line":148,"column":null}}],"line":148},"15":{"loc":{"start":{"line":150,"column":2},"end":{"line":170,"column":null}},"type":"if","locations":[{"start":{"line":150,"column":2},"end":{"line":170,"column":null}},{"start":{"line":163,"column":9},"end":{"line":170,"column":null}}],"line":150},"16":{"loc":{"start":{"line":155,"column":22},"end":{"line":155,"column":null}},"type":"cond-expr","locations":[{"start":{"line":155,"column":52},"end":{"line":155,"column":57}},{"start":{"line":155,"column":57},"end":{"line":155,"column":null}}],"line":155},"17":{"loc":{"start":{"line":155,"column":57},"end":{"line":155,"column":null}},"type":"cond-expr","locations":[{"start":{"line":155,"column":89},"end":{"line":155,"column":94}},{"start":{"line":155,"column":94},"end":{"line":155,"column":null}}],"line":155},"18":{"loc":{"start":{"line":163,"column":9},"end":{"line":170,"column":null}},"type":"if","locations":[{"start":{"line":163,"column":9},"end":{"line":170,"column":null}},{"start":{},"end":{}}],"line":163}},"s":{"0":15,"1":15,"2":1,"3":14,"4":14,"5":14,"6":14,"7":7,"8":7,"9":3,"10":14,"11":14,"12":14,"13":16,"14":14,"15":16,"16":14,"17":14,"18":14,"19":15,"20":15,"21":15,"22":9,"23":5,"24":4,"25":2,"26":2,"27":14,"28":6,"29":1,"30":5,"31":6,"32":3,"33":3,"34":3,"35":3,"36":3,"37":3,"38":2,"39":1,"40":1},"f":{"0":15,"1":15,"2":16,"3":16,"4":6},"b":{"0":[15],"1":[15],"2":[1,14],"3":[7,7],"4":[3,4],"5":[14,9],"6":[15,6],"7":[9,6],"8":[5,4],"9":[2,2],"10":[9,5],"11":[1,5],"12":[6,5],"13":[1,4],"14":[1,3],"15":[3,2],"16":[1,2],"17":[1,1],"18":[1,1]},"meta":{"lastBranch":19,"lastFunction":5,"lastStatement":41,"seen":{"f:60:16:60:Infinity":0,"b:63:29:63:Infinity":0,"b:64:14:64:Infinity":1,"s:66:2:79:Infinity":0,"f:85:16:85:Infinity":1,"b:91:2:91:Infinity:undefined:undefined:undefined:undefined":2,"s:91:2:91:Infinity":1,"s:91:24:91:Infinity":2,"s:93:26:93:Infinity":3,"s:94:23:94:Infinity":4,"s:96:30:96:Infinity":5,"b:97:2:101:Infinity:99:9:101:Infinity":3,"s:97:2:101:Infinity":6,"s:98:4:98:Infinity":7,"b:99:9:101:Infinity:undefined:undefined:undefined:undefined":4,"s:99:9:101:Infinity":8,"s:100:4:100:Infinity":9,"s:103:30:111:Infinity":10,"s:113:20:113:Infinity":11,"s:114:21:114:Infinity":12,"f:114:31:114:39":2,"s:114:45:114:64":13,"s:115:18:115:Infinity":14,"f:115:28:115:36":3,"s:115:42:115:62":15,"s:117:21:117:Infinity":16,"s:118:29:118:Infinity":17,"s:119:30:119:Infinity":18,"b:119:30:119:58:119:58:119:Infinity":5,"s:120:21:120:Infinity":19,"b:120:21:120:43:120:43:120:Infinity":6,"s:122:49:122:Infinity":20,"b:123:2:127:Infinity:undefined:undefined:undefined:undefined":7,"s:123:2:127:Infinity":21,"b:124:4:126:Infinity:125:9:126:Infinity":8,"s:124:4:126:Infinity":22,"s:124:30:124:Infinity":23,"b:125:9:126:Infinity:126:9:126:Infinity":9,"s:125:9:126:Infinity":24,"s:125:35:125:Infinity":25,"s:126:9:126:Infinity":26,"s:129:2:137:Infinity":27,"b:132:31:132:52:132:52:132:Infinity":10,"f:143:16:143:33":4,"b:144:2:146:Infinity:undefined:undefined:undefined:undefined":11,"s:144:2:146:Infinity":28,"b:144:6:144:27:144:27:144:42":12,"s:145:4:145:Infinity":29,"s:148:31:148:Infinity":30,"b:148:61:148:67:148:67:148:Infinity":13,"b:148:99:148:105:148:105:148:Infinity":14,"b:150:2:170:Infinity:163:9:170:Infinity":15,"s:150:2:170:Infinity":31,"s:151:19:151:Infinity":32,"s:152:24:152:Infinity":33,"s:153:15:153:Infinity":34,"s:154:20:154:Infinity":35,"s:155:22:155:Infinity":36,"b:155:52:155:57:155:57:155:Infinity":16,"b:155:89:155:94:155:94:155:Infinity":17,"s:157:4:162:Infinity":37,"b:163:9:170:Infinity:undefined:undefined:undefined:undefined":18,"s:163:9:170:Infinity":38,"s:164:4:169:Infinity":39,"s:172:2:177:Infinity":40},"fnNames":{}}}
}
