{"C:\\Users\\orati\\Documents\\Wits-Quest\\frontend\\src\\App.tsx": {"path":"C:\\Users\\orati\\Documents\\Wits-Quest\\frontend\\src\\App.tsx","statementMap":{"0":{"start":{"line":20,"column":56},"end":{"line":24,"column":null}},"1":{"start":{"line":26,"column":20},"end":{"line":34,"column":null}},"2":{"start":{"line":37,"column":32},"end":{"line":37,"column":40}},"3":{"start":{"line":38,"column":30},"end":{"line":38,"column":null}},"4":{"start":{"line":39,"column":36},"end":{"line":39,"column":null}},"5":{"start":{"line":40,"column":40},"end":{"line":40,"column":null}},"6":{"start":{"line":41,"column":46},"end":{"line":41,"column":null}},"7":{"start":{"line":42,"column":40},"end":{"line":42,"column":null}},"8":{"start":{"line":44,"column":2},"end":{"line":60,"column":null}},"9":{"start":{"line":45,"column":4},"end":{"line":58,"column":null}},"10":{"start":{"line":62,"column":2},"end":{"line":64,"column":null}},"11":{"start":{"line":63,"column":4},"end":{"line":63,"column":null}},"12":{"start":{"line":66,"column":2},"end":{"line":213,"column":null}},"13":{"start":{"line":69,"column":32},"end":{"line":69,"column":59}},"14":{"start":{"line":83,"column":14},"end":{"line":101,"column":null}},"15":{"start":{"line":85,"column":31},"end":{"line":85,"column":null}},"16":{"start":{"line":104,"column":29},"end":{"line":104,"column":null}},"17":{"start":{"line":140,"column":14},"end":{"line":157,"column":null}},"18":{"start":{"line":142,"column":31},"end":{"line":142,"column":null}},"19":{"start":{"line":164,"column":60},"end":{"line":164,"column":90}},"20":{"start":{"line":177,"column":31},"end":{"line":177,"column":null}},"21":{"start":{"line":184,"column":29},"end":{"line":184,"column":null}},"22":{"start":{"line":185,"column":34},"end":{"line":185,"column":null}},"23":{"start":{"line":185,"column":56},"end":{"line":185,"column":61}},"24":{"start":{"line":218,"column":2},"end":{"line":221,"column":null}}},"fnMap":{"0":{"name":"AppContent","decl":{"start":{"line":36,"column":9},"end":{"line":36,"column":22}},"loc":{"start":{"line":36,"column":22},"end":{"line":215,"column":null}},"line":36},"1":{"name":"(anonymous_1)","decl":{"start":{"line":69,"column":14},"end":{"line":69,"column":32}},"loc":{"start":{"line":69,"column":32},"end":{"line":69,"column":59}},"line":69},"2":{"name":"(anonymous_2)","decl":{"start":{"line":82,"column":23},"end":{"line":82,"column":28}},"loc":{"start":{"line":83,"column":14},"end":{"line":101,"column":null}},"line":83},"3":{"name":"(anonymous_3)","decl":{"start":{"line":85,"column":16},"end":{"line":85,"column":31}},"loc":{"start":{"line":85,"column":31},"end":{"line":85,"column":null}},"line":85},"4":{"name":"(anonymous_4)","decl":{"start":{"line":104,"column":14},"end":{"line":104,"column":29}},"loc":{"start":{"line":104,"column":29},"end":{"line":104,"column":null}},"line":104},"5":{"name":"(anonymous_5)","decl":{"start":{"line":139,"column":25},"end":{"line":139,"column":30}},"loc":{"start":{"line":140,"column":14},"end":{"line":157,"column":null}},"line":140},"6":{"name":"(anonymous_6)","decl":{"start":{"line":142,"column":16},"end":{"line":142,"column":31}},"loc":{"start":{"line":142,"column":31},"end":{"line":142,"column":null}},"line":142},"7":{"name":"(anonymous_7)","decl":{"start":{"line":164,"column":27},"end":{"line":164,"column":42}},"loc":{"start":{"line":164,"column":60},"end":{"line":164,"column":90}},"line":164},"8":{"name":"(anonymous_8)","decl":{"start":{"line":177,"column":12},"end":{"line":177,"column":25}},"loc":{"start":{"line":177,"column":31},"end":{"line":177,"column":null}},"line":177},"9":{"name":"(anonymous_9)","decl":{"start":{"line":184,"column":14},"end":{"line":184,"column":29}},"loc":{"start":{"line":184,"column":29},"end":{"line":184,"column":null}},"line":184},"10":{"name":"(anonymous_10)","decl":{"start":{"line":185,"column":14},"end":{"line":185,"column":34}},"loc":{"start":{"line":185,"column":34},"end":{"line":185,"column":null}},"line":185},"11":{"name":"(anonymous_11)","decl":{"start":{"line":185,"column":34},"end":{"line":185,"column":50}},"loc":{"start":{"line":185,"column":56},"end":{"line":185,"column":61}},"line":185},"12":{"name":"App","decl":{"start":{"line":217,"column":24},"end":{"line":217,"column":30}},"loc":{"start":{"line":217,"column":30},"end":{"line":223,"column":null}},"line":217}},"branchMap":{"0":{"loc":{"start":{"line":44,"column":2},"end":{"line":60,"column":null}},"type":"if","locations":[{"start":{"line":44,"column":2},"end":{"line":60,"column":null}},{"start":{},"end":{}}],"line":44},"1":{"loc":{"start":{"line":62,"column":2},"end":{"line":64,"column":null}},"type":"if","locations":[{"start":{"line":62,"column":2},"end":{"line":64,"column":null}},{"start":{},"end":{}}],"line":62},"2":{"loc":{"start":{"line":71,"column":7},"end":{"line":213,"column":null}},"type":"cond-expr","locations":[{"start":{"line":73,"column":8},"end":{"line":127,"column":null}},{"start":{"line":130,"column":8},"end":{"line":213,"column":null}}],"line":71},"3":{"loc":{"start":{"line":95,"column":25},"end":{"line":95,"column":null}},"type":"cond-expr","locations":[{"start":{"line":95,"column":50},"end":{"line":95,"column":62}},{"start":{"line":95,"column":62},"end":{"line":95,"column":null}}],"line":95},"4":{"loc":{"start":{"line":96,"column":45},"end":{"line":96,"column":null}},"type":"cond-expr","locations":[{"start":{"line":96,"column":70},"end":{"line":96,"column":82}},{"start":{"line":96,"column":82},"end":{"line":96,"column":null}}],"line":96},"5":{"loc":{"start":{"line":123,"column":13},"end":{"line":123,"column":null}},"type":"binary-expr","locations":[{"start":{"line":123,"column":13},"end":{"line":123,"column":41}},{"start":{"line":123,"column":41},"end":{"line":123,"column":null}}],"line":123},"6":{"loc":{"start":{"line":124,"column":13},"end":{"line":124,"column":null}},"type":"binary-expr","locations":[{"start":{"line":124,"column":13},"end":{"line":124,"column":42}},{"start":{"line":124,"column":42},"end":{"line":124,"column":null}}],"line":124},"7":{"loc":{"start":{"line":125,"column":13},"end":{"line":125,"column":null}},"type":"binary-expr","locations":[{"start":{"line":125,"column":13},"end":{"line":125,"column":44}},{"start":{"line":125,"column":44},"end":{"line":125,"column":null}}],"line":125},"8":{"loc":{"start":{"line":146,"column":39},"end":{"line":146,"column":null}},"type":"cond-expr","locations":[{"start":{"line":146,"column":59},"end":{"line":146,"column":71}},{"start":{"line":146,"column":71},"end":{"line":146,"column":null}}],"line":146},"9":{"loc":{"start":{"line":147,"column":30},"end":{"line":147,"column":null}},"type":"cond-expr","locations":[{"start":{"line":147,"column":50},"end":{"line":147,"column":80}},{"start":{"line":147,"column":80},"end":{"line":147,"column":null}}],"line":147},"10":{"loc":{"start":{"line":148,"column":25},"end":{"line":148,"column":null}},"type":"cond-expr","locations":[{"start":{"line":148,"column":45},"end":{"line":148,"column":57}},{"start":{"line":148,"column":57},"end":{"line":148,"column":null}}],"line":148},"11":{"loc":{"start":{"line":163,"column":13},"end":{"line":164,"column":null}},"type":"binary-expr","locations":[{"start":{"line":163,"column":13},"end":{"line":163,"column":null}},{"start":{"line":164,"column":14},"end":{"line":164,"column":null}}],"line":163},"12":{"loc":{"start":{"line":166,"column":13},"end":{"line":166,"column":null}},"type":"binary-expr","locations":[{"start":{"line":166,"column":13},"end":{"line":166,"column":40}},{"start":{"line":166,"column":40},"end":{"line":166,"column":null}}],"line":166},"13":{"loc":{"start":{"line":167,"column":13},"end":{"line":167,"column":null}},"type":"binary-expr","locations":[{"start":{"line":167,"column":13},"end":{"line":167,"column":34}},{"start":{"line":167,"column":34},"end":{"line":167,"column":null}}],"line":167},"14":{"loc":{"start":{"line":168,"column":13},"end":{"line":168,"column":null}},"type":"binary-expr","locations":[{"start":{"line":168,"column":13},"end":{"line":168,"column":36}},{"start":{"line":168,"column":36},"end":{"line":168,"column":null}}],"line":168},"15":{"loc":{"start":{"line":169,"column":13},"end":{"line":169,"column":null}},"type":"binary-expr","locations":[{"start":{"line":169,"column":13},"end":{"line":169,"column":41}},{"start":{"line":169,"column":41},"end":{"line":169,"column":null}}],"line":169},"16":{"loc":{"start":{"line":170,"column":13},"end":{"line":170,"column":null}},"type":"binary-expr","locations":[{"start":{"line":170,"column":13},"end":{"line":170,"column":36}},{"start":{"line":170,"column":36},"end":{"line":170,"column":null}}],"line":170},"17":{"loc":{"start":{"line":171,"column":13},"end":{"line":171,"column":null}},"type":"binary-expr","locations":[{"start":{"line":171,"column":13},"end":{"line":171,"column":35}},{"start":{"line":171,"column":35},"end":{"line":171,"column":null}}],"line":171},"18":{"loc":{"start":{"line":181,"column":11},"end":{"line":186,"column":null}},"type":"binary-expr","locations":[{"start":{"line":181,"column":11},"end":{"line":181,"column":null}},{"start":{"line":182,"column":12},"end":{"line":186,"column":null}}],"line":181},"19":{"loc":{"start":{"line":190,"column":11},"end":{"line":209,"column":null}},"type":"binary-expr","locations":[{"start":{"line":190,"column":11},"end":{"line":190,"column":null}},{"start":{"line":191,"column":12},"end":{"line":209,"column":null}}],"line":190},"20":{"loc":{"start":{"line":208,"column":33},"end":{"line":208,"column":60}},"type":"cond-expr","locations":[{"start":{"line":208,"column":51},"end":{"line":208,"column":57}},{"start":{"line":208,"column":57},"end":{"line":208,"column":60}}],"line":208}},"s":{"0":1,"1":1,"2":0,"3":0,"4":0,"5":0,"6":0,"7":0,"8":0,"9":0,"10":0,"11":0,"12":0,"13":0,"14":0,"15":0,"16":0,"17":0,"18":0,"19":0,"20":0,"21":0,"22":0,"23":0,"24":0},"f":{"0":0,"1":0,"2":0,"3":0,"4":0,"5":0,"6":0,"7":0,"8":0,"9":0,"10":0,"11":0,"12":0},"b":{"0":[0,0],"1":[0,0],"2":[0,0],"3":[0,0],"4":[0,0],"5":[0,0],"6":[0,0],"7":[0,0],"8":[0,0],"9":[0,0],"10":[0,0],"11":[0,0],"12":[0,0],"13":[0,0],"14":[0,0],"15":[0,0],"16":[0,0],"17":[0,0],"18":[0,0],"19":[0,0],"20":[0,0]},"meta":{"lastBranch":21,"lastFunction":13,"lastStatement":25,"seen":{"s:20:56:24:Infinity":0,"s:26:20:34:Infinity":1,"f:36:9:36:22":0,"s:37:32:37:40":2,"s:38:30:38:Infinity":3,"s:39:36:39:Infinity":4,"s:40:40:40:Infinity":5,"s:41:46:41:Infinity":6,"s:42:40:42:Infinity":7,"b:44:2:60:Infinity:undefined:undefined:undefined:undefined":0,"s:44:2:60:Infinity":8,"s:45:4:58:Infinity":9,"b:62:2:64:Infinity:undefined:undefined:undefined:undefined":1,"s:62:2:64:Infinity":10,"s:63:4:63:Infinity":11,"s:66:2:213:Infinity":12,"f:69:14:69:32":1,"s:69:32:69:59":13,"b:73:8:127:Infinity:130:8:213:Infinity":2,"f:82:23:82:28":2,"s:83:14:101:Infinity":14,"f:85:16:85:31":3,"s:85:31:85:Infinity":15,"b:95:50:95:62:95:62:95:Infinity":3,"b:96:70:96:82:96:82:96:Infinity":4,"f:104:14:104:29":4,"s:104:29:104:Infinity":16,"b:123:13:123:41:123:41:123:Infinity":5,"b:124:13:124:42:124:42:124:Infinity":6,"b:125:13:125:44:125:44:125:Infinity":7,"f:139:25:139:30":5,"s:140:14:157:Infinity":17,"f:142:16:142:31":6,"s:142:31:142:Infinity":18,"b:146:59:146:71:146:71:146:Infinity":8,"b:147:50:147:80:147:80:147:Infinity":9,"b:148:45:148:57:148:57:148:Infinity":10,"b:163:13:163:Infinity:164:14:164:Infinity":11,"f:164:27:164:42":7,"s:164:60:164:90":19,"b:166:13:166:40:166:40:166:Infinity":12,"b:167:13:167:34:167:34:167:Infinity":13,"b:168:13:168:36:168:36:168:Infinity":14,"b:169:13:169:41:169:41:169:Infinity":15,"b:170:13:170:36:170:36:170:Infinity":16,"b:171:13:171:35:171:35:171:Infinity":17,"f:177:12:177:25":8,"s:177:31:177:Infinity":20,"b:181:11:181:Infinity:182:12:186:Infinity":18,"f:184:14:184:29":9,"s:184:29:184:Infinity":21,"f:185:14:185:34":10,"s:185:34:185:Infinity":22,"f:185:34:185:50":11,"s:185:56:185:61":23,"b:190:11:190:Infinity:191:12:209:Infinity":19,"b:208:51:208:57:208:57:208:60":20,"f:217:24:217:30":12,"s:218:2:221:Infinity":24},"fnNames":{}}}
,"C:\\Users\\orati\\Documents\\Wits-Quest\\frontend\\src\\components\\BottomNav.tsx": {"path":"C:\\Users\\orati\\Documents\\Wits-Quest\\frontend\\src\\components\\BottomNav.tsx","statementMap":{"0":{"start":{"line":6,"column":18},"end":{"line":56,"column":null}},"1":{"start":{"line":59,"column":2},"end":{"line":109,"column":null}},"2":{"start":{"line":71,"column":25},"end":{"line":71,"column":null}},"3":{"start":{"line":72,"column":8},"end":{"line":106,"column":null}},"4":{"start":{"line":75,"column":27},"end":{"line":75,"column":null}}},"fnMap":{"0":{"name":"BottomNav","decl":{"start":{"line":58,"column":24},"end":{"line":58,"column":34}},"loc":{"start":{"line":58,"column":74},"end":{"line":111,"column":null}},"line":58},"1":{"name":"(anonymous_1)","decl":{"start":{"line":70,"column":17},"end":{"line":70,"column":22}},"loc":{"start":{"line":70,"column":31},"end":{"line":108,"column":7}},"line":70},"2":{"name":"(anonymous_2)","decl":{"start":{"line":75,"column":12},"end":{"line":75,"column":27}},"loc":{"start":{"line":75,"column":27},"end":{"line":75,"column":null}},"line":75}},"branchMap":{"0":{"loc":{"start":{"line":78,"column":21},"end":{"line":78,"column":null}},"type":"cond-expr","locations":[{"start":{"line":78,"column":32},"end":{"line":78,"column":44}},{"start":{"line":78,"column":44},"end":{"line":78,"column":null}}],"line":78},"1":{"loc":{"start":{"line":85,"column":13},"end":{"line":98,"column":null}},"type":"binary-expr","locations":[{"start":{"line":85,"column":13},"end":{"line":85,"column":null}},{"start":{"line":86,"column":14},"end":{"line":98,"column":null}}],"line":85},"2":{"loc":{"start":{"line":100,"column":37},"end":{"line":100,"column":75}},"type":"cond-expr","locations":[{"start":{"line":100,"column":48},"end":{"line":100,"column":63}},{"start":{"line":100,"column":63},"end":{"line":100,"column":75}}],"line":100},"3":{"loc":{"start":{"line":103,"column":53},"end":{"line":103,"column":75}},"type":"cond-expr","locations":[{"start":{"line":103,"column":64},"end":{"line":103,"column":70}},{"start":{"line":103,"column":70},"end":{"line":103,"column":75}}],"line":103}},"s":{"0":2,"1":3,"2":15,"3":15,"4":1},"f":{"0":3,"1":15,"2":1},"b":{"0":[3,12],"1":[15,3],"2":[3,12],"3":[3,12]},"meta":{"lastBranch":4,"lastFunction":3,"lastStatement":5,"seen":{"s:6:18:56:Infinity":0,"f:58:24:58:34":0,"s:59:2:109:Infinity":1,"f:70:17:70:22":1,"s:71:25:71:Infinity":2,"s:72:8:106:Infinity":3,"f:75:12:75:27":2,"s:75:27:75:Infinity":4,"b:78:32:78:44:78:44:78:Infinity":0,"b:85:13:85:Infinity:86:14:98:Infinity":1,"b:100:48:100:63:100:63:100:75":2,"b:103:64:103:70:103:70:103:75":3},"fnNames":{}}}
,"C:\\Users\\orati\\Documents\\Wits-Quest\\frontend\\src\\components\\IconSet.tsx": {"path":"C:\\Users\\orati\\Documents\\Wits-Quest\\frontend\\src\\components\\IconSet.tsx","statementMap":{"0":{"start":{"line":10,"column":2},"end":{"line":13,"column":null}},"1":{"start":{"line":18,"column":2},"end":{"line":22,"column":null}},"2":{"start":{"line":27,"column":2},"end":{"line":30,"column":null}},"3":{"start":{"line":35,"column":2},"end":{"line":38,"column":null}},"4":{"start":{"line":43,"column":2},"end":{"line":47,"column":null}},"5":{"start":{"line":52,"column":2},"end":{"line":60,"column":null}},"6":{"start":{"line":65,"column":2},"end":{"line":69,"column":null}},"7":{"start":{"line":74,"column":2},"end":{"line":78,"column":null}},"8":{"start":{"line":83,"column":2},"end":{"line":86,"column":null}},"9":{"start":{"line":91,"column":2},"end":{"line":95,"column":null}},"10":{"start":{"line":100,"column":2},"end":{"line":104,"column":null}},"11":{"start":{"line":109,"column":2},"end":{"line":116,"column":null}}},"fnMap":{"0":{"name":"IconFlame","decl":{"start":{"line":9,"column":16},"end":{"line":9,"column":26}},"loc":{"start":{"line":9,"column":87},"end":{"line":15,"column":null}},"line":9},"1":{"name":"IconSwords","decl":{"start":{"line":17,"column":16},"end":{"line":17,"column":27}},"loc":{"start":{"line":17,"column":88},"end":{"line":24,"column":null}},"line":17},"2":{"name":"IconShield","decl":{"start":{"line":26,"column":16},"end":{"line":26,"column":27}},"loc":{"start":{"line":26,"column":88},"end":{"line":32,"column":null}},"line":26},"3":{"name":"IconZap","decl":{"start":{"line":34,"column":16},"end":{"line":34,"column":24}},"loc":{"start":{"line":34,"column":85},"end":{"line":40,"column":null}},"line":34},"4":{"name":"IconBrain","decl":{"start":{"line":42,"column":16},"end":{"line":42,"column":26}},"loc":{"start":{"line":42,"column":87},"end":{"line":49,"column":null}},"line":42},"5":{"name":"IconTrophy","decl":{"start":{"line":51,"column":16},"end":{"line":51,"column":27}},"loc":{"start":{"line":51,"column":88},"end":{"line":62,"column":null}},"line":51},"6":{"name":"IconMapPin","decl":{"start":{"line":64,"column":16},"end":{"line":64,"column":27}},"loc":{"start":{"line":64,"column":88},"end":{"line":71,"column":null}},"line":64},"7":{"name":"IconCards","decl":{"start":{"line":73,"column":16},"end":{"line":73,"column":26}},"loc":{"start":{"line":73,"column":87},"end":{"line":80,"column":null}},"line":73},"8":{"name":"IconRefresh","decl":{"start":{"line":82,"column":16},"end":{"line":82,"column":28}},"loc":{"start":{"line":82,"column":89},"end":{"line":88,"column":null}},"line":82},"9":{"name":"IconSettings","decl":{"start":{"line":90,"column":16},"end":{"line":90,"column":29}},"loc":{"start":{"line":90,"column":90},"end":{"line":97,"column":null}},"line":90},"10":{"name":"IconLock","decl":{"start":{"line":99,"column":16},"end":{"line":99,"column":25}},"loc":{"start":{"line":99,"column":86},"end":{"line":106,"column":null}},"line":99},"11":{"name":"IconSparkles","decl":{"start":{"line":108,"column":16},"end":{"line":108,"column":29}},"loc":{"start":{"line":108,"column":90},"end":{"line":118,"column":null}},"line":108}},"branchMap":{"0":{"loc":{"start":{"line":9,"column":28},"end":{"line":9,"column":39}},"type":"default-arg","locations":[{"start":{"line":9,"column":35},"end":{"line":9,"column":39}}],"line":9},"1":{"loc":{"start":{"line":9,"column":39},"end":{"line":9,"column":58}},"type":"default-arg","locations":[{"start":{"line":9,"column":47},"end":{"line":9,"column":58}}],"line":9},"2":{"loc":{"start":{"line":9,"column":58},"end":{"line":9,"column":87}},"type":"default-arg","locations":[{"start":{"line":9,"column":70},"end":{"line":9,"column":87}}],"line":9},"3":{"loc":{"start":{"line":17,"column":29},"end":{"line":17,"column":40}},"type":"default-arg","locations":[{"start":{"line":17,"column":36},"end":{"line":17,"column":40}}],"line":17},"4":{"loc":{"start":{"line":17,"column":40},"end":{"line":17,"column":59}},"type":"default-arg","locations":[{"start":{"line":17,"column":48},"end":{"line":17,"column":59}}],"line":17},"5":{"loc":{"start":{"line":17,"column":59},"end":{"line":17,"column":88}},"type":"default-arg","locations":[{"start":{"line":17,"column":71},"end":{"line":17,"column":88}}],"line":17},"6":{"loc":{"start":{"line":26,"column":29},"end":{"line":26,"column":40}},"type":"default-arg","locations":[{"start":{"line":26,"column":36},"end":{"line":26,"column":40}}],"line":26},"7":{"loc":{"start":{"line":26,"column":40},"end":{"line":26,"column":59}},"type":"default-arg","locations":[{"start":{"line":26,"column":48},"end":{"line":26,"column":59}}],"line":26},"8":{"loc":{"start":{"line":26,"column":59},"end":{"line":26,"column":88}},"type":"default-arg","locations":[{"start":{"line":26,"column":71},"end":{"line":26,"column":88}}],"line":26},"9":{"loc":{"start":{"line":34,"column":26},"end":{"line":34,"column":37}},"type":"default-arg","locations":[{"start":{"line":34,"column":33},"end":{"line":34,"column":37}}],"line":34},"10":{"loc":{"start":{"line":34,"column":37},"end":{"line":34,"column":56}},"type":"default-arg","locations":[{"start":{"line":34,"column":45},"end":{"line":34,"column":56}}],"line":34},"11":{"loc":{"start":{"line":34,"column":56},"end":{"line":34,"column":85}},"type":"default-arg","locations":[{"start":{"line":34,"column":68},"end":{"line":34,"column":85}}],"line":34},"12":{"loc":{"start":{"line":42,"column":28},"end":{"line":42,"column":39}},"type":"default-arg","locations":[{"start":{"line":42,"column":35},"end":{"line":42,"column":39}}],"line":42},"13":{"loc":{"start":{"line":42,"column":39},"end":{"line":42,"column":58}},"type":"default-arg","locations":[{"start":{"line":42,"column":47},"end":{"line":42,"column":58}}],"line":42},"14":{"loc":{"start":{"line":42,"column":58},"end":{"line":42,"column":87}},"type":"default-arg","locations":[{"start":{"line":42,"column":70},"end":{"line":42,"column":87}}],"line":42},"15":{"loc":{"start":{"line":51,"column":29},"end":{"line":51,"column":40}},"type":"default-arg","locations":[{"start":{"line":51,"column":36},"end":{"line":51,"column":40}}],"line":51},"16":{"loc":{"start":{"line":51,"column":40},"end":{"line":51,"column":59}},"type":"default-arg","locations":[{"start":{"line":51,"column":48},"end":{"line":51,"column":59}}],"line":51},"17":{"loc":{"start":{"line":51,"column":59},"end":{"line":51,"column":88}},"type":"default-arg","locations":[{"start":{"line":51,"column":71},"end":{"line":51,"column":88}}],"line":51},"18":{"loc":{"start":{"line":64,"column":29},"end":{"line":64,"column":40}},"type":"default-arg","locations":[{"start":{"line":64,"column":36},"end":{"line":64,"column":40}}],"line":64},"19":{"loc":{"start":{"line":64,"column":40},"end":{"line":64,"column":59}},"type":"default-arg","locations":[{"start":{"line":64,"column":48},"end":{"line":64,"column":59}}],"line":64},"20":{"loc":{"start":{"line":64,"column":59},"end":{"line":64,"column":88}},"type":"default-arg","locations":[{"start":{"line":64,"column":71},"end":{"line":64,"column":88}}],"line":64},"21":{"loc":{"start":{"line":73,"column":28},"end":{"line":73,"column":39}},"type":"default-arg","locations":[{"start":{"line":73,"column":35},"end":{"line":73,"column":39}}],"line":73},"22":{"loc":{"start":{"line":73,"column":39},"end":{"line":73,"column":58}},"type":"default-arg","locations":[{"start":{"line":73,"column":47},"end":{"line":73,"column":58}}],"line":73},"23":{"loc":{"start":{"line":73,"column":58},"end":{"line":73,"column":87}},"type":"default-arg","locations":[{"start":{"line":73,"column":70},"end":{"line":73,"column":87}}],"line":73},"24":{"loc":{"start":{"line":82,"column":30},"end":{"line":82,"column":41}},"type":"default-arg","locations":[{"start":{"line":82,"column":37},"end":{"line":82,"column":41}}],"line":82},"25":{"loc":{"start":{"line":82,"column":41},"end":{"line":82,"column":60}},"type":"default-arg","locations":[{"start":{"line":82,"column":49},"end":{"line":82,"column":60}}],"line":82},"26":{"loc":{"start":{"line":82,"column":60},"end":{"line":82,"column":89}},"type":"default-arg","locations":[{"start":{"line":82,"column":72},"end":{"line":82,"column":89}}],"line":82},"27":{"loc":{"start":{"line":90,"column":31},"end":{"line":90,"column":42}},"type":"default-arg","locations":[{"start":{"line":90,"column":38},"end":{"line":90,"column":42}}],"line":90},"28":{"loc":{"start":{"line":90,"column":42},"end":{"line":90,"column":61}},"type":"default-arg","locations":[{"start":{"line":90,"column":50},"end":{"line":90,"column":61}}],"line":90},"29":{"loc":{"start":{"line":90,"column":61},"end":{"line":90,"column":90}},"type":"default-arg","locations":[{"start":{"line":90,"column":73},"end":{"line":90,"column":90}}],"line":90},"30":{"loc":{"start":{"line":99,"column":27},"end":{"line":99,"column":38}},"type":"default-arg","locations":[{"start":{"line":99,"column":34},"end":{"line":99,"column":38}}],"line":99},"31":{"loc":{"start":{"line":99,"column":38},"end":{"line":99,"column":57}},"type":"default-arg","locations":[{"start":{"line":99,"column":46},"end":{"line":99,"column":57}}],"line":99},"32":{"loc":{"start":{"line":99,"column":57},"end":{"line":99,"column":86}},"type":"default-arg","locations":[{"start":{"line":99,"column":69},"end":{"line":99,"column":86}}],"line":99},"33":{"loc":{"start":{"line":108,"column":31},"end":{"line":108,"column":42}},"type":"default-arg","locations":[{"start":{"line":108,"column":38},"end":{"line":108,"column":42}}],"line":108},"34":{"loc":{"start":{"line":108,"column":42},"end":{"line":108,"column":61}},"type":"default-arg","locations":[{"start":{"line":108,"column":50},"end":{"line":108,"column":61}}],"line":108},"35":{"loc":{"start":{"line":108,"column":61},"end":{"line":108,"column":90}},"type":"default-arg","locations":[{"start":{"line":108,"column":73},"end":{"line":108,"column":90}}],"line":108}},"s":{"0":0,"1":0,"2":0,"3":0,"4":0,"5":0,"6":0,"7":0,"8":0,"9":0,"10":0,"11":0},"f":{"0":0,"1":0,"2":0,"3":0,"4":0,"5":0,"6":0,"7":0,"8":0,"9":0,"10":0,"11":0},"b":{"0":[0],"1":[0],"2":[0],"3":[0],"4":[0],"5":[0],"6":[0],"7":[0],"8":[0],"9":[0],"10":[0],"11":[0],"12":[0],"13":[0],"14":[0],"15":[0],"16":[0],"17":[0],"18":[0],"19":[0],"20":[0],"21":[0],"22":[0],"23":[0],"24":[0],"25":[0],"26":[0],"27":[0],"28":[0],"29":[0],"30":[0],"31":[0],"32":[0],"33":[0],"34":[0],"35":[0]},"meta":{"lastBranch":36,"lastFunction":12,"lastStatement":12,"seen":{"f:9:16:9:26":0,"b:9:35:9:39":0,"b:9:47:9:58":1,"b:9:70:9:87":2,"s:10:2:13:Infinity":0,"f:17:16:17:27":1,"b:17:36:17:40":3,"b:17:48:17:59":4,"b:17:71:17:88":5,"s:18:2:22:Infinity":1,"f:26:16:26:27":2,"b:26:36:26:40":6,"b:26:48:26:59":7,"b:26:71:26:88":8,"s:27:2:30:Infinity":2,"f:34:16:34:24":3,"b:34:33:34:37":9,"b:34:45:34:56":10,"b:34:68:34:85":11,"s:35:2:38:Infinity":3,"f:42:16:42:26":4,"b:42:35:42:39":12,"b:42:47:42:58":13,"b:42:70:42:87":14,"s:43:2:47:Infinity":4,"f:51:16:51:27":5,"b:51:36:51:40":15,"b:51:48:51:59":16,"b:51:71:51:88":17,"s:52:2:60:Infinity":5,"f:64:16:64:27":6,"b:64:36:64:40":18,"b:64:48:64:59":19,"b:64:71:64:88":20,"s:65:2:69:Infinity":6,"f:73:16:73:26":7,"b:73:35:73:39":21,"b:73:47:73:58":22,"b:73:70:73:87":23,"s:74:2:78:Infinity":7,"f:82:16:82:28":8,"b:82:37:82:41":24,"b:82:49:82:60":25,"b:82:72:82:89":26,"s:83:2:86:Infinity":8,"f:90:16:90:29":9,"b:90:38:90:42":27,"b:90:50:90:61":28,"b:90:73:90:90":29,"s:91:2:95:Infinity":9,"f:99:16:99:25":10,"b:99:34:99:38":30,"b:99:46:99:57":31,"b:99:69:99:86":32,"s:100:2:104:Infinity":10,"f:108:16:108:29":11,"b:108:38:108:42":33,"b:108:50:108:61":34,"b:108:73:108:90":35,"s:109:2:116:Infinity":11},"fnNames":{}}}
,"C:\\Users\\orati\\Documents\\Wits-Quest\\frontend\\src\\components\\KuduMascot.tsx": {"path":"C:\\Users\\orati\\Documents\\Wits-Quest\\frontend\\src\\components\\KuduMascot.tsx","statementMap":{"0":{"start":{"line":10,"column":21},"end":{"line":16,"column":null}},"1":{"start":{"line":19,"column":34},"end":{"line":19,"column":null}},"2":{"start":{"line":20,"column":38},"end":{"line":20,"column":null}},"3":{"start":{"line":22,"column":25},"end":{"line":22,"column":null}},"4":{"start":{"line":24,"column":2},"end":{"line":30,"column":null}},"5":{"start":{"line":25,"column":4},"end":{"line":25,"column":null}},"6":{"start":{"line":25,"column":17},"end":{"line":25,"column":null}},"7":{"start":{"line":26,"column":15},"end":{"line":28,"column":null}},"8":{"start":{"line":27,"column":6},"end":{"line":27,"column":null}},"9":{"start":{"line":27,"column":19},"end":{"line":27,"column":54}},"10":{"start":{"line":29,"column":4},"end":{"line":29,"column":null}},"11":{"start":{"line":29,"column":17},"end":{"line":29,"column":null}},"12":{"start":{"line":32,"column":8},"end":{"line":38,"column":null}},"13":{"start":{"line":33,"column":4},"end":{"line":36,"column":null}},"14":{"start":{"line":34,"column":6},"end":{"line":34,"column":null}},"15":{"start":{"line":35,"column":6},"end":{"line":35,"column":null}},"16":{"start":{"line":37,"column":4},"end":{"line":37,"column":null}},"17":{"start":{"line":37,"column":25},"end":{"line":37,"column":27}},"18":{"start":{"line":40,"column":2},"end":{"line":176,"column":null}}},"fnMap":{"0":{"name":"KuduMascot","decl":{"start":{"line":18,"column":24},"end":{"line":18,"column":35}},"loc":{"start":{"line":18,"column":106},"end":{"line":178,"column":null}},"line":18},"1":{"name":"(anonymous_1)","decl":{"start":{"line":24,"column":2},"end":{"line":24,"column":18}},"loc":{"start":{"line":24,"column":18},"end":{"line":30,"column":5}},"line":24},"2":{"name":"(anonymous_2)","decl":{"start":{"line":26,"column":15},"end":{"line":26,"column":33}},"loc":{"start":{"line":26,"column":33},"end":{"line":28,"column":7}},"line":26},"3":{"name":"(anonymous_3)","decl":{"start":{"line":27,"column":6},"end":{"line":27,"column":19}},"loc":{"start":{"line":27,"column":19},"end":{"line":27,"column":54}},"line":27},"4":{"name":"(anonymous_4)","decl":{"start":{"line":29,"column":4},"end":{"line":29,"column":17}},"loc":{"start":{"line":29,"column":17},"end":{"line":29,"column":null}},"line":29},"5":{"name":"(anonymous_5)","decl":{"start":{"line":32,"column":8},"end":{"line":32,"column":28}},"loc":{"start":{"line":32,"column":28},"end":{"line":38,"column":null}},"line":32},"6":{"name":"(anonymous_6)","decl":{"start":{"line":37,"column":4},"end":{"line":37,"column":19}},"loc":{"start":{"line":37,"column":25},"end":{"line":37,"column":27}},"line":37}},"branchMap":{"0":{"loc":{"start":{"line":18,"column":46},"end":{"line":18,"column":61}},"type":"default-arg","locations":[{"start":{"line":18,"column":54},"end":{"line":18,"column":61}}],"line":18},"1":{"loc":{"start":{"line":18,"column":70},"end":{"line":18,"column":106}},"type":"default-arg","locations":[{"start":{"line":18,"column":80},"end":{"line":18,"column":106}}],"line":18},"2":{"loc":{"start":{"line":22,"column":25},"end":{"line":22,"column":null}},"type":"binary-expr","locations":[{"start":{"line":22,"column":25},"end":{"line":22,"column":36}},{"start":{"line":22,"column":36},"end":{"line":22,"column":null}}],"line":22},"3":{"loc":{"start":{"line":25,"column":4},"end":{"line":25,"column":null}},"type":"if","locations":[{"start":{"line":25,"column":4},"end":{"line":25,"column":null}},{"start":{},"end":{}}],"line":25},"4":{"loc":{"start":{"line":33,"column":4},"end":{"line":36,"column":null}},"type":"if","locations":[{"start":{"line":33,"column":4},"end":{"line":36,"column":null}},{"start":{},"end":{}}],"line":33},"5":{"loc":{"start":{"line":45,"column":15},"end":{"line":45,"column":null}},"type":"cond-expr","locations":[{"start":{"line":45,"column":25},"end":{"line":45,"column":30}},{"start":{"line":45,"column":30},"end":{"line":45,"column":null}}],"line":45},"6":{"loc":{"start":{"line":46,"column":16},"end":{"line":46,"column":null}},"type":"cond-expr","locations":[{"start":{"line":46,"column":26},"end":{"line":46,"column":31}},{"start":{"line":46,"column":31},"end":{"line":46,"column":null}}],"line":46},"7":{"loc":{"start":{"line":48,"column":16},"end":{"line":48,"column":null}},"type":"cond-expr","locations":[{"start":{"line":48,"column":26},"end":{"line":48,"column":38}},{"start":{"line":48,"column":38},"end":{"line":48,"column":null}}],"line":48},"8":{"loc":{"start":{"line":54,"column":7},"end":{"line":95,"column":7}},"type":"binary-expr","locations":[{"start":{"line":54,"column":7},"end":{"line":54,"column":21}},{"start":{"line":54,"column":21},"end":{"line":54,"column":39}},{"start":{"line":54,"column":39},"end":{"line":54,"column":null}},{"start":{"line":55,"column":8},"end":{"line":95,"column":7}}],"line":54},"9":{"loc":{"start":{"line":102,"column":18},"end":{"line":102,"column":null}},"type":"cond-expr","locations":[{"start":{"line":102,"column":26},"end":{"line":102,"column":75}},{"start":{"line":102,"column":75},"end":{"line":102,"column":null}}],"line":102}},"s":{"0":1,"1":0,"2":0,"3":0,"4":0,"5":0,"6":0,"7":0,"8":0,"9":0,"10":0,"11":0,"12":0,"13":0,"14":0,"15":0,"16":0,"17":0,"18":0},"f":{"0":0,"1":0,"2":0,"3":0,"4":0,"5":0,"6":0},"b":{"0":[0],"1":[0],"2":[0,0],"3":[0,0],"4":[0,0],"5":[0,0],"6":[0,0],"7":[0,0],"8":[0,0,0,0],"9":[0,0]},"meta":{"lastBranch":10,"lastFunction":7,"lastStatement":19,"seen":{"s:10:21:16:Infinity":0,"f:18:24:18:35":0,"b:18:54:18:61":0,"b:18:80:18:106":1,"s:19:34:19:Infinity":1,"s:20:38:20:Infinity":2,"s:22:25:22:Infinity":3,"b:22:25:22:36:22:36:22:Infinity":2,"s:24:2:30:Infinity":4,"f:24:2:24:18":1,"b:25:4:25:Infinity:undefined:undefined:undefined:undefined":3,"s:25:4:25:Infinity":5,"s:25:17:25:Infinity":6,"s:26:15:28:Infinity":7,"f:26:15:26:33":2,"s:27:6:27:Infinity":8,"f:27:6:27:19":3,"s:27:19:27:54":9,"s:29:4:29:Infinity":10,"f:29:4:29:17":4,"s:29:17:29:Infinity":11,"s:32:8:38:Infinity":12,"f:32:8:32:28":5,"b:33:4:36:Infinity:undefined:undefined:undefined:undefined":4,"s:33:4:36:Infinity":13,"s:34:6:34:Infinity":14,"s:35:6:35:Infinity":15,"s:37:4:37:Infinity":16,"f:37:4:37:19":6,"s:37:25:37:27":17,"s:40:2:176:Infinity":18,"b:45:25:45:30:45:30:45:Infinity":5,"b:46:26:46:31:46:31:46:Infinity":6,"b:48:26:48:38:48:38:48:Infinity":7,"b:54:7:54:21:54:21:54:39:54:39:54:Infinity:55:8:95:7":8,"b:102:26:102:75:102:75:102:Infinity":9},"fnNames":{}}}
,"C:\\Users\\orati\\Documents\\Wits-Quest\\frontend\\src\\components\\TopBar.tsx": {"path":"C:\\Users\\orati\\Documents\\Wits-Quest\\frontend\\src\\components\\TopBar.tsx","statementMap":{"0":{"start":{"line":11,"column":21},"end":{"line":11,"column":29}},"1":{"start":{"line":12,"column":2},"end":{"line":119,"column":null}}},"fnMap":{"0":{"name":"TopBar","decl":{"start":{"line":10,"column":24},"end":{"line":10,"column":31}},"loc":{"start":{"line":10,"column":60},"end":{"line":121,"column":null}},"line":10}},"branchMap":{"0":{"loc":{"start":{"line":82,"column":9},"end":{"line":102,"column":9}},"type":"binary-expr","locations":[{"start":{"line":82,"column":9},"end":{"line":82,"column":null}},{"start":{"line":83,"column":10},"end":{"line":102,"column":9}}],"line":82}},"s":{"0":0,"1":0},"f":{"0":0},"b":{"0":[0,0]},"meta":{"lastBranch":1,"lastFunction":1,"lastStatement":2,"seen":{"f:10:24:10:31":0,"s:11:21:11:29":0,"s:12:2:119:Infinity":1,"b:82:9:82:Infinity:83:10:102:9":0},"fnNames":{}}}
,"C:\\Users\\orati\\Documents\\Wits-Quest\\frontend\\src\\components\\WitsLogo.tsx": {"path":"C:\\Users\\orati\\Documents\\Wits-Quest\\frontend\\src\\components\\WitsLogo.tsx","statementMap":{"0":{"start":{"line":18,"column":2},"end":{"line":153,"column":null}}},"fnMap":{"0":{"name":"WitsLogo","decl":{"start":{"line":11,"column":24},"end":{"line":11,"column":33}},"loc":{"start":{"line":17,"column":18},"end":{"line":155,"column":null}},"line":17}},"branchMap":{"0":{"loc":{"start":{"line":12,"column":2},"end":{"line":12,"column":null}},"type":"default-arg","locations":[{"start":{"line":12,"column":10},"end":{"line":12,"column":null}}],"line":12},"1":{"loc":{"start":{"line":14,"column":2},"end":{"line":14,"column":null}},"type":"default-arg","locations":[{"start":{"line":14,"column":13},"end":{"line":14,"column":null}}],"line":14},"2":{"loc":{"start":{"line":15,"column":2},"end":{"line":15,"column":null}},"type":"default-arg","locations":[{"start":{"line":15,"column":12},"end":{"line":15,"column":null}}],"line":15},"3":{"loc":{"start":{"line":16,"column":2},"end":{"line":16,"column":null}},"type":"default-arg","locations":[{"start":{"line":16,"column":14},"end":{"line":16,"column":null}}],"line":16},"4":{"loc":{"start":{"line":23,"column":15},"end":{"line":23,"column":null}},"type":"cond-expr","locations":[{"start":{"line":23,"column":39},"end":{"line":23,"column":45}},{"start":{"line":23,"column":45},"end":{"line":23,"column":null}}],"line":23},"5":{"loc":{"start":{"line":23,"column":45},"end":{"line":23,"column":null}},"type":"cond-expr","locations":[{"start":{"line":23,"column":53},"end":{"line":23,"column":68}},{"start":{"line":23,"column":68},"end":{"line":23,"column":null}}],"line":23},"6":{"loc":{"start":{"line":24,"column":16},"end":{"line":24,"column":null}},"type":"cond-expr","locations":[{"start":{"line":24,"column":40},"end":{"line":24,"column":46}},{"start":{"line":24,"column":46},"end":{"line":24,"column":null}}],"line":24},"7":{"loc":{"start":{"line":24,"column":46},"end":{"line":24,"column":null}},"type":"cond-expr","locations":[{"start":{"line":24,"column":55},"end":{"line":24,"column":71}},{"start":{"line":24,"column":71},"end":{"line":24,"column":null}}],"line":24},"8":{"loc":{"start":{"line":97,"column":9},"end":{"line":117,"column":null}},"type":"binary-expr","locations":[{"start":{"line":97,"column":9},"end":{"line":97,"column":null}},{"start":{"line":98,"column":10},"end":{"line":117,"column":null}}],"line":97},"9":{"loc":{"start":{"line":122,"column":7},"end":{"line":153,"column":null}},"type":"binary-expr","locations":[{"start":{"line":122,"column":7},"end":{"line":122,"column":19}},{"start":{"line":122,"column":19},"end":{"line":122,"column":null}},{"start":{"line":123,"column":8},"end":{"line":153,"column":null}}],"line":122},"10":{"loc":{"start":{"line":128,"column":24},"end":{"line":128,"column":null}},"type":"cond-expr","locations":[{"start":{"line":128,"column":32},"end":{"line":128,"column":47}},{"start":{"line":128,"column":47},"end":{"line":128,"column":null}}],"line":128},"11":{"loc":{"start":{"line":142,"column":24},"end":{"line":142,"column":null}},"type":"cond-expr","locations":[{"start":{"line":142,"column":32},"end":{"line":142,"column":47}},{"start":{"line":142,"column":47},"end":{"line":142,"column":null}}],"line":142}},"s":{"0":0},"f":{"0":0},"b":{"0":[0],"1":[0],"2":[0],"3":[0],"4":[0,0],"5":[0,0],"6":[0,0],"7":[0,0],"8":[0,0],"9":[0,0,0],"10":[0,0],"11":[0,0]},"meta":{"lastBranch":12,"lastFunction":1,"lastStatement":1,"seen":{"f:11:24:11:33":0,"b:12:10:12:Infinity":0,"b:14:13:14:Infinity":1,"b:15:12:15:Infinity":2,"b:16:14:16:Infinity":3,"s:18:2:153:Infinity":0,"b:23:39:23:45:23:45:23:Infinity":4,"b:23:53:23:68:23:68:23:Infinity":5,"b:24:40:24:46:24:46:24:Infinity":6,"b:24:55:24:71:24:71:24:Infinity":7,"b:97:9:97:Infinity:98:10:117:Infinity":8,"b:122:7:122:19:122:19:122:Infinity:123:8:153:Infinity":9,"b:128:32:128:47:128:47:128:Infinity":10,"b:142:32:142:47:142:47:142:Infinity":11},"fnNames":{}}}
,"C:\\Users\\orati\\Documents\\Wits-Quest\\frontend\\src\\context\\AuthContext.tsx": {"path":"C:\\Users\\orati\\Documents\\Wits-Quest\\frontend\\src\\context\\AuthContext.tsx","statementMap":{"0":{"start":{"line":15,"column":20},"end":{"line":15,"column":null}},"1":{"start":{"line":17,"column":20},"end":{"line":17,"column":null}},"2":{"start":{"line":19,"column":13},"end":{"line":154,"column":null}},"3":{"start":{"line":20,"column":40},"end":{"line":20,"column":null}},"4":{"start":{"line":21,"column":34},"end":{"line":21,"column":null}},"5":{"start":{"line":22,"column":32},"end":{"line":22,"column":null}},"6":{"start":{"line":25,"column":2},"end":{"line":45,"column":null}},"7":{"start":{"line":27,"column":6},"end":{"line":41,"column":null}},"8":{"start":{"line":28,"column":25},"end":{"line":28,"column":null}},"9":{"start":{"line":29,"column":8},"end":{"line":38,"column":null}},"10":{"start":{"line":30,"column":23},"end":{"line":30,"column":null}},"11":{"start":{"line":31,"column":10},"end":{"line":37,"column":null}},"12":{"start":{"line":32,"column":12},"end":{"line":32,"column":null}},"13":{"start":{"line":33,"column":12},"end":{"line":33,"column":null}},"14":{"start":{"line":34,"column":12},"end":{"line":34,"column":null}},"15":{"start":{"line":35,"column":12},"end":{"line":35,"column":null}},"16":{"start":{"line":36,"column":12},"end":{"line":36,"column":null}},"17":{"start":{"line":40,"column":8},"end":{"line":40,"column":null}},"18":{"start":{"line":42,"column":6},"end":{"line":42,"column":null}},"19":{"start":{"line":44,"column":4},"end":{"line":44,"column":null}},"20":{"start":{"line":47,"column":22},"end":{"line":57,"column":null}},"21":{"start":{"line":48,"column":4},"end":{"line":48,"column":null}},"22":{"start":{"line":48,"column":22},"end":{"line":48,"column":null}},"23":{"start":{"line":49,"column":4},"end":{"line":56,"column":null}},"24":{"start":{"line":50,"column":22},"end":{"line":50,"column":null}},"25":{"start":{"line":51,"column":6},"end":{"line":53,"column":null}},"26":{"start":{"line":52,"column":8},"end":{"line":52,"column":null}},"27":{"start":{"line":55,"column":6},"end":{"line":55,"column":null}},"28":{"start":{"line":59,"column":8},"end":{"line":62,"column":null}},"29":{"start":{"line":60,"column":22},"end":{"line":60,"column":null}},"30":{"start":{"line":61,"column":4},"end":{"line":61,"column":null}},"31":{"start":{"line":64,"column":16},"end":{"line":101,"column":null}},"32":{"start":{"line":65,"column":18},"end":{"line":65,"column":37}},"33":{"start":{"line":66,"column":17},"end":{"line":66,"column":null}},"34":{"start":{"line":66,"column":35},"end":{"line":66,"column":80}},"35":{"start":{"line":68,"column":4},"end":{"line":75,"column":null}},"36":{"start":{"line":70,"column":6},"end":{"line":74,"column":null}},"37":{"start":{"line":71,"column":8},"end":{"line":71,"column":null}},"38":{"start":{"line":71,"column":35},"end":{"line":71,"column":56}},"39":{"start":{"line":72,"column":13},"end":{"line":74,"column":null}},"40":{"start":{"line":73,"column":8},"end":{"line":73,"column":null}},"41":{"start":{"line":73,"column":35},"end":{"line":73,"column":55}},"42":{"start":{"line":77,"column":4},"end":{"line":93,"column":null}},"43":{"start":{"line":79,"column":23},"end":{"line":79,"column":null}},"44":{"start":{"line":80,"column":6},"end":{"line":92,"column":null}},"45":{"start":{"line":95,"column":4},"end":{"line":95,"column":null}},"46":{"start":{"line":96,"column":22},"end":{"line":96,"column":null}},"47":{"start":{"line":97,"column":4},"end":{"line":97,"column":null}},"48":{"start":{"line":98,"column":4},"end":{"line":98,"column":null}},"49":{"start":{"line":99,"column":4},"end":{"line":99,"column":null}},"50":{"start":{"line":100,"column":4},"end":{"line":100,"column":null}},"51":{"start":{"line":103,"column":19},"end":{"line":127,"column":null}},"52":{"start":{"line":104,"column":21},"end":{"line":104,"column":null}},"53":{"start":{"line":105,"column":20},"end":{"line":119,"column":null}},"54":{"start":{"line":121,"column":4},"end":{"line":121,"column":null}},"55":{"start":{"line":122,"column":22},"end":{"line":122,"column":null}},"56":{"start":{"line":123,"column":4},"end":{"line":123,"column":null}},"57":{"start":{"line":124,"column":4},"end":{"line":124,"column":null}},"58":{"start":{"line":125,"column":4},"end":{"line":125,"column":null}},"59":{"start":{"line":126,"column":4},"end":{"line":126,"column":null}},"60":{"start":{"line":129,"column":8},"end":{"line":136,"column":null}},"61":{"start":{"line":130,"column":4},"end":{"line":132,"column":null}},"62":{"start":{"line":131,"column":6},"end":{"line":131,"column":null}},"63":{"start":{"line":133,"column":4},"end":{"line":133,"column":null}},"64":{"start":{"line":134,"column":4},"end":{"line":134,"column":null}},"65":{"start":{"line":135,"column":4},"end":{"line":135,"column":null}},"66":{"start":{"line":138,"column":2},"end":{"line":152,"column":null}},"67":{"start":{"line":157,"column":18},"end":{"line":157,"column":null}},"68":{"start":{"line":158,"column":2},"end":{"line":160,"column":null}},"69":{"start":{"line":159,"column":4},"end":{"line":159,"column":null}},"70":{"start":{"line":161,"column":2},"end":{"line":161,"column":null}}},"fnMap":{"0":{"name":"(anonymous_0)","decl":{"start":{"line":19,"column":13},"end":{"line":19,"column":70}},"loc":{"start":{"line":19,"column":87},"end":{"line":154,"column":null}},"line":19},"1":{"name":"(anonymous_1)","decl":{"start":{"line":25,"column":2},"end":{"line":25,"column":18}},"loc":{"start":{"line":25,"column":18},"end":{"line":45,"column":5}},"line":25},"2":{"name":"initAuth","decl":{"start":{"line":26,"column":19},"end":{"line":26,"column":30}},"loc":{"start":{"line":26,"column":30},"end":{"line":43,"column":null}},"line":26},"3":{"name":"(anonymous_3)","decl":{"start":{"line":47,"column":22},"end":{"line":47,"column":34}},"loc":{"start":{"line":47,"column":34},"end":{"line":57,"column":null}},"line":47},"4":{"name":"(anonymous_4)","decl":{"start":{"line":59,"column":8},"end":{"line":59,"column":29}},"loc":{"start":{"line":59,"column":51},"end":{"line":62,"column":null}},"line":59},"5":{"name":"(anonymous_5)","decl":{"start":{"line":64,"column":16},"end":{"line":64,"column":23}},"loc":{"start":{"line":64,"column":60},"end":{"line":101,"column":null}},"line":64},"6":{"name":"(anonymous_6)","decl":{"start":{"line":66,"column":23},"end":{"line":66,"column":29}},"loc":{"start":{"line":66,"column":35},"end":{"line":66,"column":80}},"line":66},"7":{"name":"(anonymous_7)","decl":{"start":{"line":71,"column":23},"end":{"line":71,"column":29}},"loc":{"start":{"line":71,"column":35},"end":{"line":71,"column":56}},"line":71},"8":{"name":"(anonymous_8)","decl":{"start":{"line":73,"column":23},"end":{"line":73,"column":29}},"loc":{"start":{"line":73,"column":35},"end":{"line":73,"column":55}},"line":73},"9":{"name":"(anonymous_9)","decl":{"start":{"line":103,"column":19},"end":{"line":103,"column":26}},"loc":{"start":{"line":103,"column":100},"end":{"line":127,"column":null}},"line":103},"10":{"name":"(anonymous_10)","decl":{"start":{"line":129,"column":8},"end":{"line":129,"column":23}},"loc":{"start":{"line":129,"column":23},"end":{"line":136,"column":null}},"line":129},"11":{"name":"useAuth","decl":{"start":{"line":156,"column":16},"end":{"line":156,"column":43}},"loc":{"start":{"line":156,"column":43},"end":{"line":162,"column":null}},"line":156}},"branchMap":{"0":{"loc":{"start":{"line":29,"column":8},"end":{"line":38,"column":null}},"type":"if","locations":[{"start":{"line":29,"column":8},"end":{"line":38,"column":null}},{"start":{},"end":{}}],"line":29},"1":{"loc":{"start":{"line":31,"column":10},"end":{"line":37,"column":null}},"type":"if","locations":[{"start":{"line":31,"column":10},"end":{"line":37,"column":null}},{"start":{},"end":{}}],"line":31},"2":{"loc":{"start":{"line":48,"column":4},"end":{"line":48,"column":null}},"type":"if","locations":[{"start":{"line":48,"column":4},"end":{"line":48,"column":null}},{"start":{},"end":{}}],"line":48},"3":{"loc":{"start":{"line":51,"column":6},"end":{"line":53,"column":null}},"type":"if","locations":[{"start":{"line":51,"column":6},"end":{"line":53,"column":null}},{"start":{},"end":{}}],"line":51},"4":{"loc":{"start":{"line":68,"column":4},"end":{"line":75,"column":null}},"type":"if","locations":[{"start":{"line":68,"column":4},"end":{"line":75,"column":null}},{"start":{},"end":{}}],"line":68},"5":{"loc":{"start":{"line":70,"column":6},"end":{"line":74,"column":null}},"type":"if","locations":[{"start":{"line":70,"column":6},"end":{"line":74,"column":null}},{"start":{"line":72,"column":13},"end":{"line":74,"column":null}}],"line":70},"6":{"loc":{"start":{"line":72,"column":13},"end":{"line":74,"column":null}},"type":"if","locations":[{"start":{"line":72,"column":13},"end":{"line":74,"column":null}},{"start":{},"end":{}}],"line":72},"7":{"loc":{"start":{"line":77,"column":4},"end":{"line":93,"column":null}},"type":"if","locations":[{"start":{"line":77,"column":4},"end":{"line":93,"column":null}},{"start":{},"end":{}}],"line":77},"8":{"loc":{"start":{"line":79,"column":23},"end":{"line":79,"column":null}},"type":"binary-expr","locations":[{"start":{"line":79,"column":23},"end":{"line":79,"column":46}},{"start":{"line":79,"column":46},"end":{"line":79,"column":null}}],"line":79},"9":{"loc":{"start":{"line":104,"column":21},"end":{"line":104,"column":null}},"type":"cond-expr","locations":[{"start":{"line":104,"column":28},"end":{"line":104,"column":57}},{"start":{"line":104,"column":57},"end":{"line":104,"column":null}}],"line":104},"10":{"loc":{"start":{"line":104,"column":57},"end":{"line":104,"column":null}},"type":"binary-expr","locations":[{"start":{"line":104,"column":57},"end":{"line":104,"column":80}},{"start":{"line":104,"column":80},"end":{"line":104,"column":null}}],"line":104},"11":{"loc":{"start":{"line":130,"column":4},"end":{"line":132,"column":null}},"type":"if","locations":[{"start":{"line":130,"column":4},"end":{"line":132,"column":null}},{"start":{},"end":{}}],"line":130},"12":{"loc":{"start":{"line":158,"column":2},"end":{"line":160,"column":null}},"type":"if","locations":[{"start":{"line":158,"column":2},"end":{"line":160,"column":null}},{"start":{},"end":{}}],"line":158}},"s":{"0":2,"1":2,"2":2,"3":7,"4":7,"5":7,"6":7,"7":2,"8":2,"9":2,"10":0,"11":0,"12":0,"13":0,"14":0,"15":0,"16":0,"17":0,"18":2,"19":2,"20":7,"21":0,"22":0,"23":0,"24":0,"25":0,"26":0,"27":0,"28":7,"29":0,"30":0,"31":7,"32":1,"33":1,"34":1,"35":1,"36":0,"37":0,"38":0,"39":0,"40":0,"41":0,"42":1,"43":0,"44":0,"45":1,"46":1,"47":1,"48":1,"49":1,"50":1,"51":7,"52":1,"53":1,"54":1,"55":1,"56":1,"57":1,"58":1,"59":1,"60":7,"61":1,"62":1,"63":1,"64":1,"65":1,"66":7,"67":12,"68":12,"69":4,"70":7},"f":{"0":7,"1":2,"2":2,"3":0,"4":0,"5":1,"6":1,"7":0,"8":0,"9":1,"10":1,"11":12},"b":{"0":[0,2],"1":[0,0],"2":[0,0],"3":[0,0],"4":[0,1],"5":[0,0],"6":[0,0],"7":[0,1],"8":[0,0],"9":[1,0],"10":[0,0],"11":[1,0],"12":[4,8]},"meta":{"lastBranch":13,"lastFunction":12,"lastStatement":71,"seen":{"s:15:20:15:Infinity":0,"s:17:20:17:Infinity":1,"s:19:13:154:Infinity":2,"f:19:13:19:70":0,"s:20:40:20:Infinity":3,"s:21:34:21:Infinity":4,"s:22:32:22:Infinity":5,"s:25:2:45:Infinity":6,"f:25:2:25:18":1,"f:26:19:26:30":2,"s:27:6:41:Infinity":7,"s:28:25:28:Infinity":8,"b:29:8:38:Infinity:undefined:undefined:undefined:undefined":0,"s:29:8:38:Infinity":9,"s:30:23:30:Infinity":10,"b:31:10:37:Infinity:undefined:undefined:undefined:undefined":1,"s:31:10:37:Infinity":11,"s:32:12:32:Infinity":12,"s:33:12:33:Infinity":13,"s:34:12:34:Infinity":14,"s:35:12:35:Infinity":15,"s:36:12:36:Infinity":16,"s:40:8:40:Infinity":17,"s:42:6:42:Infinity":18,"s:44:4:44:Infinity":19,"s:47:22:57:Infinity":20,"f:47:22:47:34":3,"b:48:4:48:Infinity:undefined:undefined:undefined:undefined":2,"s:48:4:48:Infinity":21,"s:48:22:48:Infinity":22,"s:49:4:56:Infinity":23,"s:50:22:50:Infinity":24,"b:51:6:53:Infinity:undefined:undefined:undefined:undefined":3,"s:51:6:53:Infinity":25,"s:52:8:52:Infinity":26,"s:55:6:55:Infinity":27,"s:59:8:62:Infinity":28,"f:59:8:59:29":4,"s:60:22:60:Infinity":29,"s:61:4:61:Infinity":30,"s:64:16:101:Infinity":31,"f:64:16:64:23":5,"s:65:18:65:37":32,"s:66:17:66:Infinity":33,"f:66:23:66:29":6,"s:66:35:66:80":34,"b:68:4:75:Infinity:undefined:undefined:undefined:undefined":4,"s:68:4:75:Infinity":35,"b:70:6:74:Infinity:72:13:74:Infinity":5,"s:70:6:74:Infinity":36,"s:71:8:71:Infinity":37,"f:71:23:71:29":7,"s:71:35:71:56":38,"b:72:13:74:Infinity:undefined:undefined:undefined:undefined":6,"s:72:13:74:Infinity":39,"s:73:8:73:Infinity":40,"f:73:23:73:29":8,"s:73:35:73:55":41,"b:77:4:93:Infinity:undefined:undefined:undefined:undefined":7,"s:77:4:93:Infinity":42,"s:79:23:79:Infinity":43,"b:79:23:79:46:79:46:79:Infinity":8,"s:80:6:92:Infinity":44,"s:95:4:95:Infinity":45,"s:96:22:96:Infinity":46,"s:97:4:97:Infinity":47,"s:98:4:98:Infinity":48,"s:99:4:99:Infinity":49,"s:100:4:100:Infinity":50,"s:103:19:127:Infinity":51,"f:103:19:103:26":9,"s:104:21:104:Infinity":52,"b:104:28:104:57:104:57:104:Infinity":9,"b:104:57:104:80:104:80:104:Infinity":10,"s:105:20:119:Infinity":53,"s:121:4:121:Infinity":54,"s:122:22:122:Infinity":55,"s:123:4:123:Infinity":56,"s:124:4:124:Infinity":57,"s:125:4:125:Infinity":58,"s:126:4:126:Infinity":59,"s:129:8:136:Infinity":60,"f:129:8:129:23":10,"b:130:4:132:Infinity:undefined:undefined:undefined:undefined":11,"s:130:4:132:Infinity":61,"s:131:6:131:Infinity":62,"s:133:4:133:Infinity":63,"s:134:4:134:Infinity":64,"s:135:4:135:Infinity":65,"s:138:2:152:Infinity":66,"f:156:16:156:43":11,"s:157:18:157:Infinity":67,"b:158:2:160:Infinity:undefined:undefined:undefined:undefined":12,"s:158:2:160:Infinity":68,"s:159:4:159:Infinity":69,"s:161:2:161:Infinity":70},"fnNames":{}}}
,"C:\\Users\\orati\\Documents\\Wits-Quest\\frontend\\src\\screens\\BattleArena.tsx": {"path":"C:\\Users\\orati\\Documents\\Wits-Quest\\frontend\\src\\screens\\BattleArena.tsx","statementMap":{"0":{"start":{"line":17,"column":28},"end":{"line":23,"column":null}},"1":{"start":{"line":25,"column":25},"end":{"line":31,"column":null}},"2":{"start":{"line":33,"column":35},"end":{"line":33,"column":null}},"3":{"start":{"line":36,"column":80},"end":{"line":41,"column":null}},"4":{"start":{"line":43,"column":46},"end":{"line":45,"column":null}},"5":{"start":{"line":52,"column":45},"end":{"line":52,"column":53}},"6":{"start":{"line":53,"column":38},"end":{"line":53,"column":null}},"7":{"start":{"line":54,"column":40},"end":{"line":56,"column":null}},"8":{"start":{"line":55,"column":4},"end":{"line":55,"column":null}},"9":{"start":{"line":57,"column":44},"end":{"line":57,"column":null}},"10":{"start":{"line":58,"column":38},"end":{"line":58,"column":null}},"11":{"start":{"line":59,"column":42},"end":{"line":59,"column":null}},"12":{"start":{"line":60,"column":40},"end":{"line":60,"column":null}},"13":{"start":{"line":61,"column":40},"end":{"line":61,"column":null}},"14":{"start":{"line":62,"column":34},"end":{"line":62,"column":null}},"15":{"start":{"line":63,"column":36},"end":{"line":63,"column":null}},"16":{"start":{"line":65,"column":21},"end":{"line":65,"column":null}},"17":{"start":{"line":66,"column":18},"end":{"line":66,"column":null}},"18":{"start":{"line":69,"column":2},"end":{"line":82,"column":null}},"19":{"start":{"line":70,"column":4},"end":{"line":70,"column":null}},"20":{"start":{"line":70,"column":56},"end":{"line":70,"column":null}},"21":{"start":{"line":71,"column":14},"end":{"line":80,"column":null}},"22":{"start":{"line":72,"column":6},"end":{"line":79,"column":null}},"23":{"start":{"line":73,"column":8},"end":{"line":77,"column":null}},"24":{"start":{"line":74,"column":10},"end":{"line":74,"column":null}},"25":{"start":{"line":75,"column":10},"end":{"line":75,"column":null}},"26":{"start":{"line":76,"column":10},"end":{"line":76,"column":null}},"27":{"start":{"line":78,"column":8},"end":{"line":78,"column":null}},"28":{"start":{"line":81,"column":4},"end":{"line":81,"column":null}},"29":{"start":{"line":81,"column":17},"end":{"line":81,"column":null}},"30":{"start":{"line":85,"column":2},"end":{"line":109,"column":null}},"31":{"start":{"line":86,"column":4},"end":{"line":108,"column":null}},"32":{"start":{"line":87,"column":22},"end":{"line":87,"column":null}},"33":{"start":{"line":88,"column":6},"end":{"line":107,"column":null}},"34":{"start":{"line":96,"column":51},"end":{"line":104,"column":10}},"35":{"start":{"line":106,"column":8},"end":{"line":106,"column":null}},"36":{"start":{"line":106,"column":25},"end":{"line":106,"column":null}},"37":{"start":{"line":112,"column":4},"end":{"line":112,"column":null}},"38":{"start":{"line":113,"column":4},"end":{"line":113,"column":null}},"39":{"start":{"line":114,"column":4},"end":{"line":114,"column":null}},"40":{"start":{"line":115,"column":4},"end":{"line":115,"column":null}},"41":{"start":{"line":116,"column":4},"end":{"line":116,"column":null}},"42":{"start":{"line":117,"column":4},"end":{"line":117,"column":null}},"43":{"start":{"line":118,"column":4},"end":{"line":118,"column":null}},"44":{"start":{"line":119,"column":4},"end":{"line":119,"column":null}},"45":{"start":{"line":123,"column":23},"end":{"line":123,"column":null}},"46":{"start":{"line":124,"column":4},"end":{"line":124,"column":null}},"47":{"start":{"line":128,"column":4},"end":{"line":128,"column":null}},"48":{"start":{"line":128,"column":69},"end":{"line":128,"column":null}},"49":{"start":{"line":130,"column":4},"end":{"line":130,"column":null}},"50":{"start":{"line":131,"column":4},"end":{"line":131,"column":null}},"51":{"start":{"line":134,"column":21},"end":{"line":140,"column":null}},"52":{"start":{"line":142,"column":26},"end":{"line":142,"column":null}},"53":{"start":{"line":143,"column":4},"end":{"line":143,"column":null}},"54":{"start":{"line":143,"column":45},"end":{"line":143,"column":70}},"55":{"start":{"line":144,"column":4},"end":{"line":144,"column":null}},"56":{"start":{"line":146,"column":4},"end":{"line":163,"column":null}},"57":{"start":{"line":147,"column":24},"end":{"line":147,"column":null}},"58":{"start":{"line":148,"column":27},"end":{"line":148,"column":null}},"59":{"start":{"line":150,"column":6},"end":{"line":150,"column":null}},"60":{"start":{"line":151,"column":6},"end":{"line":151,"column":null}},"61":{"start":{"line":152,"column":6},"end":{"line":152,"column":null}},"62":{"start":{"line":154,"column":6},"end":{"line":162,"column":null}},"63":{"start":{"line":155,"column":8},"end":{"line":161,"column":null}},"64":{"start":{"line":156,"column":10},"end":{"line":156,"column":null}},"65":{"start":{"line":157,"column":10},"end":{"line":157,"column":null}},"66":{"start":{"line":158,"column":10},"end":{"line":158,"column":null}},"67":{"start":{"line":158,"column":28},"end":{"line":158,"column":63}},"68":{"start":{"line":159,"column":10},"end":{"line":159,"column":null}},"69":{"start":{"line":159,"column":25},"end":{"line":159,"column":57}},"70":{"start":{"line":160,"column":10},"end":{"line":160,"column":null}},"71":{"start":{"line":167,"column":4},"end":{"line":167,"column":null}},"72":{"start":{"line":168,"column":4},"end":{"line":168,"column":null}},"73":{"start":{"line":169,"column":4},"end":{"line":169,"column":null}},"74":{"start":{"line":170,"column":4},"end":{"line":170,"column":null}},"75":{"start":{"line":171,"column":4},"end":{"line":171,"column":null}},"76":{"start":{"line":172,"column":4},"end":{"line":172,"column":null}},"77":{"start":{"line":173,"column":4},"end":{"line":173,"column":null}},"78":{"start":{"line":176,"column":17},"end":{"line":176,"column":null}},"79":{"start":{"line":177,"column":24},"end":{"line":177,"column":null}},"80":{"start":{"line":178,"column":21},"end":{"line":178,"column":null}},"81":{"start":{"line":179,"column":18},"end":{"line":179,"column":null}},"82":{"start":{"line":181,"column":2},"end":{"line":550,"column":null}},"83":{"start":{"line":196,"column":29},"end":{"line":196,"column":null}},"84":{"start":{"line":197,"column":24},"end":{"line":197,"column":null}},"85":{"start":{"line":198,"column":10},"end":{"line":215,"column":null}},"86":{"start":{"line":201,"column":29},"end":{"line":201,"column":null}},"87":{"start":{"line":269,"column":28},"end":{"line":269,"column":null}},"88":{"start":{"line":270,"column":18},"end":{"line":275,"column":null}},"89":{"start":{"line":487,"column":27},"end":{"line":487,"column":null}},"90":{"start":{"line":488,"column":31},"end":{"line":488,"column":null}},"91":{"start":{"line":489,"column":33},"end":{"line":489,"column":null}},"92":{"start":{"line":490,"column":14},"end":{"line":518,"column":null}},"93":{"start":{"line":493,"column":33},"end":{"line":493,"column":null}},"94":{"start":{"line":526,"column":14},"end":{"line":545,"column":null}},"95":{"start":{"line":528,"column":31},"end":{"line":528,"column":null}}},"fnMap":{"0":{"name":"BattleArena","decl":{"start":{"line":51,"column":24},"end":{"line":51,"column":38}},"loc":{"start":{"line":51,"column":38},"end":{"line":552,"column":null}},"line":51},"1":{"name":"(anonymous_1)","decl":{"start":{"line":54,"column":40},"end":{"line":54,"column":null}},"loc":{"start":{"line":55,"column":4},"end":{"line":55,"column":null}},"line":55},"2":{"name":"(anonymous_2)","decl":{"start":{"line":69,"column":2},"end":{"line":69,"column":18}},"loc":{"start":{"line":69,"column":18},"end":{"line":82,"column":5}},"line":69},"3":{"name":"(anonymous_3)","decl":{"start":{"line":71,"column":14},"end":{"line":71,"column":32}},"loc":{"start":{"line":71,"column":32},"end":{"line":80,"column":7}},"line":71},"4":{"name":"(anonymous_4)","decl":{"start":{"line":72,"column":6},"end":{"line":72,"column":19}},"loc":{"start":{"line":72,"column":25},"end":{"line":79,"column":7}},"line":72},"5":{"name":"(anonymous_5)","decl":{"start":{"line":81,"column":4},"end":{"line":81,"column":17}},"loc":{"start":{"line":81,"column":17},"end":{"line":81,"column":null}},"line":81},"6":{"name":"(anonymous_6)","decl":{"start":{"line":85,"column":2},"end":{"line":85,"column":18}},"loc":{"start":{"line":85,"column":18},"end":{"line":109,"column":5}},"line":85},"7":{"name":"(anonymous_7)","decl":{"start":{"line":96,"column":39},"end":{"line":96,"column":44}},"loc":{"start":{"line":96,"column":51},"end":{"line":104,"column":10}},"line":96},"8":{"name":"(anonymous_8)","decl":{"start":{"line":105,"column":9},"end":{"line":105,"column":15}},"loc":{"start":{"line":105,"column":31},"end":{"line":107,"column":7}},"line":105},"9":{"name":"handleDifficultyChange","decl":{"start":{"line":111,"column":11},"end":{"line":111,"column":34}},"loc":{"start":{"line":111,"column":57},"end":{"line":120,"column":null}},"line":111},"10":{"name":"handleAutoPlay","decl":{"start":{"line":122,"column":11},"end":{"line":122,"column":28}},"loc":{"start":{"line":122,"column":28},"end":{"line":125,"column":null}},"line":122},"11":{"name":"executeRound","decl":{"start":{"line":127,"column":11},"end":{"line":127,"column":24}},"loc":{"start":{"line":127,"column":45},"end":{"line":164,"column":null}},"line":127},"12":{"name":"(anonymous_12)","decl":{"start":{"line":143,"column":28},"end":{"line":143,"column":39}},"loc":{"start":{"line":143,"column":45},"end":{"line":143,"column":70}},"line":143},"13":{"name":"(anonymous_13)","decl":{"start":{"line":146,"column":4},"end":{"line":146,"column":21}},"loc":{"start":{"line":146,"column":21},"end":{"line":163,"column":7}},"line":146},"14":{"name":"(anonymous_14)","decl":{"start":{"line":154,"column":6},"end":{"line":154,"column":23}},"loc":{"start":{"line":154,"column":23},"end":{"line":162,"column":9}},"line":154},"15":{"name":"(anonymous_15)","decl":{"start":{"line":158,"column":10},"end":{"line":158,"column":28}},"loc":{"start":{"line":158,"column":28},"end":{"line":158,"column":63}},"line":158},"16":{"name":"(anonymous_16)","decl":{"start":{"line":159,"column":10},"end":{"line":159,"column":25}},"loc":{"start":{"line":159,"column":25},"end":{"line":159,"column":57}},"line":159},"17":{"name":"resetGame","decl":{"start":{"line":166,"column":11},"end":{"line":166,"column":23}},"loc":{"start":{"line":166,"column":23},"end":{"line":174,"column":null}},"line":166},"18":{"name":"(anonymous_18)","decl":{"start":{"line":195,"column":56},"end":{"line":195,"column":61}},"loc":{"start":{"line":195,"column":71},"end":{"line":217,"column":9}},"line":195},"19":{"name":"(anonymous_19)","decl":{"start":{"line":201,"column":14},"end":{"line":201,"column":29}},"loc":{"start":{"line":201,"column":29},"end":{"line":201,"column":null}},"line":201},"20":{"name":"(anonymous_20)","decl":{"start":{"line":268,"column":33},"end":{"line":268,"column":38}},"loc":{"start":{"line":268,"column":44},"end":{"line":277,"column":17}},"line":268},"21":{"name":"(anonymous_21)","decl":{"start":{"line":486,"column":23},"end":{"line":486,"column":28}},"loc":{"start":{"line":486,"column":37},"end":{"line":520,"column":13}},"line":486},"22":{"name":"(anonymous_22)","decl":{"start":{"line":493,"column":18},"end":{"line":493,"column":33}},"loc":{"start":{"line":493,"column":33},"end":{"line":493,"column":null}},"line":493},"23":{"name":"(anonymous_23)","decl":{"start":{"line":525,"column":26},"end":{"line":525,"column":31}},"loc":{"start":{"line":526,"column":14},"end":{"line":545,"column":null}},"line":526},"24":{"name":"(anonymous_24)","decl":{"start":{"line":528,"column":16},"end":{"line":528,"column":31}},"loc":{"start":{"line":528,"column":31},"end":{"line":528,"column":null}},"line":528}},"branchMap":{"0":{"loc":{"start":{"line":70,"column":4},"end":{"line":70,"column":null}},"type":"if","locations":[{"start":{"line":70,"column":4},"end":{"line":70,"column":null}},{"start":{},"end":{}}],"line":70},"1":{"loc":{"start":{"line":70,"column":8},"end":{"line":70,"column":56}},"type":"binary-expr","locations":[{"start":{"line":70,"column":8},"end":{"line":70,"column":32}},{"start":{"line":70,"column":32},"end":{"line":70,"column":56}}],"line":70},"2":{"loc":{"start":{"line":73,"column":8},"end":{"line":77,"column":null}},"type":"if","locations":[{"start":{"line":73,"column":8},"end":{"line":77,"column":null}},{"start":{},"end":{}}],"line":73},"3":{"loc":{"start":{"line":86,"column":4},"end":{"line":108,"column":null}},"type":"if","locations":[{"start":{"line":86,"column":4},"end":{"line":108,"column":null}},{"start":{},"end":{}}],"line":86},"4":{"loc":{"start":{"line":86,"column":8},"end":{"line":86,"column":69}},"type":"binary-expr","locations":[{"start":{"line":86,"column":8},"end":{"line":86,"column":34}},{"start":{"line":86,"column":34},"end":{"line":86,"column":56}},{"start":{"line":86,"column":56},"end":{"line":86,"column":69}}],"line":86},"5":{"loc":{"start":{"line":92,"column":17},"end":{"line":92,"column":null}},"type":"cond-expr","locations":[{"start":{"line":92,"column":51},"end":{"line":92,"column":59}},{"start":{"line":92,"column":59},"end":{"line":92,"column":null}}],"line":92},"6":{"loc":{"start":{"line":92,"column":59},"end":{"line":92,"column":null}},"type":"cond-expr","locations":[{"start":{"line":92,"column":90},"end":{"line":92,"column":99}},{"start":{"line":92,"column":99},"end":{"line":92,"column":null}}],"line":92},"7":{"loc":{"start":{"line":106,"column":8},"end":{"line":106,"column":null}},"type":"if","locations":[{"start":{"line":106,"column":8},"end":{"line":106,"column":null}},{"start":{},"end":{}}],"line":106},"8":{"loc":{"start":{"line":128,"column":4},"end":{"line":128,"column":null}},"type":"if","locations":[{"start":{"line":128,"column":4},"end":{"line":128,"column":null}},{"start":{},"end":{}}],"line":128},"9":{"loc":{"start":{"line":128,"column":8},"end":{"line":128,"column":69}},"type":"binary-expr","locations":[{"start":{"line":128,"column":8},"end":{"line":128,"column":21}},{"start":{"line":128,"column":21},"end":{"line":128,"column":45}},{"start":{"line":128,"column":45},"end":{"line":128,"column":69}}],"line":128},"10":{"loc":{"start":{"line":144,"column":19},"end":{"line":144,"column":43}},"type":"binary-expr","locations":[{"start":{"line":144,"column":19},"end":{"line":144,"column":41}},{"start":{"line":144,"column":41},"end":{"line":144,"column":43}}],"line":144},"11":{"loc":{"start":{"line":155,"column":8},"end":{"line":161,"column":null}},"type":"if","locations":[{"start":{"line":155,"column":8},"end":{"line":161,"column":null}},{"start":{},"end":{}}],"line":155},"12":{"loc":{"start":{"line":197,"column":24},"end":{"line":197,"column":null}},"type":"cond-expr","locations":[{"start":{"line":197,"column":43},"end":{"line":197,"column":62}},{"start":{"line":197,"column":62},"end":{"line":197,"column":null}}],"line":197},"13":{"loc":{"start":{"line":197,"column":62},"end":{"line":197,"column":null}},"type":"cond-expr","locations":[{"start":{"line":197,"column":83},"end":{"line":197,"column":104}},{"start":{"line":197,"column":104},"end":{"line":197,"column":null}}],"line":197},"14":{"loc":{"start":{"line":203,"column":28},"end":{"line":203,"column":null}},"type":"cond-expr","locations":[{"start":{"line":203,"column":41},"end":{"line":203,"column":70}},{"start":{"line":203,"column":70},"end":{"line":203,"column":null}}],"line":203},"15":{"loc":{"start":{"line":204,"column":37},"end":{"line":204,"column":null}},"type":"cond-expr","locations":[{"start":{"line":204,"column":50},"end":{"line":204,"column":62}},{"start":{"line":204,"column":62},"end":{"line":204,"column":null}}],"line":204},"16":{"loc":{"start":{"line":205,"column":23},"end":{"line":205,"column":null}},"type":"cond-expr","locations":[{"start":{"line":205,"column":36},"end":{"line":205,"column":48}},{"start":{"line":205,"column":48},"end":{"line":205,"column":null}}],"line":205},"17":{"loc":{"start":{"line":250,"column":28},"end":{"line":250,"column":null}},"type":"cond-expr","locations":[{"start":{"line":250,"column":45},"end":{"line":250,"column":57}},{"start":{"line":250,"column":57},"end":{"line":250,"column":null}}],"line":250},"18":{"loc":{"start":{"line":255,"column":103},"end":{"line":255,"column":142}},"type":"cond-expr","locations":[{"start":{"line":255,"column":120},"end":{"line":255,"column":132}},{"start":{"line":255,"column":132},"end":{"line":255,"column":142}}],"line":255},"19":{"loc":{"start":{"line":262,"column":25},"end":{"line":262,"column":null}},"type":"cond-expr","locations":[{"start":{"line":262,"column":42},"end":{"line":262,"column":54}},{"start":{"line":262,"column":54},"end":{"line":262,"column":null}}],"line":262},"20":{"loc":{"start":{"line":273,"column":34},"end":{"line":273,"column":null}},"type":"cond-expr","locations":[{"start":{"line":273,"column":39},"end":{"line":273,"column":68}},{"start":{"line":273,"column":68},"end":{"line":273,"column":null}}],"line":273},"21":{"loc":{"start":{"line":273,"column":68},"end":{"line":273,"column":null}},"type":"cond-expr","locations":[{"start":{"line":273,"column":90},"end":{"line":273,"column":102}},{"start":{"line":273,"column":102},"end":{"line":273,"column":null}}],"line":273},"22":{"loc":{"start":{"line":273,"column":102},"end":{"line":273,"column":null}},"type":"cond-expr","locations":[{"start":{"line":273,"column":125},"end":{"line":273,"column":137}},{"start":{"line":273,"column":137},"end":{"line":273,"column":null}}],"line":273},"23":{"loc":{"start":{"line":303,"column":7},"end":{"line":319,"column":null}},"type":"binary-expr","locations":[{"start":{"line":303,"column":7},"end":{"line":303,"column":null}},{"start":{"line":304,"column":8},"end":{"line":319,"column":null}}],"line":303},"24":{"loc":{"start":{"line":324,"column":9},"end":{"line":478,"column":null}},"type":"cond-expr","locations":[{"start":{"line":325,"column":10},"end":{"line":367,"column":11}},{"start":{"line":367,"column":10},"end":{"line":478,"column":null}}],"line":324},"25":{"loc":{"start":{"line":327,"column":33},"end":{"line":327,"column":null}},"type":"cond-expr","locations":[{"start":{"line":327,"column":67},"end":{"line":327,"column":79}},{"start":{"line":327,"column":79},"end":{"line":327,"column":null}}],"line":327},"26":{"loc":{"start":{"line":327,"column":79},"end":{"line":327,"column":null}},"type":"cond-expr","locations":[{"start":{"line":327,"column":110},"end":{"line":327,"column":122}},{"start":{"line":327,"column":122},"end":{"line":327,"column":null}}],"line":327},"27":{"loc":{"start":{"line":330,"column":15},"end":{"line":335,"column":null}},"type":"cond-expr","locations":[{"start":{"line":331,"column":16},"end":{"line":332,"column":30}},{"start":{"line":332,"column":18},"end":{"line":335,"column":null}}],"line":330},"28":{"loc":{"start":{"line":332,"column":18},"end":{"line":335,"column":null}},"type":"cond-expr","locations":[{"start":{"line":333,"column":16},"end":{"line":335,"column":17}},{"start":{"line":335,"column":16},"end":{"line":335,"column":null}}],"line":332},"29":{"loc":{"start":{"line":338,"column":64},"end":{"line":338,"column":163}},"type":"cond-expr","locations":[{"start":{"line":338,"column":98},"end":{"line":338,"column":110}},{"start":{"line":338,"column":110},"end":{"line":338,"column":163}}],"line":338},"30":{"loc":{"start":{"line":338,"column":110},"end":{"line":338,"column":163}},"type":"cond-expr","locations":[{"start":{"line":338,"column":141},"end":{"line":338,"column":153}},{"start":{"line":338,"column":153},"end":{"line":338,"column":163}}],"line":338},"31":{"loc":{"start":{"line":339,"column":15},"end":{"line":339,"column":null}},"type":"cond-expr","locations":[{"start":{"line":339,"column":49},"end":{"line":339,"column":61}},{"start":{"line":339,"column":61},"end":{"line":339,"column":null}}],"line":339},"32":{"loc":{"start":{"line":339,"column":61},"end":{"line":339,"column":null}},"type":"cond-expr","locations":[{"start":{"line":339,"column":92},"end":{"line":339,"column":105}},{"start":{"line":339,"column":105},"end":{"line":339,"column":null}}],"line":339},"33":{"loc":{"start":{"line":370,"column":25},"end":{"line":370,"column":null}},"type":"cond-expr","locations":[{"start":{"line":370,"column":37},"end":{"line":370,"column":52}},{"start":{"line":370,"column":52},"end":{"line":370,"column":null}}],"line":370},"34":{"loc":{"start":{"line":392,"column":15},"end":{"line":401,"column":null}},"type":"binary-expr","locations":[{"start":{"line":392,"column":15},"end":{"line":392,"column":null}},{"start":{"line":393,"column":16},"end":{"line":401,"column":null}}],"line":392},"35":{"loc":{"start":{"line":403,"column":15},"end":{"line":416,"column":null}},"type":"binary-expr","locations":[{"start":{"line":403,"column":15},"end":{"line":403,"column":null}},{"start":{"line":404,"column":16},"end":{"line":416,"column":null}}],"line":403},"36":{"loc":{"start":{"line":406,"column":30},"end":{"line":406,"column":null}},"type":"cond-expr","locations":[{"start":{"line":406,"column":54},"end":{"line":406,"column":78}},{"start":{"line":406,"column":78},"end":{"line":406,"column":null}}],"line":406},"37":{"loc":{"start":{"line":406,"column":78},"end":{"line":406,"column":null}},"type":"cond-expr","locations":[{"start":{"line":406,"column":103},"end":{"line":406,"column":127}},{"start":{"line":406,"column":127},"end":{"line":406,"column":null}}],"line":406},"38":{"loc":{"start":{"line":409,"column":19},"end":{"line":414,"column":null}},"type":"cond-expr","locations":[{"start":{"line":410,"column":20},"end":{"line":411,"column":38}},{"start":{"line":411,"column":22},"end":{"line":414,"column":null}}],"line":409},"39":{"loc":{"start":{"line":411,"column":22},"end":{"line":414,"column":null}},"type":"cond-expr","locations":[{"start":{"line":412,"column":20},"end":{"line":414,"column":21}},{"start":{"line":414,"column":20},"end":{"line":414,"column":null}}],"line":411},"40":{"loc":{"start":{"line":426,"column":15},"end":{"line":437,"column":null}},"type":"binary-expr","locations":[{"start":{"line":426,"column":15},"end":{"line":426,"column":null}},{"start":{"line":427,"column":16},"end":{"line":437,"column":null}}],"line":426},"41":{"loc":{"start":{"line":428,"column":30},"end":{"line":428,"column":null}},"type":"cond-expr","locations":[{"start":{"line":428,"column":54},"end":{"line":428,"column":79}},{"start":{"line":428,"column":79},"end":{"line":428,"column":null}}],"line":428},"42":{"loc":{"start":{"line":428,"column":79},"end":{"line":428,"column":null}},"type":"cond-expr","locations":[{"start":{"line":428,"column":104},"end":{"line":428,"column":129}},{"start":{"line":428,"column":129},"end":{"line":428,"column":null}}],"line":428},"43":{"loc":{"start":{"line":429,"column":39},"end":{"line":429,"column":null}},"type":"cond-expr","locations":[{"start":{"line":429,"column":63},"end":{"line":429,"column":75}},{"start":{"line":429,"column":75},"end":{"line":429,"column":null}}],"line":429},"44":{"loc":{"start":{"line":429,"column":75},"end":{"line":429,"column":null}},"type":"cond-expr","locations":[{"start":{"line":429,"column":100},"end":{"line":429,"column":112}},{"start":{"line":429,"column":112},"end":{"line":429,"column":null}}],"line":429},"45":{"loc":{"start":{"line":431,"column":25},"end":{"line":431,"column":null}},"type":"cond-expr","locations":[{"start":{"line":431,"column":49},"end":{"line":431,"column":61}},{"start":{"line":431,"column":61},"end":{"line":431,"column":null}}],"line":431},"46":{"loc":{"start":{"line":431,"column":61},"end":{"line":431,"column":null}},"type":"cond-expr","locations":[{"start":{"line":431,"column":86},"end":{"line":431,"column":98}},{"start":{"line":431,"column":98},"end":{"line":431,"column":null}}],"line":431},"47":{"loc":{"start":{"line":466,"column":15},"end":{"line":475,"column":null}},"type":"binary-expr","locations":[{"start":{"line":466,"column":15},"end":{"line":466,"column":null}},{"start":{"line":467,"column":16},"end":{"line":475,"column":null}}],"line":466},"48":{"loc":{"start":{"line":483,"column":7},"end":{"line":548,"column":null}},"type":"binary-expr","locations":[{"start":{"line":483,"column":7},"end":{"line":483,"column":null}},{"start":{"line":484,"column":8},"end":{"line":548,"column":null}}],"line":483},"49":{"loc":{"start":{"line":493,"column":33},"end":{"line":493,"column":null}},"type":"binary-expr","locations":[{"start":{"line":493,"column":33},"end":{"line":493,"column":49}},{"start":{"line":493,"column":49},"end":{"line":493,"column":null}}],"line":493},"50":{"loc":{"start":{"line":496,"column":32},"end":{"line":496,"column":null}},"type":"cond-expr","locations":[{"start":{"line":496,"column":45},"end":{"line":496,"column":65}},{"start":{"line":496,"column":65},"end":{"line":496,"column":null}}],"line":496},"51":{"loc":{"start":{"line":497,"column":43},"end":{"line":497,"column":null}},"type":"cond-expr","locations":[{"start":{"line":497,"column":56},"end":{"line":497,"column":69}},{"start":{"line":497,"column":69},"end":{"line":497,"column":null}}],"line":497},"52":{"loc":{"start":{"line":500,"column":27},"end":{"line":500,"column":null}},"type":"cond-expr","locations":[{"start":{"line":500,"column":40},"end":{"line":500,"column":53}},{"start":{"line":500,"column":53},"end":{"line":500,"column":null}}],"line":500},"53":{"loc":{"start":{"line":501,"column":28},"end":{"line":501,"column":null}},"type":"cond-expr","locations":[{"start":{"line":501,"column":42},"end":{"line":501,"column":54}},{"start":{"line":501,"column":54},"end":{"line":501,"column":null}}],"line":501},"54":{"loc":{"start":{"line":505,"column":31},"end":{"line":505,"column":null}},"type":"cond-expr","locations":[{"start":{"line":505,"column":44},"end":{"line":505,"column":73}},{"start":{"line":505,"column":73},"end":{"line":505,"column":null}}],"line":505},"55":{"loc":{"start":{"line":515,"column":54},"end":{"line":515,"column":90}},"type":"cond-expr","locations":[{"start":{"line":515,"column":67},"end":{"line":515,"column":80}},{"start":{"line":515,"column":80},"end":{"line":515,"column":90}}],"line":515},"56":{"loc":{"start":{"line":533,"column":41},"end":{"line":533,"column":null}},"type":"cond-expr","locations":[{"start":{"line":533,"column":63},"end":{"line":533,"column":92}},{"start":{"line":533,"column":92},"end":{"line":533,"column":null}}],"line":533},"57":{"loc":{"start":{"line":534,"column":30},"end":{"line":534,"column":null}},"type":"cond-expr","locations":[{"start":{"line":534,"column":52},"end":{"line":534,"column":76}},{"start":{"line":534,"column":76},"end":{"line":534,"column":null}}],"line":534},"58":{"loc":{"start":{"line":542,"column":50},"end":{"line":542,"column":93}},"type":"cond-expr","locations":[{"start":{"line":542,"column":72},"end":{"line":542,"column":82}},{"start":{"line":542,"column":82},"end":{"line":542,"column":93}}],"line":542}},"s":{"0":1,"1":1,"2":1,"3":1,"4":1,"5":0,"6":0,"7":0,"8":0,"9":0,"10":0,"11":0,"12":0,"13":0,"14":0,"15":0,"16":0,"17":0,"18":0,"19":0,"20":0,"21":0,"22":0,"23":0,"24":0,"25":0,"26":0,"27":0,"28":0,"29":0,"30":0,"31":0,"32":0,"33":0,"34":0,"35":0,"36":0,"37":0,"38":0,"39":0,"40":0,"41":0,"42":0,"43":0,"44":0,"45":0,"46":0,"47":0,"48":0,"49":0,"50":0,"51":0,"52":0,"53":0,"54":0,"55":0,"56":0,"57":0,"58":0,"59":0,"60":0,"61":0,"62":0,"63":0,"64":0,"65":0,"66":0,"67":0,"68":0,"69":0,"70":0,"71":0,"72":0,"73":0,"74":0,"75":0,"76":0,"77":0,"78":0,"79":0,"80":0,"81":0,"82":0,"83":0,"84":0,"85":0,"86":0,"87":0,"88":0,"89":0,"90":0,"91":0,"92":0,"93":0,"94":0,"95":0},"f":{"0":0,"1":0,"2":0,"3":0,"4":0,"5":0,"6":0,"7":0,"8":0,"9":0,"10":0,"11":0,"12":0,"13":0,"14":0,"15":0,"16":0,"17":0,"18":0,"19":0,"20":0,"21":0,"22":0,"23":0,"24":0},"b":{"0":[0,0],"1":[0,0],"2":[0,0],"3":[0,0],"4":[0,0,0],"5":[0,0],"6":[0,0],"7":[0,0],"8":[0,0],"9":[0,0,0],"10":[0,0],"11":[0,0],"12":[0,0],"13":[0,0],"14":[0,0],"15":[0,0],"16":[0,0],"17":[0,0],"18":[0,0],"19":[0,0],"20":[0,0],"21":[0,0],"22":[0,0],"23":[0,0],"24":[0,0],"25":[0,0],"26":[0,0],"27":[0,0],"28":[0,0],"29":[0,0],"30":[0,0],"31":[0,0],"32":[0,0],"33":[0,0],"34":[0,0],"35":[0,0],"36":[0,0],"37":[0,0],"38":[0,0],"39":[0,0],"40":[0,0],"41":[0,0],"42":[0,0],"43":[0,0],"44":[0,0],"45":[0,0],"46":[0,0],"47":[0,0],"48":[0,0],"49":[0,0],"50":[0,0],"51":[0,0],"52":[0,0],"53":[0,0],"54":[0,0],"55":[0,0],"56":[0,0],"57":[0,0],"58":[0,0]},"meta":{"lastBranch":59,"lastFunction":25,"lastStatement":96,"seen":{"s:17:28:23:Infinity":0,"s:25:25:31:Infinity":1,"s:33:35:33:Infin
[...]
5,"column":null}},"line":203},"8":{"name":"(anonymous_8)","decl":{"start":{"line":220,"column":17},"end":{"line":220,"column":23}},"loc":{"start":{"line":220,"column":32},"end":{"line":220,"column":61}},"line":220},"9":{"name":"(anonymous_9)","decl":{"start":{"line":228,"column":16},"end":{"line":228,"column":22}},"loc":{"start":{"line":228,"column":31},"end":{"line":228,"column":66}},"line":228},"10":{"name":"getPlayerPreferredStats","decl":{"start":{"line":240,"column":9},"end":{"line":240,"column":33}},"loc":{"start":{"line":240,"column":88},"end":{"line":263,"column":null}},"line":240},"11":{"name":"getTotalStats","decl":{"start":{"line":265,"column":9},"end":{"line":265,"column":23}},"loc":{"start":{"line":265,"column":49},"end":{"line":267,"column":null}},"line":265}},"branchMap":{"0":{"loc":{"start":{"line":25,"column":2},"end":{"line":27,"column":null}},"type":"if","locations":[{"start":{"line":25,"column":2},"end":{"line":27,"column":null}},{"start":{},"end":{}}],"line":25},"1":{"loc":{"start":{"line":29,"column":2},"end":{"line":38,"column":null}},"type":"switch","locations":[{"start":{"line":30,"column":4},"end":{"line":31,"column":null}},{"start":{"line":32,"column":4},"end":{"line":33,"column":null}},{"start":{"line":34,"column":4},"end":{"line":35,"column":null}},{"start":{"line":36,"column":4},"end":{"line":37,"column":null}}],"line":29},"2":{"loc":{"start":{"line":51,"column":2},"end":{"line":53,"column":null}},"type":"if","locations":[{"start":{"line":51,"column":2},"end":{"line":53,"column":null}},{"start":{},"end":{}}],"line":51},"3":{"loc":{"start":{"line":55,"column":2},"end":{"line":64,"column":null}},"type":"switch","locations":[{"start":{"line":56,"column":4},"end":{"line":57,"column":null}},{"start":{"line":58,"column":4},"end":{"line":59,"column":null}},{"start":{"line":60,"column":4},"end":{"line":61,"column":null}},{"start":{"line":62,"column":4},"end":{"line":63,"column":null}}],"line":55},"4":{"loc":{"start":{"line":101,"column":6},"end":{"line":105,"column":null}},"type":"if","locations":[{"start":{"line":101,"column":6},"end":{"line":105,"column":null}},{"start":{},"end":{}}],"line":101},"5":{"loc":{"start":{"line":122,"column":4},"end":{"line":125,"column":null}},"type":"if","locations":[{"start":{"line":122,"column":4},"end":{"line":125,"column":null}},{"start":{},"end":{}}],"line":122},"6":{"loc":{"start":{"line":155,"column":24},"end":{"line":155,"column":null}},"type":"cond-expr","locations":[{"start":{"line":155,"column":48},"end":{"line":155,"column":61}},{"start":{"line":155,"column":61},"end":{"line":155,"column":null}}],"line":155},"7":{"loc":{"start":{"line":168,"column":8},"end":{"line":170,"column":null}},"type":"if","locations":[{"start":{"line":168,"column":8},"end":{"line":170,"column":null}},{"start":{"line":169,"column":13},"end":{"line":170,"column":null}}],"line":168},"8":{"loc":{"start":{"line":169,"column":13},"end":{"line":170,"column":null}},"type":"if","locations":[{"start":{"line":169,"column":13},"end":{"line":170,"column":null}},{"start":{"line":170,"column":13},"end":{"line":170,"column":null}}],"line":169},"9":{"loc":{"start":{"line":173,"column":20},"end":{"line":173,"column":null}},"type":"binary-expr","locations":[{"start":{"line":173,"column":20},"end":{"line":173,"column":44}},{"start":{"line":173,"column":44},"end":{"line":173,"column":null}}],"line":173},"10":{"loc":{"start":{"line":177,"column":22},"end":{"line":177,"column":null}},"type":"cond-expr","locations":[{"start":{"line":177,"column":57},"end":{"line":177,"column":64}},{"start":{"line":177,"column":64},"end":{"line":177,"column":null}}],"line":177},"11":{"loc":{"start":{"line":180,"column":6},"end":{"line":183,"column":null}},"type":"if","locations":[{"start":{"line":180,"column":6},"end":{"line":183,"column":null}},{"start":{},"end":{}}],"line":180},"12":{"loc":{"start":{"line":211,"column":4},"end":{"line":215,"column":null}},"type":"if","locations":[{"start":{"line":211,"column":4},"end":{"line":215,"column":null}},{"start":{"line":213,"column":11},"end":{"line":215,"column":null}}],"line":211},"13":{"loc":{"start":{"line":218,"column":2},"end":{"line":234,"column":null}},"type":"if","locations":[{"start":{"line":218,"column":2},"end":{"line":234,"column":null}},{"start":{"line":226,"column":9},"end":{"line":234,"column":null}}],"line":218},"14":{"loc":{"start":{"line":248,"column":2},"end":{"line":250,"column":null}},"type":"if","locations":[{"start":{"line":248,"column":2},"end":{"line":250,"column":null}},{"start":{},"end":{}}],"line":248}},"s":{"0":2,"1":5,"2":1,"3":4,"4":1,"5":1,"6":1,"7":1,"8":6,"9":1,"10":5,"11":1,"12":1,"13":2,"14":1,"15":1,"16":1,"17":1,"18":1,"19":1,"20":2,"21":2,"22":2,"23":2,"24":4,"25":16,"26":10,"27":10,"28":10,"29":2,"30":2,"31":2,"32":2,"33":4,"34":2,"35":2,"36":2,"37":1,"38":1,"39":1,"40":1,"41":1,"42":2,"43":8,"44":8,"45":8,"46":8,"47":8,"48":16,"49":16,"50":7,"51":9,"52":0,"53":9,"54":8,"55":8,"56":8,"57":8,"58":8,"59":2,"60":2,"61":1,"62":2,"63":2,"64":2,"65":2,"66":4,"67":1,"68":3,"69":2,"70":1,"71":0,"72":1,"73":1,"74":1,"75":1,"76":1,"77":1,"78":1,"79":1,"80":0,"81":1,"82":2,"83":1,"84":1,"85":2},"f":{"0":5,"1":6,"2":1,"3":1,"4":2,"5":2,"6":1,"7":2,"8":0,"9":1,"10":1,"11":2},"b":{"0":[1,4],"1":[1,1,1,1],"2":[1,5],"3":[1,1,2,1],"4":[10,6],"5":[2,2],"6":[1,0],"7":[7,9],"8":[0,9],"9":[8,0],"10":[2,6],"11":[2,6],"12":[1,3],"13":[1,1],"14":[0,1]},"meta":{"lastBranch":15,"lastFunction":12,"lastStatement":86,"seen":{"s:3:40:3:Infinity":0,"f:19:16:19:Infinity":0,"b:25:2:27:Infinity:undefined:undefined:undefined:undefined":0,"s:25:2:27:Infinity":1,"s:26:4:26:Infinity":2,"b:30:4:31:Infinity:32:4:33:Infinity:34:4:35:Infinity:36:4:37:Infinity":1,"s:29:2:38:Infinity":3,"s:31:6:31:Infinity":4,"s:33:6:33:Infinity":5,"s:35:6:35:Infinity":6,"s:37:6:37:Infinity":7,"f:44:16:44:Infinity":1,"b:51:2:53:Infinity:undefined:undefined:undefined:undefined":2,"s:51:2:53:Infinity":8,"s:52:4:52:Infinity":9,"b:56:4:57:Infinity:58:4:59:Infinity:60:4:61:Infinity:62:4:63:Infinity":3,"s:55:2:64:Infinity":10,"s:57:6:57:Infinity":11,"s:59:6:59:Infinity":12,"s:61:6:61:Infinity":13,"s:63:6:63:Infinity":14,"f:71:9:71:26":2,"s:72:21:72:Infinity":15,"s:73:21:73:Infinity":16,"s:74:2:78:Infinity":17,"f:81:9:81:31":3,"s:82:21:82:Infinity":18,"s:83:2:86:Infinity":19,"f:93:9:93:28":4,"s:95:17:95:Infinity":20,"s:96:32:96:Infinity":21,"s:97:19:97:Infinity":22,"s:99:2:107:Infinity":23,"s:100:4:106:Infinity":24,"b:101:6:105:Infinity:undefined:undefined:undefined:undefined":4,"s:101:6:105:Infinity":25,"s:102:8:102:Infinity":26,"s:103:8:103:Infinity":27,"s:104:8:104:Infinity":28,"s:109:2:113:Infinity":29,"f:116:9:116:33":5,"s:118:17:118:Infinity":30,"s:119:19:119:Infinity":31,"s:121:2:126:Infinity":32,"b:122:4:125:Infinity:undefined:undefined:undefined:undefined":5,"s:122:4:125:Infinity":33,"s:123:6:123:Infinity":34,"s:124:6:124:Infinity":35,"s:128:2:131:Infinity":36,"f:141:9:141:Infinity":6,"s:147:31:147:Infinity":37,"s:149:60:152:Infinity":38,"s:153:25:153:Infinity":39,"s:155:24:155:Infinity":40,"b:155:48:155:61:155:61:155:Infinity":6,"s:157:2:185:Infinity":41,"s:158:4:184:Infinity":42,"s:159:25:159:Infinity":43,"s:162:17:162:Infinity":44,"s:163:17:163:Infinity":45,"s:164:19:164:Infinity":46,"s:166:6:171:Infinity":47,"s:167:25:167:Infinity":48,"b:168:8:170:Infinity:169:13:170:Infinity":7,"s:168:8:170:Infinity":49,"s:168:35:168:Infinity":50,"b:169:13:170:Infinity:170:13:170:Infinity":8,"s:169:13:170:Infinity":51,"s:169:42:169:Infinity":52,"s:170:13:170:Infinity":53,"s:173:20:173:Infinity":54,"b:173:20:173:44:173:44:173:Infinity":9,"s:174:12:174:Infinity":55,"s:177:22:177:Infinity":56,"b:177:57:177:64:177:64:177:Infinity":10,"s:178:28:178:Infinity":57,"b:180:6:183:Infinity:undefined:undefined:undefined:undefined":11,"s:180:6:183:Infinity":58,"s:181:8:181:Infinity":59,"s:182:8:182:Infinity":60,"s:187:2:191:Infinity":61,"f:198:9:198:Infinity":7,"s:204:20:204:Infinity":62,"s:207:37:207:Infinity":63,"s:208:36:208:Infinity":64,"s:210:2:216:Infinity":65,"b:211:4:215:Infinity:213:11:215:Infinity":12,"s:211:4:215:Infinity":66,"s:212:6:212:Infinity":67,"s:214:6:214:Infinity":68,"b:218:2:234:Infinity:226:9:234:Infinity":13,"s:218:2:234:Infinity":69,"s:220:4:220:Infinity":70,"f:220:17:220:23":8,"s:220:32:220:61":71,"s:221:27:221:Infinity":72,"s:222:4:225:Infinity":73,"s:228:4:228:Infinity":74,"f:228:16:228:22":9,"s:228:31:228:66":75,"s:229:26:229:Infinity":76,"s:230:4:233:Infinity":77,"f:240:9:240:33":10,"s:241:48:246:Infinity":78,"b:248:2:250:Infinity:undefined:undefined:undefined:undefined":14,"s:248:2:250:Infinity":79,"s:249:4:249:Infinity":80,"s:252:2:254:Infinity":81,"s:253:4:253:Infinity":82,"s:256:16:256:Infinity":83,"s:257:2:262:Infinity":84,"f:265:9:265:23":11,"s:266:2:266:Infinity":85},"fnNames":{}}}
,"C:\\Users\\orati\\Documents\\Wits-Quest\\frontend\\src\\utils\\battleEngine.ts": {"path":"C:\\Users\\orati\\Documents\\Wits-Quest\\frontend\\src\\utils\\battleEngine.ts","statementMap":{"0":{"start":{"line":66,"column":2},"end":{"line":79,"column":null}},"1":{"start":{"line":91,"column":2},"end":{"line":91,"column":null}},"2":{"start":{"line":91,"column":24},"end":{"line":91,"column":null}},"3":{"start":{"line":93,"column":26},"end":{"line":93,"column":null}},"4":{"start":{"line":94,"column":23},"end":{"line":94,"column":null}},"5":{"start":{"line":96,"column":30},"end":{"line":96,"column":null}},"6":{"start":{"line":97,"column":2},"end":{"line":101,"column":null}},"7":{"start":{"line":98,"column":4},"end":{"line":98,"column":null}},"8":{"start":{"line":99,"column":9},"end":{"line":101,"column":null}},"9":{"start":{"line":100,"column":4},"end":{"line":100,"column":null}},"10":{"start":{"line":103,"column":30},"end":{"line":111,"column":null}},"11":{"start":{"line":113,"column":20},"end":{"line":113,"column":null}},"12":{"start":{"line":114,"column":21},"end":{"line":114,"column":null}},"13":{"start":{"line":114,"column":45},"end":{"line":114,"column":64}},"14":{"start":{"line":115,"column":18},"end":{"line":115,"column":null}},"15":{"start":{"line":115,"column":42},"end":{"line":115,"column":62}},"16":{"start":{"line":117,"column":21},"end":{"line":117,"column":null}},"17":{"start":{"line":118,"column":29},"end":{"line":118,"column":null}},"18":{"start":{"line":119,"column":30},"end":{"line":119,"column":null}},"19":{"start":{"line":120,"column":21},"end":{"line":120,"column":null}},"20":{"start":{"line":122,"column":49},"end":{"line":122,"column":null}},"21":{"start":{"line":123,"column":2},"end":{"line":127,"column":null}},"22":{"start":{"line":124,"column":4},"end":{"line":126,"column":null}},"23":{"start":{"line":124,"column":30},"end":{"line":124,"column":null}},"24":{"start":{"line":125,"column":9},"end":{"line":126,"column":null}},"25":{"start":{"line":125,"column":35},"end":{"line":125,"column":null}},"26":{"start":{"line":126,"column":9},"end":{"line":126,"column":null}},"27":{"start":{"line":129,"column":2},"end":{"line":137,"column":null}},"28":{"start":{"line":144,"column":2},"end":{"line":146,"column":null}},"29":{"start":{"line":145,"column":4},"end":{"line":145,"column":null}},"30":{"start":{"line":148,"column":31},"end":{"line":148,"column":null}},"31":{"start":{"line":150,"column":2},"end":{"line":170,"column":null}},"32":{"start":{"line":151,"column":19},"end":{"line":151,"column":null}},"33":{"start":{"line":152,"column":24},"end":{"line":152,"column":null}},"34":{"start":{"line":153,"column":15},"end":{"line":153,"column":null}},"35":{"start":{"line":154,"column":20},"end":{"line":154,"column":null}},"36":{"start":{"line":155,"column":22},"end":{"line":155,"column":null}},"37":{"start":{"line":157,"column":4},"end":{"line":162,"column":null}},"38":{"start":{"line":163,"column":9},"end":{"line":170,"column":null}},"39":{"start":{"line":164,"column":4},"end":{"line":169,"column":null}},"40":{"start":{"line":172,"column":2},"end":{"line":177,"column":null}}},"fnMap":{"0":{"name":"createBattleState","decl":{"start":{"line":60,"column":16},"end":{"line":60,"column":null}},"loc":{"start":{"line":65,"column":15},"end":{"line":80,"column":null}},"line":65},"1":{"name":"resolveRound","decl":{"start":{"line":85,"column":16},"end":{"line":85,"column":null}},"loc":{"start":{"line":90,"column":15},"end":{"line":138,"column":null}},"line":90},"2":{"name":"(anonymous_2)","decl":{"start":{"line":114,"column":31},"end":{"line":114,"column":39}},"loc":{"start":{"line":114,"column":45},"end":{"line":114,"column":64}},"line":114},"3":{"name":"(anonymous_3)","decl":{"start":{"line":115,"column":28},"end":{"line":115,"column":36}},"loc":{"start":{"line":115,"column":42},"end":{"line":115,"column":62}},"line":115},"4":{"name":"calculateRewards","decl":{"start":{"line":143,"column":16},"end":{"line":143,"column":33}},"loc":{"start":{"line":143,"column":67},"end":{"line":178,"column":null}},"line":143}},"branchMap":{"0":{"loc":{"start":{"line":63,"column":2},"end":{"line":63,"column":null}},"type":"default-arg","locations":[{"start":{"line":63,"column":29},"end":{"line":63,"column":null}}],"line":63},"1":{"loc":{"start":{"line":64,"column":2},"end":{"line":64,"column":null}},"type":"default-arg","locations":[{"start":{"line":64,"column":14},"end":{"line":64,"column":null}}],"line":64},"2":{"loc":{"start":{"line":91,"column":2},"end":{"line":91,"column":null}},"type":"if","locations":[{"start":{"line":91,"column":2},"end":{"line":91,"column":null}},{"start":{},"end":{}}],"line":91},"3":{"loc":{"start":{"line":97,"column":2},"end":{"line":101,"column":null}},"type":"if","locations":[{"start":{"line":97,"column":2},"end":{"line":101,"column":null}},{"start":{"line":99,"column":9},"end":{"line":101,"column":null}}],"line":97},"4":{"loc":{"start":{"line":99,"column":9},"end":{"line":101,"column":null}},"type":"if","locations":[{"start":{"line":99,"column":9},"end":{"line":101,"column":null}},{"start":{},"end":{}}],"line":99},"5":{"loc":{"start":{"line":119,"column":30},"end":{"line":119,"column":null}},"type":"binary-expr","locations":[{"start":{"line":119,"column":30},"end":{"line":119,"column":58}},{"start":{"line":119,"column":58},"end":{"line":119,"column":null}}],"line":119},"6":{"loc":{"start":{"line":120,"column":21},"end":{"line":120,"column":null}},"type":"binary-expr","locations":[{"start":{"line":120,"column":21},"end":{"line":120,"column":43}},{"start":{"line":120,"column":43},"end":{"line":120,"column":null}}],"line":120},"7":{"loc":{"start":{"line":123,"column":2},"end":{"line":127,"column":null}},"type":"if","locations":[{"start":{"line":123,"column":2},"end":{"line":127,"column":null}},{"start":{},"end":{}}],"line":123},"8":{"loc":{"start":{"line":124,"column":4},"end":{"line":126,"column":null}},"type":"if","locations":[{"start":{"line":124,"column":4},"end":{"line":126,"column":null}},{"start":{"line":125,"column":9},"end":{"line":126,"column":null}}],"line":124},"9":{"loc":{"start":{"line":125,"column":9},"end":{"line":126,"column":null}},"type":"if","locations":[{"start":{"line":125,"column":9},"end":{"line":126,"column":null}},{"start":{"line":126,"column":9},"end":{"line":126,"column":null}}],"line":125},"10":{"loc":{"start":{"line":132,"column":18},"end":{"line":132,"column":null}},"type":"cond-expr","locations":[{"start":{"line":132,"column":31},"end":{"line":132,"column":52}},{"start":{"line":132,"column":52},"end":{"line":132,"column":null}}],"line":132},"11":{"loc":{"start":{"line":144,"column":2},"end":{"line":146,"column":null}},"type":"if","locations":[{"start":{"line":144,"column":2},"end":{"line":146,"column":null}},{"start":{},"end":{}}],"line":144},"12":{"loc":{"start":{"line":144,"column":6},"end":{"line":144,"column":42}},"type":"binary-expr","locations":[{"start":{"line":144,"column":6},"end":{"line":144,"column":27}},{"start":{"line":144,"column":27},"end":{"line":144,"column":42}}],"line":144},"13":{"loc":{"start":{"line":148,"column":31},"end":{"line":148,"column":null}},"type":"cond-expr","locations":[{"start":{"line":148,"column":61},"end":{"line":148,"column":67}},{"start":{"line":148,"column":67},"end":{"line":148,"column":null}}],"line":148},"14":{"loc":{"start":{"line":148,"column":67},"end":{"line":148,"column":null}},"type":"cond-expr","locations":[{"start":{"line":148,"column":99},"end":{"line":148,"column":105}},{"start":{"line":148,"column":105},"end":{"line":148,"column":null}}],"line":148},"15":{"loc":{"start":{"line":150,"column":2},"end":{"line":170,"column":null}},"type":"if","locations":[{"start":{"line":150,"column":2},"end":{"line":170,"column":null}},{"start":{"line":163,"column":9},"end":{"line":170,"column":null}}],"line":150},"16":{"loc":{"start":{"line":155,"column":22},"end":{"line":155,"column":null}},"type":"cond-expr","locations":[{"start":{"line":155,"column":52},"end":{"line":155,"column":57}},{"start":{"line":155,"column":57},"end":{"line":155,"column":null}}],"line":155},"17":{"loc":{"start":{"line":155,"column":57},"end":{"line":155,"column":null}},"type":"cond-expr","locations":[{"start":{"line":155,"column":89},"end":{"line":155,"column":94}},{"start":{"line":155,"column":94},"end":{"line":155,"column":null}}],"line":155},"18":{"loc":{"start":{"line":163,"column":9},"end":{"line":170,"column":null}},"type":"if","locations":[{"start":{"line":163,"column":9},"end":{"line":170,"column":null}},{"start":{},"end":{}}],"line":163}},"s":{"0":15,"1":15,"2":1,"3":14,"4":14,"5":14,"6":14,"7":7,"8":7,"9":3,"10":14,"11":14,"12":14,"13":16,"14":14,"15":16,"16":14,"17":14,"18":14,"19":15,"20":15,"21":15,"22":9,"23":5,"24":4,"25":2,"26":2,"27":14,"28":6,"29":1,"30":5,"31":6,"32":3,"33":3,"34":3,"35":3,"36":3,"37":3,"38":2,"39":1,"40":1},"f":{"0":15,"1":15,"2":16,"3":16,"4":6},"b":{"0":[15],"1":[15],"2":[1,14],"3":[7,7],"4":[3,4],"5":[14,9],"6":[15,6],"7":[9,6],"8":[5,4],"9":[2,2],"10":[9,5],"11":[1,5],"12":[6,5],"13":[1,4],"14":[1,3],"15":[3,2],"16":[1,2],"17":[1,1],"18":[1,1]},"meta":{"lastBranch":19,"lastFunction":5,"lastStatement":41,"seen":{"f:60:16:60:Infinity":0,"b:63:29:63:Infinity":0,"b:64:14:64:Infinity":1,"s:66:2:79:Infinity":0,"f:85:16:85:Infinity":1,"b:91:2:91:Infinity:undefined:undefined:undefined:undefined":2,"s:91:2:91:Infinity":1,"s:91:24:91:Infinity":2,"s:93:26:93:Infinity":3,"s:94:23:94:Infinity":4,"s:96:30:96:Infinity":5,"b:97:2:101:Infinity:99:9:101:Infinity":3,"s:97:2:101:Infinity":6,"s:98:4:98:Infinity":7,"b:99:9:101:Infinity:undefined:undefined:undefined:undefined":4,"s:99:9:101:Infinity":8,"s:100:4:100:Infinity":9,"s:103:30:111:Infinity":10,"s:113:20:113:Infinity":11,"s:114:21:114:Infinity":12,"f:114:31:114:39":2,"s:114:45:114:64":13,"s:115:18:115:Infinity":14,"f:115:28:115:36":3,"s:115:42:115:62":15,"s:117:21:117:Infinity":16,"s:118:29:118:Infinity":17,"s:119:30:119:Infinity":18,"b:119:30:119:58:119:58:119:Infinity":5,"s:120:21:120:Infinity":19,"b:120:21:120:43:120:43:120:Infinity":6,"s:122:49:122:Infinity":20,"b:123:2:127:Infinity:undefined:undefined:undefined:undefined":7,"s:123:2:127:Infinity":21,"b:124:4:126:Infinity:125:9:126:Infinity":8,"s:124:4:126:Infinity":22,"s:124:30:124:Infinity":23,"b:125:9:126:Infinity:126:9:126:Infinity":9,"s:125:9:126:Infinity":24,"s:125:35:125:Infinity":25,"s:126:9:126:Infinity":26,"s:129:2:137:Infinity":27,"b:132:31:132:52:132:52:132:Infinity":10,"f:143:16:143:33":4,"b:144:2:146:Infinity:undefined:undefined:undefined:undefined":11,"s:144:2:146:Infinity":28,"b:144:6:144:27:144:27:144:42":12,"s:145:4:145:Infinity":29,"s:148:31:148:Infinity":30,"b:148:61:148:67:148:67:148:Infinity":13,"b:148:99:148:105:148:105:148:Infinity":14,"b:150:2:170:Infinity:163:9:170:Infinity":15,"s:150:2:170:Infinity":31,"s:151:19:151:Infinity":32,"s:152:24:152:Infinity":33,"s:153:15:153:Infinity":34,"s:154:20:154:Infinity":35,"s:155:22:155:Infinity":36,"b:155:52:155:57:155:57:155:Infinity":16,"b:155:89:155:94:155:94:155:Infinity":17,"s:157:4:162:Infinity":37,"b:163:9:170:Infinity:undefined:undefined:undefined:undefined":18,"s:163:9:170:Infinity":38,"s:164:4:169:Infinity":39,"s:172:2:177:Infinity":40},"fnNames":{}}}
}
