{"C:\\Users\\mahla\\critical_projects\\wits_quest\\backend\\src\\server.ts": {"path":"C:\\Users\\mahla\\critical_projects\\wits_quest\\backend\\src\\server.ts","statementMap":{"0":{"start":{"line":7,"column":0},"end":{"line":7,"column":null}},"1":{"start":{"line":9,"column":12},"end":{"line":9,"column":20}},"2":{"start":{"line":10,"column":19},"end":{"line":10,"column":null}},"3":{"start":{"line":11,"column":11},"end":{"line":16,"column":null}},"4":{"start":{"line":18,"column":13},"end":{"line":18,"column":null}},"5":{"start":{"line":20,"column":0},"end":{"line":20,"column":null}},"6":{"start":{"line":21,"column":0},"end":{"line":21,"column":null}},"7":{"start":{"line":24,"column":0},"end":{"line":30,"column":null}},"8":{"start":{"line":25,"column":2},"end":{"line":29,"column":null}},"9":{"start":{"line":33,"column":0},"end":{"line":44,"column":null}},"10":{"start":{"line":34,"column":2},"end":{"line":34,"column":null}},"11":{"start":{"line":36,"column":2},"end":{"line":39,"column":null}},"12":{"start":{"line":37,"column":4},"end":{"line":37,"column":null}},"13":{"start":{"line":38,"column":4},"end":{"line":38,"column":null}},"14":{"start":{"line":41,"column":2},"end":{"line":43,"column":null}},"15":{"start":{"line":42,"column":4},"end":{"line":42,"column":null}},"16":{"start":{"line":46,"column":0},"end":{"line":48,"column":null}},"17":{"start":{"line":47,"column":2},"end":{"line":47,"column":null}}},"fnMap":{"0":{"name":"(anonymous_0)","decl":{"start":{"line":24,"column":8},"end":{"line":24,"column":24}},"loc":{"start":{"line":24,"column":37},"end":{"line":30,"column":1}},"line":24},"1":{"name":"(anonymous_1)","decl":{"start":{"line":33,"column":6},"end":{"line":33,"column":21}},"loc":{"start":{"line":33,"column":32},"end":{"line":44,"column":1}},"line":33},"2":{"name":"(anonymous_2)","decl":{"start":{"line":36,"column":12},"end":{"line":36,"column":28}},"loc":{"start":{"line":36,"column":37},"end":{"line":39,"column":3}},"line":36},"3":{"name":"(anonymous_3)","decl":{"start":{"line":41,"column":12},"end":{"line":41,"column":32}},"loc":{"start":{"line":41,"column":32},"end":{"line":43,"column":3}},"line":41},"4":{"name":"(anonymous_4)","decl":{"start":{"line":46,"column":18},"end":{"line":46,"column":30}},"loc":{"start":{"line":46,"column":30},"end":{"line":48,"column":1}},"line":46}},"branchMap":{"0":{"loc":{"start":{"line":18,"column":13},"end":{"line":18,"column":null}},"type":"binary-expr","locations":[{"start":{"line":18,"column":13},"end":{"line":18,"column":33}},{"start":{"line":18,"column":33},"end":{"line":18,"column":null}}],"line":18}},"s":{"0":1,"1":1,"2":1,"3":1,"4":1,"5":1,"6":1,"7":1,"8":1,"9":1,"10":1,"11":1,"12":1,"13":1,"14":1,"15":0,"16":1,"17":1},"f":{"0":1,"1":1,"2":1,"3":0,"4":1},"b":{"0":[1,1]},"meta":{"lastBranch":1,"lastFunction":5,"lastStatement":18,"seen":{"s:7:0:7:Infinity":0,"s:9:12:9:20":1,"s:10:19:10:Infinity":2,"s:11:11:16:Infinity":3,"s:18:13:18:Infinity":4,"b:18:13:18:33:18:33:18:Infinity":0,"s:20:0:20:Infinity":5,"s:21:0:21:Infinity":6,"s:24:0:30:Infinity":7,"f:24:8:24:24":0,"s:25:2:29:Infinity":8,"s:33:0:44:Infinity":9,"f:33:6:33:21":1,"s:34:2:34:Infinity":10,"s:36:2:39:Infinity":11,"f:36:12:36:28":2,"s:37:4:37:Infinity":12,"s:38:4:38:Infinity":13,"s:41:2:43:Infinity":14,"f:41:12:41:32":3,"s:42:4:42:Infinity":15,"s:46:0:48:Infinity":16,"f:46:18:46:30":4,"s:47:2:47:Infinity":17},"fnNames":{}}}
}
